[2021-10-13 20:15:49,376] INFO [ControllerEventThread controllerId=0] Starting (kafka.controller.ControllerEventManager$ControllerEventThread)
[2021-10-13 20:15:49,389] INFO [Controller id=0] 0 successfully elected as the controller. Epoch incremented to 1 and epoch zk version is now 1 (kafka.controller.KafkaController)
[2021-10-13 20:15:49,389] INFO [Controller id=0] Registering handlers (kafka.controller.KafkaController)
[2021-10-13 20:15:49,391] INFO [Controller id=0] Deleting log dir event notifications (kafka.controller.KafkaController)
[2021-10-13 20:15:49,394] INFO [Controller id=0] Deleting isr change notifications (kafka.controller.KafkaController)
[2021-10-13 20:15:49,395] INFO [Controller id=0] Initializing controller context (kafka.controller.KafkaController)
[2021-10-13 20:15:49,409] INFO [Controller id=0] Initialized broker epochs cache: Map(0 -> 24) (kafka.controller.KafkaController)
[2021-10-13 20:15:49,411] DEBUG [Controller id=0] Register BrokerModifications handler for Set(0) (kafka.controller.KafkaController)
[2021-10-13 20:15:49,414] DEBUG [Channel manager on controller 0]: Controller 0 trying to connect to broker 0 (kafka.controller.ControllerChannelManager)
[2021-10-13 20:15:49,417] INFO [RequestSendThread controllerId=0] Starting (kafka.controller.RequestSendThread)
[2021-10-13 20:15:49,417] INFO [Controller id=0] Currently active brokers in the cluster: Set(0) (kafka.controller.KafkaController)
[2021-10-13 20:15:49,418] INFO [Controller id=0] Currently shutting brokers in the cluster: HashSet() (kafka.controller.KafkaController)
[2021-10-13 20:15:49,418] INFO [Controller id=0] Current list of topics in the cluster: Set() (kafka.controller.KafkaController)
[2021-10-13 20:15:49,418] INFO [Controller id=0] Fetching topic deletions in progress (kafka.controller.KafkaController)
[2021-10-13 20:15:49,420] INFO [Controller id=0] List of topics to be deleted:  (kafka.controller.KafkaController)
[2021-10-13 20:15:49,420] INFO [Controller id=0] List of topics ineligible for deletion:  (kafka.controller.KafkaController)
[2021-10-13 20:15:49,420] INFO [Controller id=0] Initializing topic deletion manager (kafka.controller.KafkaController)
[2021-10-13 20:15:49,420] INFO [Topic Deletion Manager 0] Initializing manager with initial deletions: Set(), initial ineligible deletions: Set() (kafka.controller.TopicDeletionManager)
[2021-10-13 20:15:49,421] INFO [Controller id=0] Sending update metadata request (kafka.controller.KafkaController)
[2021-10-13 20:15:49,427] INFO [ReplicaStateMachine controllerId=0] Initializing replica state (kafka.controller.ZkReplicaStateMachine)
[2021-10-13 20:15:49,427] INFO [ReplicaStateMachine controllerId=0] Triggering online replica state changes (kafka.controller.ZkReplicaStateMachine)
[2021-10-13 20:15:49,429] INFO [ReplicaStateMachine controllerId=0] Triggering offline replica state changes (kafka.controller.ZkReplicaStateMachine)
[2021-10-13 20:15:49,429] DEBUG [ReplicaStateMachine controllerId=0] Started replica state machine with initial state -> HashMap() (kafka.controller.ZkReplicaStateMachine)
[2021-10-13 20:15:49,430] INFO [PartitionStateMachine controllerId=0] Initializing partition state (kafka.controller.ZkPartitionStateMachine)
[2021-10-13 20:15:49,430] INFO [PartitionStateMachine controllerId=0] Triggering online partition state changes (kafka.controller.ZkPartitionStateMachine)
[2021-10-13 20:15:49,431] INFO [RequestSendThread controllerId=0] Controller 0 connected to localhost:9092 (id: 0 rack: null) for sending state change requests (kafka.controller.RequestSendThread)
[2021-10-13 20:15:49,432] DEBUG [PartitionStateMachine controllerId=0] Started partition state machine with initial state -> HashMap() (kafka.controller.ZkPartitionStateMachine)
[2021-10-13 20:15:49,432] INFO [Controller id=0] Ready to serve as the new controller with epoch 1 (kafka.controller.KafkaController)
[2021-10-13 20:15:49,435] INFO [Controller id=0] Partitions undergoing preferred replica election:  (kafka.controller.KafkaController)
[2021-10-13 20:15:49,435] INFO [Controller id=0] Partitions that completed preferred replica election:  (kafka.controller.KafkaController)
[2021-10-13 20:15:49,436] INFO [Controller id=0] Skipping preferred replica election for partitions due to topic deletion:  (kafka.controller.KafkaController)
[2021-10-13 20:15:49,436] INFO [Controller id=0] Resuming preferred replica election for partitions:  (kafka.controller.KafkaController)
[2021-10-13 20:15:49,436] INFO [Controller id=0] Starting replica leader election (PREFERRED) for partitions  triggered by ZkTriggered (kafka.controller.KafkaController)
[2021-10-13 20:15:49,443] INFO [Controller id=0] Starting the controller scheduler (kafka.controller.KafkaController)
[2021-10-13 20:15:54,449] INFO [Controller id=0] Processing automatic preferred replica leader election (kafka.controller.KafkaController)
[2021-10-13 20:15:54,450] TRACE [Controller id=0] Checking need to trigger auto leader balancing (kafka.controller.KafkaController)
[2021-10-13 20:20:54,463] INFO [Controller id=0] Processing automatic preferred replica leader election (kafka.controller.KafkaController)
[2021-10-13 20:20:54,463] TRACE [Controller id=0] Checking need to trigger auto leader balancing (kafka.controller.KafkaController)
[2021-10-13 20:21:32,214] INFO [Controller id=0] Shutting down broker 0 (kafka.controller.KafkaController)
[2021-10-13 20:21:32,214] DEBUG [Controller id=0] All shutting down brokers: 0 (kafka.controller.KafkaController)
[2021-10-13 20:21:32,214] DEBUG [Controller id=0] Live brokers:  (kafka.controller.KafkaController)
[2021-10-13 20:21:32,216] TRACE [Controller id=0] All leaders =  (kafka.controller.KafkaController)
[2021-10-13 20:21:33,115] INFO [ControllerEventThread controllerId=0] Shutting down (kafka.controller.ControllerEventManager$ControllerEventThread)
[2021-10-13 20:21:33,115] INFO [ControllerEventThread controllerId=0] Stopped (kafka.controller.ControllerEventManager$ControllerEventThread)
[2021-10-13 20:21:33,115] INFO [ControllerEventThread controllerId=0] Shutdown completed (kafka.controller.ControllerEventManager$ControllerEventThread)
[2021-10-13 20:21:33,116] DEBUG [Controller id=0] Resigning (kafka.controller.KafkaController)
[2021-10-13 20:21:33,116] DEBUG [Controller id=0] Unregister BrokerModifications handler for Set(0) (kafka.controller.KafkaController)
[2021-10-13 20:21:33,117] INFO [PartitionStateMachine controllerId=0] Stopped partition state machine (kafka.controller.ZkPartitionStateMachine)
[2021-10-13 20:21:33,118] INFO [ReplicaStateMachine controllerId=0] Stopped replica state machine (kafka.controller.ZkReplicaStateMachine)
[2021-10-13 20:21:33,118] INFO [RequestSendThread controllerId=0] Shutting down (kafka.controller.RequestSendThread)
[2021-10-13 20:21:33,118] INFO [RequestSendThread controllerId=0] Stopped (kafka.controller.RequestSendThread)
[2021-10-13 20:21:33,118] INFO [RequestSendThread controllerId=0] Shutdown completed (kafka.controller.RequestSendThread)
[2021-10-13 20:21:33,119] INFO [Controller id=0] Resigned (kafka.controller.KafkaController)
[2021-10-13 20:31:55,541] INFO [ControllerEventThread controllerId=0] Starting (kafka.controller.ControllerEventManager$ControllerEventThread)
[2021-10-13 20:31:55,573] INFO [Controller id=0] 0 successfully elected as the controller. Epoch incremented to 2 and epoch zk version is now 2 (kafka.controller.KafkaController)
[2021-10-13 20:31:55,573] INFO [Controller id=0] Registering handlers (kafka.controller.KafkaController)
[2021-10-13 20:31:55,576] INFO [Controller id=0] Deleting log dir event notifications (kafka.controller.KafkaController)
[2021-10-13 20:31:55,579] INFO [Controller id=0] Deleting isr change notifications (kafka.controller.KafkaController)
[2021-10-13 20:31:55,581] INFO [Controller id=0] Initializing controller context (kafka.controller.KafkaController)
[2021-10-13 20:31:55,587] INFO [Controller id=0] Initialized broker epochs cache: Map(0 -> 44) (kafka.controller.KafkaController)
[2021-10-13 20:31:55,610] DEBUG [Controller id=0] Register BrokerModifications handler for Set(0) (kafka.controller.KafkaController)
[2021-10-13 20:31:55,614] DEBUG [Channel manager on controller 0]: Controller 0 trying to connect to broker 0 (kafka.controller.ControllerChannelManager)
[2021-10-13 20:31:55,621] INFO [RequestSendThread controllerId=0] Starting (kafka.controller.RequestSendThread)
[2021-10-13 20:31:55,622] INFO [Controller id=0] Currently active brokers in the cluster: Set(0) (kafka.controller.KafkaController)
[2021-10-13 20:31:55,622] INFO [Controller id=0] Currently shutting brokers in the cluster: HashSet() (kafka.controller.KafkaController)
[2021-10-13 20:31:55,622] INFO [Controller id=0] Current list of topics in the cluster: Set() (kafka.controller.KafkaController)
[2021-10-13 20:31:55,622] INFO [Controller id=0] Fetching topic deletions in progress (kafka.controller.KafkaController)
[2021-10-13 20:31:55,624] INFO [Controller id=0] List of topics to be deleted:  (kafka.controller.KafkaController)
[2021-10-13 20:31:55,625] INFO [Controller id=0] List of topics ineligible for deletion:  (kafka.controller.KafkaController)
[2021-10-13 20:31:55,625] INFO [Controller id=0] Initializing topic deletion manager (kafka.controller.KafkaController)
[2021-10-13 20:31:55,625] INFO [Topic Deletion Manager 0] Initializing manager with initial deletions: Set(), initial ineligible deletions: Set() (kafka.controller.TopicDeletionManager)
[2021-10-13 20:31:55,625] INFO [Controller id=0] Sending update metadata request (kafka.controller.KafkaController)
[2021-10-13 20:31:55,632] INFO [ReplicaStateMachine controllerId=0] Initializing replica state (kafka.controller.ZkReplicaStateMachine)
[2021-10-13 20:31:55,632] INFO [ReplicaStateMachine controllerId=0] Triggering online replica state changes (kafka.controller.ZkReplicaStateMachine)
[2021-10-13 20:31:55,634] INFO [ReplicaStateMachine controllerId=0] Triggering offline replica state changes (kafka.controller.ZkReplicaStateMachine)
[2021-10-13 20:31:55,635] DEBUG [ReplicaStateMachine controllerId=0] Started replica state machine with initial state -> HashMap() (kafka.controller.ZkReplicaStateMachine)
[2021-10-13 20:31:55,635] INFO [PartitionStateMachine controllerId=0] Initializing partition state (kafka.controller.ZkPartitionStateMachine)
[2021-10-13 20:31:55,635] INFO [PartitionStateMachine controllerId=0] Triggering online partition state changes (kafka.controller.ZkPartitionStateMachine)
[2021-10-13 20:31:55,636] INFO [RequestSendThread controllerId=0] Controller 0 connected to localhost:9092 (id: 0 rack: null) for sending state change requests (kafka.controller.RequestSendThread)
[2021-10-13 20:31:55,637] DEBUG [PartitionStateMachine controllerId=0] Started partition state machine with initial state -> HashMap() (kafka.controller.ZkPartitionStateMachine)
[2021-10-13 20:31:55,638] INFO [Controller id=0] Ready to serve as the new controller with epoch 2 (kafka.controller.KafkaController)
[2021-10-13 20:31:55,641] INFO [Controller id=0] Partitions undergoing preferred replica election:  (kafka.controller.KafkaController)
[2021-10-13 20:31:55,641] INFO [Controller id=0] Partitions that completed preferred replica election:  (kafka.controller.KafkaController)
[2021-10-13 20:31:55,641] INFO [Controller id=0] Skipping preferred replica election for partitions due to topic deletion:  (kafka.controller.KafkaController)
[2021-10-13 20:31:55,641] INFO [Controller id=0] Resuming preferred replica election for partitions:  (kafka.controller.KafkaController)
[2021-10-13 20:31:55,642] INFO [Controller id=0] Starting replica leader election (PREFERRED) for partitions  triggered by ZkTriggered (kafka.controller.KafkaController)
[2021-10-13 20:31:55,668] INFO [Controller id=0] Starting the controller scheduler (kafka.controller.KafkaController)
[2021-10-13 20:32:00,670] INFO [Controller id=0] Processing automatic preferred replica leader election (kafka.controller.KafkaController)
[2021-10-13 20:32:00,671] TRACE [Controller id=0] Checking need to trigger auto leader balancing (kafka.controller.KafkaController)
[2021-10-13 20:32:05,573] INFO [Controller id=0] Shutting down broker 0 (kafka.controller.KafkaController)
[2021-10-13 20:32:05,574] DEBUG [Controller id=0] All shutting down brokers: 0 (kafka.controller.KafkaController)
[2021-10-13 20:32:05,574] DEBUG [Controller id=0] Live brokers:  (kafka.controller.KafkaController)
[2021-10-13 20:32:05,576] TRACE [Controller id=0] All leaders =  (kafka.controller.KafkaController)
[2021-10-13 20:32:06,984] INFO [ControllerEventThread controllerId=0] Shutting down (kafka.controller.ControllerEventManager$ControllerEventThread)
[2021-10-13 20:32:06,985] INFO [ControllerEventThread controllerId=0] Stopped (kafka.controller.ControllerEventManager$ControllerEventThread)
[2021-10-13 20:32:06,985] INFO [ControllerEventThread controllerId=0] Shutdown completed (kafka.controller.ControllerEventManager$ControllerEventThread)
[2021-10-13 20:32:06,985] DEBUG [Controller id=0] Resigning (kafka.controller.KafkaController)
[2021-10-13 20:32:06,985] DEBUG [Controller id=0] Unregister BrokerModifications handler for Set(0) (kafka.controller.KafkaController)
[2021-10-13 20:32:06,986] INFO [PartitionStateMachine controllerId=0] Stopped partition state machine (kafka.controller.ZkPartitionStateMachine)
[2021-10-13 20:32:06,987] INFO [ReplicaStateMachine controllerId=0] Stopped replica state machine (kafka.controller.ZkReplicaStateMachine)
[2021-10-13 20:32:06,987] INFO [RequestSendThread controllerId=0] Shutting down (kafka.controller.RequestSendThread)
[2021-10-13 20:32:06,987] INFO [RequestSendThread controllerId=0] Stopped (kafka.controller.RequestSendThread)
[2021-10-13 20:32:06,987] INFO [RequestSendThread controllerId=0] Shutdown completed (kafka.controller.RequestSendThread)
[2021-10-13 20:32:06,988] INFO [Controller id=0] Resigned (kafka.controller.KafkaController)
