[2021-10-13 20:15:48,550] INFO Registered kafka:type=kafka.Log4jController MBean (kafka.utils.Log4jControllerRegistration$)
[2021-10-13 20:15:48,706] INFO Setting -D jdk.tls.rejectClientInitiatedRenegotiation=true to disable client-initiated TLS renegotiation (org.apache.zookeeper.common.X509Util)
[2021-10-13 20:15:48,734] INFO Registered signal handlers for TERM, INT, HUP (org.apache.kafka.common.utils.LoggingSignalHandler)
[2021-10-13 20:15:48,736] INFO starting (kafka.server.KafkaServer)
[2021-10-13 20:15:48,737] INFO Connecting to zookeeper on localhost:2181 (kafka.server.KafkaServer)
[2021-10-13 20:15:48,751] INFO [ZooKeeperClient Kafka server] Initializing a new session to localhost:2181. (kafka.zookeeper.ZooKeeperClient)
[2021-10-13 20:15:48,755] INFO Client environment:zookeeper.version=3.5.7-f0fdd52973d373ffd9c86b81d99842dc2c7f660e, built on 02/10/2020 11:30 GMT (org.apache.zookeeper.ZooKeeper)
[2021-10-13 20:15:48,755] INFO Client environment:host.name=192.168.0.108 (org.apache.zookeeper.ZooKeeper)
[2021-10-13 20:15:48,755] INFO Client environment:java.version=17 (org.apache.zookeeper.ZooKeeper)
[2021-10-13 20:15:48,755] INFO Client environment:java.vendor=Oracle Corporation (org.apache.zookeeper.ZooKeeper)
[2021-10-13 20:15:48,755] INFO Client environment:java.home=/Users/skedlayah/Library/Java/JavaVirtualMachines/openjdk-17/Contents/Home (org.apache.zookeeper.ZooKeeper)
[2021-10-13 20:15:48,755] INFO Client environment:java.class.path=/Users/skedlayah/Documents/Code/Kafka-exp/Beginner/kafka1/bin/../libs/activation-1.1.1.jar:/Users/skedlayah/Documents/Code/Kafka-exp/Beginner/kafka1/bin/../libs/aopalliance-repackaged-2.5.0.jar:/Users/skedlayah/Documents/Code/Kafka-exp/Beginner/kafka1/bin/../libs/argparse4j-0.7.0.jar:/Users/skedlayah/Documents/Code/Kafka-exp/Beginner/kafka1/bin/../libs/audience-annotations-0.5.0.jar:/Users/skedlayah/Documents/Code/Kafka-exp/Beginner/kafka1/bin/../libs/commons-cli-1.4.jar:/Users/skedlayah/Documents/Code/Kafka-exp/Beginner/kafka1/bin/../libs/commons-lang3-3.8.1.jar:/Users/skedlayah/Documents/Code/Kafka-exp/Beginner/kafka1/bin/../libs/connect-api-2.5.0.jar:/Users/skedlayah/Documents/Code/Kafka-exp/Beginner/kafka1/bin/../libs/connect-basic-auth-extension-2.5.0.jar:/Users/skedlayah/Documents/Code/Kafka-exp/Beginner/kafka1/bin/../libs/connect-file-2.5.0.jar:/Users/skedlayah/Documents/Code/Kafka-exp/Beginner/kafka1/bin/../libs/connect-json-2.5.0.jar:/Users/skedlayah/Documents/Code/Kafka-exp/Beginner/kafka1/bin/../libs/connect-mirror-2.5.0.jar:/Users/skedlayah/Documents/Code/Kafka-exp/Beginner/kafka1/bin/../libs/connect-mirror-client-2.5.0.jar:/Users/skedlayah/Documents/Code/Kafka-exp/Beginner/kafka1/bin/../libs/connect-runtime-2.5.0.jar:/Users/skedlayah/Documents/Code/Kafka-exp/Beginner/kafka1/bin/../libs/connect-transforms-2.5.0.jar:/Users/skedlayah/Documents/Code/Kafka-exp/Beginner/kafka1/bin/../libs/hk2-api-2.5.0.jar:/Users/skedlayah/Documents/Code/Kafka-exp/Beginner/kafka1/bin/../libs/hk2-locator-2.5.0.jar:/Users/skedlayah/Documents/Code/Kafka-exp/Beginner/kafka1/bin/../libs/hk2-utils-2.5.0.jar:/Users/skedlayah/Documents/Code/Kafka-exp/Beginner/kafka1/bin/../libs/jackson-annotations-2.10.2.jar:/Users/skedlayah/Documents/Code/Kafka-exp/Beginner/kafka1/bin/../libs/jackson-core-2.10.2.jar:/Users/skedlayah/Documents/Code/Kafka-exp/Beginner/kafka1/bin/../libs/jackson-databind-2.10.2.jar:/Users/skedlayah/Documents/Code/Kafka-exp/Beginner/kafka1/bin/../libs/jackson-dataformat-csv-2.10.2.jar:/Users/skedlayah/Documents/Code/Kafka-exp/Beginner/kafka1/bin/../libs/jackson-datatype-jdk8-2.10.2.jar:/Users/skedlayah/Documents/Code/Kafka-exp/Beginner/kafka1/bin/../libs/jackson-jaxrs-base-2.10.2.jar:/Users/skedlayah/Documents/Code/Kafka-exp/Beginner/kafka1/bin/../libs/jackson-jaxrs-json-provider-2.10.2.jar:/Users/skedlayah/Documents/Code/Kafka-exp/Beginner/kafka1/bin/../libs/jackson-module-jaxb-annotations-2.10.2.jar:/Users/skedlayah/Documents/Code/Kafka-exp/Beginner/kafka1/bin/../libs/jackson-module-paranamer-2.10.2.jar:/Users/skedlayah/Documents/Code/Kafka-exp/Beginner/kafka1/bin/../libs/jackson-module-scala_2.13-2.10.2.jar:/Users/skedlayah/Documents/Code/Kafka-exp/Beginner/kafka1/bin/../libs/jakarta.activation-api-1.2.1.jar:/Users/skedlayah/Documents/Code/Kafka-exp/Beginner/kafka1/bin/../libs/jakarta.annotation-api-1.3.4.jar:/Users/skedlayah/Documents/Code/Kafka-exp/Beginner/kafka1/bin/../libs/jakarta.inject-2.5.0.jar:/Users/skedlayah/Documents/Code/Kafka-exp/Beginner/kafka1/bin/../libs/jakarta.ws.rs-api-2.1.5.jar:/Users/skedlayah/Documents/Code/Kafka-exp/Beginner/kafka1/bin/../libs/jakarta.xml.bind-api-2.3.2.jar:/Users/skedlayah/Documents/Code/Kafka-exp/Beginner/kafka1/bin/../libs/javassist-3.22.0-CR2.jar:/Users/skedlayah/Documents/Code/Kafka-exp/Beginner/kafka1/bin/../libs/javassist-3.26.0-GA.jar:/Users/skedlayah/Documents/Code/Kafka-exp/Beginner/kafka1/bin/../libs/javax.servlet-api-3.1.0.jar:/Users/skedlayah/Documents/Code/Kafka-exp/Beginner/kafka1/bin/../libs/javax.ws.rs-api-2.1.1.jar:/Users/skedlayah/Documents/Code/Kafka-exp/Beginner/kafka1/bin/../libs/jaxb-api-2.3.0.jar:/Users/skedlayah/Documents/Code/Kafka-exp/Beginner/kafka1/bin/../libs/jersey-client-2.28.jar:/Users/skedlayah/Documents/Code/Kafka-exp/Beginner/kafka1/bin/../libs/jersey-common-2.28.jar:/Users/skedlayah/Documents/Code/Kafka-exp/Beginner/kafka1/bin/../libs/jersey-container-servlet-2.28.jar:/Users/skedlayah/Documents/Code/Kafka-exp/Beginner/kafka1/bin/../libs/jersey-container-servlet-core-2.28.jar:/Users/skedlayah/Documents/Code/Kafka-exp/Beginner/kafka1/bin/../libs/jersey-hk2-2.28.jar:/Users/skedlayah/Documents/Code/Kafka-exp/Beginner/kafka1/bin/../libs/jersey-media-jaxb-2.28.jar:/Users/skedlayah/Documents/Code/Kafka-exp/Beginner/kafka1/bin/../libs/jersey-server-2.28.jar:/Users/skedlayah/Documents/Code/Kafka-exp/Beginner/kafka1/bin/../libs/jetty-client-9.4.24.v20191120.jar:/Users/skedlayah/Documents/Code/Kafka-exp/Beginner/kafka1/bin/../libs/jetty-continuation-9.4.24.v20191120.jar:/Users/skedlayah/Documents/Code/Kafka-exp/Beginner/kafka1/bin/../libs/jetty-http-9.4.24.v20191120.jar:/Users/skedlayah/Documents/Code/Kafka-exp/Beginner/kafka1/bin/../libs/jetty-io-9.4.24.v20191120.jar:/Users/skedlayah/Documents/Code/Kafka-exp/Beginner/kafka1/bin/../libs/jetty-security-9.4.24.v20191120.jar:/Users/skedlayah/Documents/Code/Kafka-exp/Beginner/kafka1/bin/../libs/jetty-server-9.4.24.v20191120.jar:/Users/skedlayah/Documents/Code/Kafka-exp/Beginner/kafka1/bin/../libs/jetty-servlet-9.4.24.v20191120.jar:/Users/skedlayah/Documents/Code/Kafka-exp/Beginner/kafka1/bin/../libs/jetty-servlets-9.4.24.v20191120.jar:/Users/skedlayah/Documents/Code/Kafka-exp/Beginner/kafka1/bin/../libs/jetty-util-9.4.24.v20191120.jar:/Users/skedlayah/Documents/Code/Kafka-exp/Beginner/kafka1/bin/../libs/jopt-simple-5.0.4.jar:/Users/skedlayah/Documents/Code/Kafka-exp/Beginner/kafka1/bin/../libs/kafka-clients-2.5.0.jar:/Users/skedlayah/Documents/Code/Kafka-exp/Beginner/kafka1/bin/../libs/kafka-log4j-appender-2.5.0.jar:/Users/skedlayah/Documents/Code/Kafka-exp/Beginner/kafka1/bin/../libs/kafka-streams-2.5.0.jar:/Users/skedlayah/Documents/Code/Kafka-exp/Beginner/kafka1/bin/../libs/kafka-streams-examples-2.5.0.jar:/Users/skedlayah/Documents/Code/Kafka-exp/Beginner/kafka1/bin/../libs/kafka-streams-scala_2.13-2.5.0.jar:/Users/skedlayah/Documents/Code/Kafka-exp/Beginner/kafka1/bin/../libs/kafka-streams-test-utils-2.5.0.jar:/Users/skedlayah/Documents/Code/Kafka-exp/Beginner/kafka1/bin/../libs/kafka-tools-2.5.0.jar:/Users/skedlayah/Documents/Code/Kafka-exp/Beginner/kafka1/bin/../libs/kafka_2.13-2.5.0-sources.jar:/Users/skedlayah/Documents/Code/Kafka-exp/Beginner/kafka1/bin/../libs/kafka_2.13-2.5.0.jar:/Users/skedlayah/Documents/Code/Kafka-exp/Beginner/kafka1/bin/../libs/log4j-1.2.17.jar:/Users/skedlayah/Documents/Code/Kafka-exp/Beginner/kafka1/bin/../libs/lz4-java-1.7.1.jar:/Users/skedlayah/Documents/Code/Kafka-exp/Beginner/kafka1/bin/../libs/maven-artifact-3.6.3.jar:/Users/skedlayah/Documents/Code/Kafka-exp/Beginner/kafka1/bin/../libs/metrics-core-2.2.0.jar:/Users/skedlayah/Documents/Code/Kafka-exp/Beginner/kafka1/bin/../libs/netty-buffer-4.1.45.Final.jar:/Users/skedlayah/Documents/Code/Kafka-exp/Beginner/kafka1/bin/../libs/netty-codec-4.1.45.Final.jar:/Users/skedlayah/Documents/Code/Kafka-exp/Beginner/kafka1/bin/../libs/netty-common-4.1.45.Final.jar:/Users/skedlayah/Documents/Code/Kafka-exp/Beginner/kafka1/bin/../libs/netty-handler-4.1.45.Final.jar:/Users/skedlayah/Documents/Code/Kafka-exp/Beginner/kafka1/bin/../libs/netty-resolver-4.1.45.Final.jar:/Users/skedlayah/Documents/Code/Kafka-exp/Beginner/kafka1/bin/../libs/netty-transport-4.1.45.Final.jar:/Users/skedlayah/Documents/Code/Kafka-exp/Beginner/kafka1/bin/../libs/netty-transport-native-epoll-4.1.45.Final.jar:/Users/skedlayah/Documents/Code/Kafka-exp/Beginner/kafka1/bin/../libs/netty-transport-native-unix-common-4.1.45.Final.jar:/Users/skedlayah/Documents/Code/Kafka-exp/Beginner/kafka1/bin/../libs/osgi-resource-locator-1.0.1.jar:/Users/skedlayah/Documents/Code/Kafka-exp/Beginner/kafka1/bin/../libs/paranamer-2.8.jar:/Users/skedlayah/Documents/Code/Kafka-exp/Beginner/kafka1/bin/../libs/plexus-utils-3.2.1.jar:/Users/skedlayah/Documents/Code/Kafka-exp/Beginner/kafka1/bin/../libs/reflections-0.9.12.jar:/Users/skedlayah/Documents/Code/Kafka-exp/Beginner/kafka1/bin/../libs/rocksdbjni-5.18.3.jar:/Users/skedlayah/Documents/Code/Kafka-exp/Beginner/kafka1/bin/../libs/scala-collection-compat_2.13-2.1.3.jar:/Users/skedlayah/Documents/Code/Kafka-exp/Beginner/kafka1/bin/../libs/scala-java8-compat_2.13-0.9.0.jar:/Users/skedlayah/Documents/Code/Kafka-exp/Beginner/kafka1/bin/../libs/scala-library-2.13.1.jar:/Users/skedlayah/Documents/Code/Kafka-exp/Beginner/kafka1/bin/../libs/scala-logging_2.13-3.9.2.jar:/Users/skedlayah/Documents/Code/Kafka-exp/Beginner/kafka1/bin/../libs/scala-reflect-2.13.1.jar:/Users/skedlayah/Documents/Code/Kafka-exp/Beginner/kafka1/bin/../libs/slf4j-api-1.7.30.jar:/Users/skedlayah/Documents/Code/Kafka-exp/Beginner/kafka1/bin/../libs/slf4j-log4j12-1.7.30.jar:/Users/skedlayah/Documents/Code/Kafka-exp/Beginner/kafka1/bin/../libs/snappy-java-1.1.7.3.jar:/Users/skedlayah/Documents/Code/Kafka-exp/Beginner/kafka1/bin/../libs/validation-api-2.0.1.Final.jar:/Users/skedlayah/Documents/Code/Kafka-exp/Beginner/kafka1/bin/../libs/zookeeper-3.5.7.jar:/Users/skedlayah/Documents/Code/Kafka-exp/Beginner/kafka1/bin/../libs/zookeeper-jute-3.5.7.jar:/Users/skedlayah/Documents/Code/Kafka-exp/Beginner/kafka1/bin/../libs/zstd-jni-1.4.4-7.jar (org.apache.zookeeper.ZooKeeper)
[2021-10-13 20:15:48,756] INFO Client environment:java.library.path=/Users/skedlayah/Library/Java/Extensions:/Library/Java/Extensions:/Network/Library/Java/Extensions:/System/Library/Java/Extensions:/usr/lib/java:. (org.apache.zookeeper.ZooKeeper)
[2021-10-13 20:15:48,756] INFO Client environment:java.io.tmpdir=/var/folders/zm/vhf2w0_55yg9yn5_vm6b16pw0000gp/T/ (org.apache.zookeeper.ZooKeeper)
[2021-10-13 20:15:48,756] INFO Client environment:java.compiler=<NA> (org.apache.zookeeper.ZooKeeper)
[2021-10-13 20:15:48,756] INFO Client environment:os.name=Mac OS X (org.apache.zookeeper.ZooKeeper)
[2021-10-13 20:15:48,756] INFO Client environment:os.arch=x86_64 (org.apache.zookeeper.ZooKeeper)
[2021-10-13 20:15:48,756] INFO Client environment:os.version=11.6 (org.apache.zookeeper.ZooKeeper)
[2021-10-13 20:15:48,756] INFO Client environment:user.name=skedlayah (org.apache.zookeeper.ZooKeeper)
[2021-10-13 20:15:48,756] INFO Client environment:user.home=/Users/skedlayah (org.apache.zookeeper.ZooKeeper)
[2021-10-13 20:15:48,756] INFO Client environment:user.dir=/Users/skedlayah/Documents/Code/Kafka-exp/Beginner/kafka1 (org.apache.zookeeper.ZooKeeper)
[2021-10-13 20:15:48,757] INFO Client environment:os.memory.free=991MB (org.apache.zookeeper.ZooKeeper)
[2021-10-13 20:15:48,757] INFO Client environment:os.memory.max=1024MB (org.apache.zookeeper.ZooKeeper)
[2021-10-13 20:15:48,757] INFO Client environment:os.memory.total=1024MB (org.apache.zookeeper.ZooKeeper)
[2021-10-13 20:15:48,758] INFO Initiating client connection, connectString=localhost:2181 sessionTimeout=18000 watcher=kafka.zookeeper.ZooKeeperClient$ZooKeeperClientWatcher$@38145825 (org.apache.zookeeper.ZooKeeper)
[2021-10-13 20:15:48,768] INFO jute.maxbuffer value is 4194304 Bytes (org.apache.zookeeper.ClientCnxnSocket)
[2021-10-13 20:15:48,773] INFO zookeeper.request.timeout value is 0. feature enabled= (org.apache.zookeeper.ClientCnxn)
[2021-10-13 20:15:48,775] INFO [ZooKeeperClient Kafka server] Waiting until connected. (kafka.zookeeper.ZooKeeperClient)
[2021-10-13 20:15:48,778] INFO Opening socket connection to server localhost/[0:0:0:0:0:0:0:1]:2181. Will not attempt to authenticate using SASL (unknown error) (org.apache.zookeeper.ClientCnxn)
[2021-10-13 20:15:48,785] INFO Socket connection established, initiating session, client: /[0:0:0:0:0:0:0:1]:50904, server: localhost/[0:0:0:0:0:0:0:1]:2181 (org.apache.zookeeper.ClientCnxn)
[2021-10-13 20:15:48,797] INFO Session establishment complete on server localhost/[0:0:0:0:0:0:0:1]:2181, sessionid = 0x100005100860000, negotiated timeout = 18000 (org.apache.zookeeper.ClientCnxn)
[2021-10-13 20:15:48,799] INFO [ZooKeeperClient Kafka server] Connected. (kafka.zookeeper.ZooKeeperClient)
[2021-10-13 20:15:48,948] INFO Cluster ID = 4E3LjrrtSP6urgm3iuIaRw (kafka.server.KafkaServer)
[2021-10-13 20:15:48,951] WARN No meta.properties file under dir /tmp/kafka-logs/meta.properties (kafka.server.BrokerMetadataCheckpoint)
[2021-10-13 20:15:48,980] INFO KafkaConfig values: 
	advertised.host.name = null
	advertised.listeners = null
	advertised.port = null
	alter.config.policy.class.name = null
	alter.log.dirs.replication.quota.window.num = 11
	alter.log.dirs.replication.quota.window.size.seconds = 1
	authorizer.class.name = 
	auto.create.topics.enable = true
	auto.leader.rebalance.enable = true
	background.threads = 10
	broker.id = 0
	broker.id.generation.enable = true
	broker.rack = null
	client.quota.callback.class = null
	compression.type = producer
	connection.failed.authentication.delay.ms = 100
	connections.max.idle.ms = 600000
	connections.max.reauth.ms = 0
	control.plane.listener.name = null
	controlled.shutdown.enable = true
	controlled.shutdown.max.retries = 3
	controlled.shutdown.retry.backoff.ms = 5000
	controller.socket.timeout.ms = 30000
	create.topic.policy.class.name = null
	default.replication.factor = 1
	delegation.token.expiry.check.interval.ms = 3600000
	delegation.token.expiry.time.ms = 86400000
	delegation.token.master.key = null
	delegation.token.max.lifetime.ms = 604800000
	delete.records.purgatory.purge.interval.requests = 1
	delete.topic.enable = true
	fetch.max.bytes = 57671680
	fetch.purgatory.purge.interval.requests = 1000
	group.initial.rebalance.delay.ms = 0
	group.max.session.timeout.ms = 1800000
	group.max.size = 2147483647
	group.min.session.timeout.ms = 6000
	host.name = 
	inter.broker.listener.name = null
	inter.broker.protocol.version = 2.5-IV0
	kafka.metrics.polling.interval.secs = 10
	kafka.metrics.reporters = []
	leader.imbalance.check.interval.seconds = 300
	leader.imbalance.per.broker.percentage = 10
	listener.security.protocol.map = PLAINTEXT:PLAINTEXT,SSL:SSL,SASL_PLAINTEXT:SASL_PLAINTEXT,SASL_SSL:SASL_SSL
	listeners = PLAINTEXT://localhost:9092
	log.cleaner.backoff.ms = 15000
	log.cleaner.dedupe.buffer.size = 134217728
	log.cleaner.delete.retention.ms = 86400000
	log.cleaner.enable = true
	log.cleaner.io.buffer.load.factor = 0.9
	log.cleaner.io.buffer.size = 524288
	log.cleaner.io.max.bytes.per.second = 1.7976931348623157E308
	log.cleaner.max.compaction.lag.ms = 9223372036854775807
	log.cleaner.min.cleanable.ratio = 0.5
	log.cleaner.min.compaction.lag.ms = 0
	log.cleaner.threads = 1
	log.cleanup.policy = [delete]
	log.dir = /tmp/kafka-logs
	log.dirs = /tmp/kafka-logs
	log.flush.interval.messages = 9223372036854775807
	log.flush.interval.ms = null
	log.flush.offset.checkpoint.interval.ms = 60000
	log.flush.scheduler.interval.ms = 9223372036854775807
	log.flush.start.offset.checkpoint.interval.ms = 60000
	log.index.interval.bytes = 4096
	log.index.size.max.bytes = 10485760
	log.message.downconversion.enable = true
	log.message.format.version = 2.5-IV0
	log.message.timestamp.difference.max.ms = 9223372036854775807
	log.message.timestamp.type = CreateTime
	log.preallocate = false
	log.retention.bytes = -1
	log.retention.check.interval.ms = 300000
	log.retention.hours = 168
	log.retention.minutes = null
	log.retention.ms = null
	log.roll.hours = 168
	log.roll.jitter.hours = 0
	log.roll.jitter.ms = null
	log.roll.ms = null
	log.segment.bytes = 1073741824
	log.segment.delete.delay.ms = 60000
	max.connections = 2147483647
	max.connections.per.ip = 2147483647
	max.connections.per.ip.overrides = 
	max.incremental.fetch.session.cache.slots = 1000
	message.max.bytes = 1048588
	metric.reporters = []
	metrics.num.samples = 2
	metrics.recording.level = INFO
	metrics.sample.window.ms = 30000
	min.insync.replicas = 1
	num.io.threads = 8
	num.network.threads = 3
	num.partitions = 1
	num.recovery.threads.per.data.dir = 1
	num.replica.alter.log.dirs.threads = null
	num.replica.fetchers = 1
	offset.metadata.max.bytes = 4096
	offsets.commit.required.acks = -1
	offsets.commit.timeout.ms = 5000
	offsets.load.buffer.size = 5242880
	offsets.retention.check.interval.ms = 600000
	offsets.retention.minutes = 10080
	offsets.topic.compression.codec = 0
	offsets.topic.num.partitions = 50
	offsets.topic.replication.factor = 1
	offsets.topic.segment.bytes = 104857600
	password.encoder.cipher.algorithm = AES/CBC/PKCS5Padding
	password.encoder.iterations = 4096
	password.encoder.key.length = 128
	password.encoder.keyfactory.algorithm = null
	password.encoder.old.secret = null
	password.encoder.secret = null
	port = 9092
	principal.builder.class = null
	producer.purgatory.purge.interval.requests = 1000
	queued.max.request.bytes = -1
	queued.max.requests = 500
	quota.consumer.default = 9223372036854775807
	quota.producer.default = 9223372036854775807
	quota.window.num = 11
	quota.window.size.seconds = 1
	replica.fetch.backoff.ms = 1000
	replica.fetch.max.bytes = 1048576
	replica.fetch.min.bytes = 1
	replica.fetch.response.max.bytes = 10485760
	replica.fetch.wait.max.ms = 500
	replica.high.watermark.checkpoint.interval.ms = 5000
	replica.lag.time.max.ms = 30000
	replica.selector.class = null
	replica.socket.receive.buffer.bytes = 65536
	replica.socket.timeout.ms = 30000
	replication.quota.window.num = 11
	replication.quota.window.size.seconds = 1
	request.timeout.ms = 30000
	reserved.broker.max.id = 1000
	sasl.client.callback.handler.class = null
	sasl.enabled.mechanisms = [GSSAPI]
	sasl.jaas.config = null
	sasl.kerberos.kinit.cmd = /usr/bin/kinit
	sasl.kerberos.min.time.before.relogin = 60000
	sasl.kerberos.principal.to.local.rules = [DEFAULT]
	sasl.kerberos.service.name = null
	sasl.kerberos.ticket.renew.jitter = 0.05
	sasl.kerberos.ticket.renew.window.factor = 0.8
	sasl.login.callback.handler.class = null
	sasl.login.class = null
	sasl.login.refresh.buffer.seconds = 300
	sasl.login.refresh.min.period.seconds = 60
	sasl.login.refresh.window.factor = 0.8
	sasl.login.refresh.window.jitter = 0.05
	sasl.mechanism.inter.broker.protocol = GSSAPI
	sasl.server.callback.handler.class = null
	security.inter.broker.protocol = PLAINTEXT
	security.providers = null
	socket.receive.buffer.bytes = 102400
	socket.request.max.bytes = 104857600
	socket.send.buffer.bytes = 102400
	ssl.cipher.suites = []
	ssl.client.auth = none
	ssl.enabled.protocols = [TLSv1.2]
	ssl.endpoint.identification.algorithm = https
	ssl.key.password = null
	ssl.keymanager.algorithm = SunX509
	ssl.keystore.location = null
	ssl.keystore.password = null
	ssl.keystore.type = JKS
	ssl.principal.mapping.rules = DEFAULT
	ssl.protocol = TLSv1.2
	ssl.provider = null
	ssl.secure.random.implementation = null
	ssl.trustmanager.algorithm = PKIX
	ssl.truststore.location = null
	ssl.truststore.password = null
	ssl.truststore.type = JKS
	transaction.abort.timed.out.transaction.cleanup.interval.ms = 10000
	transaction.max.timeout.ms = 900000
	transaction.remove.expired.transaction.cleanup.interval.ms = 3600000
	transaction.state.log.load.buffer.size = 5242880
	transaction.state.log.min.isr = 1
	transaction.state.log.num.partitions = 50
	transaction.state.log.replication.factor = 1
	transaction.state.log.segment.bytes = 104857600
	transactional.id.expiration.ms = 604800000
	unclean.leader.election.enable = false
	zookeeper.clientCnxnSocket = null
	zookeeper.connect = localhost:2181
	zookeeper.connection.timeout.ms = 18000
	zookeeper.max.in.flight.requests = 10
	zookeeper.session.timeout.ms = 18000
	zookeeper.set.acl = false
	zookeeper.ssl.cipher.suites = null
	zookeeper.ssl.client.enable = false
	zookeeper.ssl.crl.enable = false
	zookeeper.ssl.enabled.protocols = null
	zookeeper.ssl.endpoint.identification.algorithm = HTTPS
	zookeeper.ssl.keystore.location = null
	zookeeper.ssl.keystore.password = null
	zookeeper.ssl.keystore.type = null
	zookeeper.ssl.ocsp.enable = false
	zookeeper.ssl.protocol = TLSv1.2
	zookeeper.ssl.truststore.location = null
	zookeeper.ssl.truststore.password = null
	zookeeper.ssl.truststore.type = null
	zookeeper.sync.time.ms = 2000
 (kafka.server.KafkaConfig)
[2021-10-13 20:15:48,987] INFO KafkaConfig values: 
	advertised.host.name = null
	advertised.listeners = null
	advertised.port = null
	alter.config.policy.class.name = null
	alter.log.dirs.replication.quota.window.num = 11
	alter.log.dirs.replication.quota.window.size.seconds = 1
	authorizer.class.name = 
	auto.create.topics.enable = true
	auto.leader.rebalance.enable = true
	background.threads = 10
	broker.id = 0
	broker.id.generation.enable = true
	broker.rack = null
	client.quota.callback.class = null
	compression.type = producer
	connection.failed.authentication.delay.ms = 100
	connections.max.idle.ms = 600000
	connections.max.reauth.ms = 0
	control.plane.listener.name = null
	controlled.shutdown.enable = true
	controlled.shutdown.max.retries = 3
	controlled.shutdown.retry.backoff.ms = 5000
	controller.socket.timeout.ms = 30000
	create.topic.policy.class.name = null
	default.replication.factor = 1
	delegation.token.expiry.check.interval.ms = 3600000
	delegation.token.expiry.time.ms = 86400000
	delegation.token.master.key = null
	delegation.token.max.lifetime.ms = 604800000
	delete.records.purgatory.purge.interval.requests = 1
	delete.topic.enable = true
	fetch.max.bytes = 57671680
	fetch.purgatory.purge.interval.requests = 1000
	group.initial.rebalance.delay.ms = 0
	group.max.session.timeout.ms = 1800000
	group.max.size = 2147483647
	group.min.session.timeout.ms = 6000
	host.name = 
	inter.broker.listener.name = null
	inter.broker.protocol.version = 2.5-IV0
	kafka.metrics.polling.interval.secs = 10
	kafka.metrics.reporters = []
	leader.imbalance.check.interval.seconds = 300
	leader.imbalance.per.broker.percentage = 10
	listener.security.protocol.map = PLAINTEXT:PLAINTEXT,SSL:SSL,SASL_PLAINTEXT:SASL_PLAINTEXT,SASL_SSL:SASL_SSL
	listeners = PLAINTEXT://localhost:9092
	log.cleaner.backoff.ms = 15000
	log.cleaner.dedupe.buffer.size = 134217728
	log.cleaner.delete.retention.ms = 86400000
	log.cleaner.enable = true
	log.cleaner.io.buffer.load.factor = 0.9
	log.cleaner.io.buffer.size = 524288
	log.cleaner.io.max.bytes.per.second = 1.7976931348623157E308
	log.cleaner.max.compaction.lag.ms = 9223372036854775807
	log.cleaner.min.cleanable.ratio = 0.5
	log.cleaner.min.compaction.lag.ms = 0
	log.cleaner.threads = 1
	log.cleanup.policy = [delete]
	log.dir = /tmp/kafka-logs
	log.dirs = /tmp/kafka-logs
	log.flush.interval.messages = 9223372036854775807
	log.flush.interval.ms = null
	log.flush.offset.checkpoint.interval.ms = 60000
	log.flush.scheduler.interval.ms = 9223372036854775807
	log.flush.start.offset.checkpoint.interval.ms = 60000
	log.index.interval.bytes = 4096
	log.index.size.max.bytes = 10485760
	log.message.downconversion.enable = true
	log.message.format.version = 2.5-IV0
	log.message.timestamp.difference.max.ms = 9223372036854775807
	log.message.timestamp.type = CreateTime
	log.preallocate = false
	log.retention.bytes = -1
	log.retention.check.interval.ms = 300000
	log.retention.hours = 168
	log.retention.minutes = null
	log.retention.ms = null
	log.roll.hours = 168
	log.roll.jitter.hours = 0
	log.roll.jitter.ms = null
	log.roll.ms = null
	log.segment.bytes = 1073741824
	log.segment.delete.delay.ms = 60000
	max.connections = 2147483647
	max.connections.per.ip = 2147483647
	max.connections.per.ip.overrides = 
	max.incremental.fetch.session.cache.slots = 1000
	message.max.bytes = 1048588
	metric.reporters = []
	metrics.num.samples = 2
	metrics.recording.level = INFO
	metrics.sample.window.ms = 30000
	min.insync.replicas = 1
	num.io.threads = 8
	num.network.threads = 3
	num.partitions = 1
	num.recovery.threads.per.data.dir = 1
	num.replica.alter.log.dirs.threads = null
	num.replica.fetchers = 1
	offset.metadata.max.bytes = 4096
	offsets.commit.required.acks = -1
	offsets.commit.timeout.ms = 5000
	offsets.load.buffer.size = 5242880
	offsets.retention.check.interval.ms = 600000
	offsets.retention.minutes = 10080
	offsets.topic.compression.codec = 0
	offsets.topic.num.partitions = 50
	offsets.topic.replication.factor = 1
	offsets.topic.segment.bytes = 104857600
	password.encoder.cipher.algorithm = AES/CBC/PKCS5Padding
	password.encoder.iterations = 4096
	password.encoder.key.length = 128
	password.encoder.keyfactory.algorithm = null
	password.encoder.old.secret = null
	password.encoder.secret = null
	port = 9092
	principal.builder.class = null
	producer.purgatory.purge.interval.requests = 1000
	queued.max.request.bytes = -1
	queued.max.requests = 500
	quota.consumer.default = 9223372036854775807
	quota.producer.default = 9223372036854775807
	quota.window.num = 11
	quota.window.size.seconds = 1
	replica.fetch.backoff.ms = 1000
	replica.fetch.max.bytes = 1048576
	replica.fetch.min.bytes = 1
	replica.fetch.response.max.bytes = 10485760
	replica.fetch.wait.max.ms = 500
	replica.high.watermark.checkpoint.interval.ms = 5000
	replica.lag.time.max.ms = 30000
	replica.selector.class = null
	replica.socket.receive.buffer.bytes = 65536
	replica.socket.timeout.ms = 30000
	replication.quota.window.num = 11
	replication.quota.window.size.seconds = 1
	request.timeout.ms = 30000
	reserved.broker.max.id = 1000
	sasl.client.callback.handler.class = null
	sasl.enabled.mechanisms = [GSSAPI]
	sasl.jaas.config = null
	sasl.kerberos.kinit.cmd = /usr/bin/kinit
	sasl.kerberos.min.time.before.relogin = 60000
	sasl.kerberos.principal.to.local.rules = [DEFAULT]
	sasl.kerberos.service.name = null
	sasl.kerberos.ticket.renew.jitter = 0.05
	sasl.kerberos.ticket.renew.window.factor = 0.8
	sasl.login.callback.handler.class = null
	sasl.login.class = null
	sasl.login.refresh.buffer.seconds = 300
	sasl.login.refresh.min.period.seconds = 60
	sasl.login.refresh.window.factor = 0.8
	sasl.login.refresh.window.jitter = 0.05
	sasl.mechanism.inter.broker.protocol = GSSAPI
	sasl.server.callback.handler.class = null
	security.inter.broker.protocol = PLAINTEXT
	security.providers = null
	socket.receive.buffer.bytes = 102400
	socket.request.max.bytes = 104857600
	socket.send.buffer.bytes = 102400
	ssl.cipher.suites = []
	ssl.client.auth = none
	ssl.enabled.protocols = [TLSv1.2]
	ssl.endpoint.identification.algorithm = https
	ssl.key.password = null
	ssl.keymanager.algorithm = SunX509
	ssl.keystore.location = null
	ssl.keystore.password = null
	ssl.keystore.type = JKS
	ssl.principal.mapping.rules = DEFAULT
	ssl.protocol = TLSv1.2
	ssl.provider = null
	ssl.secure.random.implementation = null
	ssl.trustmanager.algorithm = PKIX
	ssl.truststore.location = null
	ssl.truststore.password = null
	ssl.truststore.type = JKS
	transaction.abort.timed.out.transaction.cleanup.interval.ms = 10000
	transaction.max.timeout.ms = 900000
	transaction.remove.expired.transaction.cleanup.interval.ms = 3600000
	transaction.state.log.load.buffer.size = 5242880
	transaction.state.log.min.isr = 1
	transaction.state.log.num.partitions = 50
	transaction.state.log.replication.factor = 1
	transaction.state.log.segment.bytes = 104857600
	transactional.id.expiration.ms = 604800000
	unclean.leader.election.enable = false
	zookeeper.clientCnxnSocket = null
	zookeeper.connect = localhost:2181
	zookeeper.connection.timeout.ms = 18000
	zookeeper.max.in.flight.requests = 10
	zookeeper.session.timeout.ms = 18000
	zookeeper.set.acl = false
	zookeeper.ssl.cipher.suites = null
	zookeeper.ssl.client.enable = false
	zookeeper.ssl.crl.enable = false
	zookeeper.ssl.enabled.protocols = null
	zookeeper.ssl.endpoint.identification.algorithm = HTTPS
	zookeeper.ssl.keystore.location = null
	zookeeper.ssl.keystore.password = null
	zookeeper.ssl.keystore.type = null
	zookeeper.ssl.ocsp.enable = false
	zookeeper.ssl.protocol = TLSv1.2
	zookeeper.ssl.truststore.location = null
	zookeeper.ssl.truststore.password = null
	zookeeper.ssl.truststore.type = null
	zookeeper.sync.time.ms = 2000
 (kafka.server.KafkaConfig)
[2021-10-13 20:15:49,004] INFO [ThrottledChannelReaper-Fetch]: Starting (kafka.server.ClientQuotaManager$ThrottledChannelReaper)
[2021-10-13 20:15:49,005] INFO [ThrottledChannelReaper-Produce]: Starting (kafka.server.ClientQuotaManager$ThrottledChannelReaper)
[2021-10-13 20:15:49,010] INFO [ThrottledChannelReaper-Request]: Starting (kafka.server.ClientQuotaManager$ThrottledChannelReaper)
[2021-10-13 20:15:49,025] INFO Log directory /tmp/kafka-logs not found, creating it. (kafka.log.LogManager)
[2021-10-13 20:15:49,032] INFO Loading logs. (kafka.log.LogManager)
[2021-10-13 20:15:49,037] INFO Logs loading complete in 5 ms. (kafka.log.LogManager)
[2021-10-13 20:15:49,045] INFO Starting log cleanup with a period of 300000 ms. (kafka.log.LogManager)
[2021-10-13 20:15:49,048] INFO Starting log flusher with a default period of 9223372036854775807 ms. (kafka.log.LogManager)
[2021-10-13 20:15:49,269] INFO Awaiting socket connections on localhost:9092. (kafka.network.Acceptor)
[2021-10-13 20:15:49,289] INFO [SocketServer brokerId=0] Created data-plane acceptor and processors for endpoint : EndPoint(localhost,9092,ListenerName(PLAINTEXT),PLAINTEXT) (kafka.network.SocketServer)
[2021-10-13 20:15:49,290] INFO [SocketServer brokerId=0] Started 1 acceptor threads for data-plane (kafka.network.SocketServer)
[2021-10-13 20:15:49,300] INFO [ExpirationReaper-0-Produce]: Starting (kafka.server.DelayedOperationPurgatory$ExpiredOperationReaper)
[2021-10-13 20:15:49,300] INFO [ExpirationReaper-0-Fetch]: Starting (kafka.server.DelayedOperationPurgatory$ExpiredOperationReaper)
[2021-10-13 20:15:49,300] INFO [ExpirationReaper-0-DeleteRecords]: Starting (kafka.server.DelayedOperationPurgatory$ExpiredOperationReaper)
[2021-10-13 20:15:49,301] INFO [ExpirationReaper-0-ElectLeader]: Starting (kafka.server.DelayedOperationPurgatory$ExpiredOperationReaper)
[2021-10-13 20:15:49,310] INFO [LogDirFailureHandler]: Starting (kafka.server.ReplicaManager$LogDirFailureHandler)
[2021-10-13 20:15:49,328] INFO Creating /brokers/ids/0 (is it secure? false) (kafka.zk.KafkaZkClient)
[2021-10-13 20:15:49,340] INFO Stat of the created znode at /brokers/ids/0 is: 24,24,1634136349336,1634136349336,1,0,0,72057941939060736,188,0,24
 (kafka.zk.KafkaZkClient)
[2021-10-13 20:15:49,341] INFO Registered broker 0 at path /brokers/ids/0 with addresses: ArraySeq(EndPoint(localhost,9092,ListenerName(PLAINTEXT),PLAINTEXT)), czxid (broker epoch): 24 (kafka.zk.KafkaZkClient)
[2021-10-13 20:15:49,379] INFO [ExpirationReaper-0-topic]: Starting (kafka.server.DelayedOperationPurgatory$ExpiredOperationReaper)
[2021-10-13 20:15:49,381] INFO [ExpirationReaper-0-Heartbeat]: Starting (kafka.server.DelayedOperationPurgatory$ExpiredOperationReaper)
[2021-10-13 20:15:49,381] INFO [ExpirationReaper-0-Rebalance]: Starting (kafka.server.DelayedOperationPurgatory$ExpiredOperationReaper)
[2021-10-13 20:15:49,386] INFO Successfully created /controller_epoch with initial epoch 0 (kafka.zk.KafkaZkClient)
[2021-10-13 20:15:49,393] INFO [GroupCoordinator 0]: Starting up. (kafka.coordinator.group.GroupCoordinator)
[2021-10-13 20:15:49,393] INFO [GroupCoordinator 0]: Startup complete. (kafka.coordinator.group.GroupCoordinator)
[2021-10-13 20:15:49,397] INFO [GroupMetadataManager brokerId=0] Removed 0 expired offsets in 4 milliseconds. (kafka.coordinator.group.GroupMetadataManager)
[2021-10-13 20:15:49,402] INFO [ProducerId Manager 0]: Acquired new producerId block (brokerId:0,blockStartProducerId:0,blockEndProducerId:999) by writing to Zk with path version 1 (kafka.coordinator.transaction.ProducerIdManager)
[2021-10-13 20:15:49,414] INFO [TransactionCoordinator id=0] Starting up. (kafka.coordinator.transaction.TransactionCoordinator)
[2021-10-13 20:15:49,415] INFO [Transaction Marker Channel Manager 0]: Starting (kafka.coordinator.transaction.TransactionMarkerChannelManager)
[2021-10-13 20:15:49,415] INFO [TransactionCoordinator id=0] Startup complete. (kafka.coordinator.transaction.TransactionCoordinator)
[2021-10-13 20:15:49,429] INFO [ExpirationReaper-0-AlterAcls]: Starting (kafka.server.DelayedOperationPurgatory$ExpiredOperationReaper)
[2021-10-13 20:15:49,439] INFO [/config/changes-event-process-thread]: Starting (kafka.common.ZkNodeChangeNotificationListener$ChangeEventProcessThread)
[2021-10-13 20:15:49,447] INFO [SocketServer brokerId=0] Started data-plane processors for 1 acceptors (kafka.network.SocketServer)
[2021-10-13 20:15:49,451] INFO Kafka version: 2.5.0 (org.apache.kafka.common.utils.AppInfoParser)
[2021-10-13 20:15:49,451] INFO Kafka commitId: 66563e712b0b9f84 (org.apache.kafka.common.utils.AppInfoParser)
[2021-10-13 20:15:49,451] INFO Kafka startTimeMs: 1634136349448 (org.apache.kafka.common.utils.AppInfoParser)
[2021-10-13 20:15:49,451] INFO [KafkaServer id=0] started (kafka.server.KafkaServer)
[2021-10-13 20:21:32,202] INFO Terminating process due to signal SIGTERM (org.apache.kafka.common.utils.LoggingSignalHandler)
[2021-10-13 20:21:32,203] INFO [KafkaServer id=0] shutting down (kafka.server.KafkaServer)
[2021-10-13 20:21:32,204] INFO [KafkaServer id=0] Starting controlled shutdown (kafka.server.KafkaServer)
[2021-10-13 20:21:32,218] INFO [KafkaServer id=0] Controlled shutdown succeeded (kafka.server.KafkaServer)
[2021-10-13 20:21:32,223] INFO [/config/changes-event-process-thread]: Shutting down (kafka.common.ZkNodeChangeNotificationListener$ChangeEventProcessThread)
[2021-10-13 20:21:32,223] INFO [/config/changes-event-process-thread]: Stopped (kafka.common.ZkNodeChangeNotificationListener$ChangeEventProcessThread)
[2021-10-13 20:21:32,223] INFO [/config/changes-event-process-thread]: Shutdown completed (kafka.common.ZkNodeChangeNotificationListener$ChangeEventProcessThread)
[2021-10-13 20:21:32,224] INFO [SocketServer brokerId=0] Stopping socket server request processors (kafka.network.SocketServer)
[2021-10-13 20:21:32,228] INFO [SocketServer brokerId=0] Stopped socket server request processors (kafka.network.SocketServer)
[2021-10-13 20:21:32,228] INFO [data-plane Kafka Request Handler on Broker 0], shutting down (kafka.server.KafkaRequestHandlerPool)
[2021-10-13 20:21:32,230] INFO [data-plane Kafka Request Handler on Broker 0], shut down completely (kafka.server.KafkaRequestHandlerPool)
[2021-10-13 20:21:32,231] INFO [ExpirationReaper-0-AlterAcls]: Shutting down (kafka.server.DelayedOperationPurgatory$ExpiredOperationReaper)
[2021-10-13 20:21:32,234] INFO [ExpirationReaper-0-AlterAcls]: Stopped (kafka.server.DelayedOperationPurgatory$ExpiredOperationReaper)
[2021-10-13 20:21:32,234] INFO [ExpirationReaper-0-AlterAcls]: Shutdown completed (kafka.server.DelayedOperationPurgatory$ExpiredOperationReaper)
[2021-10-13 20:21:32,235] INFO [KafkaApi-0] Shutdown complete. (kafka.server.KafkaApis)
[2021-10-13 20:21:32,235] INFO [ExpirationReaper-0-topic]: Shutting down (kafka.server.DelayedOperationPurgatory$ExpiredOperationReaper)
[2021-10-13 20:21:32,295] INFO [ExpirationReaper-0-topic]: Stopped (kafka.server.DelayedOperationPurgatory$ExpiredOperationReaper)
[2021-10-13 20:21:32,295] INFO [ExpirationReaper-0-topic]: Shutdown completed (kafka.server.DelayedOperationPurgatory$ExpiredOperationReaper)
[2021-10-13 20:21:32,297] INFO [TransactionCoordinator id=0] Shutting down. (kafka.coordinator.transaction.TransactionCoordinator)
[2021-10-13 20:21:32,298] INFO [ProducerId Manager 0]: Shutdown complete: last producerId assigned 0 (kafka.coordinator.transaction.ProducerIdManager)
[2021-10-13 20:21:32,298] INFO [Transaction State Manager 0]: Shutdown complete (kafka.coordinator.transaction.TransactionStateManager)
[2021-10-13 20:21:32,299] INFO [Transaction Marker Channel Manager 0]: Shutting down (kafka.coordinator.transaction.TransactionMarkerChannelManager)
[2021-10-13 20:21:32,299] INFO [Transaction Marker Channel Manager 0]: Stopped (kafka.coordinator.transaction.TransactionMarkerChannelManager)
[2021-10-13 20:21:32,299] INFO [Transaction Marker Channel Manager 0]: Shutdown completed (kafka.coordinator.transaction.TransactionMarkerChannelManager)
[2021-10-13 20:21:32,300] INFO [TransactionCoordinator id=0] Shutdown complete. (kafka.coordinator.transaction.TransactionCoordinator)
[2021-10-13 20:21:32,300] INFO [GroupCoordinator 0]: Shutting down. (kafka.coordinator.group.GroupCoordinator)
[2021-10-13 20:21:32,300] INFO [ExpirationReaper-0-Heartbeat]: Shutting down (kafka.server.DelayedOperationPurgatory$ExpiredOperationReaper)
[2021-10-13 20:21:32,498] INFO [ExpirationReaper-0-Heartbeat]: Stopped (kafka.server.DelayedOperationPurgatory$ExpiredOperationReaper)
[2021-10-13 20:21:32,498] INFO [ExpirationReaper-0-Heartbeat]: Shutdown completed (kafka.server.DelayedOperationPurgatory$ExpiredOperationReaper)
[2021-10-13 20:21:32,499] INFO [ExpirationReaper-0-Rebalance]: Shutting down (kafka.server.DelayedOperationPurgatory$ExpiredOperationReaper)
[2021-10-13 20:21:32,701] INFO [ExpirationReaper-0-Rebalance]: Stopped (kafka.server.DelayedOperationPurgatory$ExpiredOperationReaper)
[2021-10-13 20:21:32,701] INFO [ExpirationReaper-0-Rebalance]: Shutdown completed (kafka.server.DelayedOperationPurgatory$ExpiredOperationReaper)
[2021-10-13 20:21:32,702] INFO [GroupCoordinator 0]: Shutdown complete. (kafka.coordinator.group.GroupCoordinator)
[2021-10-13 20:21:32,703] INFO [ReplicaManager broker=0] Shutting down (kafka.server.ReplicaManager)
[2021-10-13 20:21:32,703] INFO [LogDirFailureHandler]: Shutting down (kafka.server.ReplicaManager$LogDirFailureHandler)
[2021-10-13 20:21:32,703] INFO [LogDirFailureHandler]: Stopped (kafka.server.ReplicaManager$LogDirFailureHandler)
[2021-10-13 20:21:32,704] INFO [LogDirFailureHandler]: Shutdown completed (kafka.server.ReplicaManager$LogDirFailureHandler)
[2021-10-13 20:21:32,704] INFO [ReplicaFetcherManager on broker 0] shutting down (kafka.server.ReplicaFetcherManager)
[2021-10-13 20:21:32,705] INFO [ReplicaFetcherManager on broker 0] shutdown completed (kafka.server.ReplicaFetcherManager)
[2021-10-13 20:21:32,705] INFO [ReplicaAlterLogDirsManager on broker 0] shutting down (kafka.server.ReplicaAlterLogDirsManager)
[2021-10-13 20:21:32,706] INFO [ReplicaAlterLogDirsManager on broker 0] shutdown completed (kafka.server.ReplicaAlterLogDirsManager)
[2021-10-13 20:21:32,706] INFO [ExpirationReaper-0-Fetch]: Shutting down (kafka.server.DelayedOperationPurgatory$ExpiredOperationReaper)
[2021-10-13 20:21:32,845] INFO [ExpirationReaper-0-Fetch]: Stopped (kafka.server.DelayedOperationPurgatory$ExpiredOperationReaper)
[2021-10-13 20:21:32,845] INFO [ExpirationReaper-0-Fetch]: Shutdown completed (kafka.server.DelayedOperationPurgatory$ExpiredOperationReaper)
[2021-10-13 20:21:32,846] INFO [ExpirationReaper-0-Produce]: Shutting down (kafka.server.DelayedOperationPurgatory$ExpiredOperationReaper)
[2021-10-13 20:21:33,046] INFO [ExpirationReaper-0-Produce]: Stopped (kafka.server.DelayedOperationPurgatory$ExpiredOperationReaper)
[2021-10-13 20:21:33,046] INFO [ExpirationReaper-0-Produce]: Shutdown completed (kafka.server.DelayedOperationPurgatory$ExpiredOperationReaper)
[2021-10-13 20:21:33,047] INFO [ExpirationReaper-0-DeleteRecords]: Shutting down (kafka.server.DelayedOperationPurgatory$ExpiredOperationReaper)
[2021-10-13 20:21:33,060] INFO [ExpirationReaper-0-DeleteRecords]: Stopped (kafka.server.DelayedOperationPurgatory$ExpiredOperationReaper)
[2021-10-13 20:21:33,060] INFO [ExpirationReaper-0-DeleteRecords]: Shutdown completed (kafka.server.DelayedOperationPurgatory$ExpiredOperationReaper)
[2021-10-13 20:21:33,061] INFO [ExpirationReaper-0-ElectLeader]: Shutting down (kafka.server.DelayedOperationPurgatory$ExpiredOperationReaper)
[2021-10-13 20:21:33,102] INFO [ExpirationReaper-0-ElectLeader]: Stopped (kafka.server.DelayedOperationPurgatory$ExpiredOperationReaper)
[2021-10-13 20:21:33,102] INFO [ExpirationReaper-0-ElectLeader]: Shutdown completed (kafka.server.DelayedOperationPurgatory$ExpiredOperationReaper)
[2021-10-13 20:21:33,109] INFO [ReplicaManager broker=0] Shut down completely (kafka.server.ReplicaManager)
[2021-10-13 20:21:33,109] INFO Shutting down. (kafka.log.LogManager)
[2021-10-13 20:21:33,115] INFO Shutdown complete. (kafka.log.LogManager)
[2021-10-13 20:21:33,120] INFO [ZooKeeperClient Kafka server] Closing. (kafka.zookeeper.ZooKeeperClient)
[2021-10-13 20:21:33,224] INFO Session: 0x100005100860000 closed (org.apache.zookeeper.ZooKeeper)
[2021-10-13 20:21:33,224] INFO EventThread shut down for session: 0x100005100860000 (org.apache.zookeeper.ClientCnxn)
[2021-10-13 20:21:33,225] INFO [ZooKeeperClient Kafka server] Closed. (kafka.zookeeper.ZooKeeperClient)
[2021-10-13 20:21:33,225] INFO [ThrottledChannelReaper-Fetch]: Shutting down (kafka.server.ClientQuotaManager$ThrottledChannelReaper)
[2021-10-13 20:21:33,846] INFO [ThrottledChannelReaper-Fetch]: Stopped (kafka.server.ClientQuotaManager$ThrottledChannelReaper)
[2021-10-13 20:21:33,846] INFO [ThrottledChannelReaper-Fetch]: Shutdown completed (kafka.server.ClientQuotaManager$ThrottledChannelReaper)
[2021-10-13 20:21:33,847] INFO [ThrottledChannelReaper-Produce]: Shutting down (kafka.server.ClientQuotaManager$ThrottledChannelReaper)
[2021-10-13 20:21:34,846] INFO [ThrottledChannelReaper-Produce]: Shutdown completed (kafka.server.ClientQuotaManager$ThrottledChannelReaper)
[2021-10-13 20:21:34,846] INFO [ThrottledChannelReaper-Produce]: Stopped (kafka.server.ClientQuotaManager$ThrottledChannelReaper)
[2021-10-13 20:21:34,847] INFO [ThrottledChannelReaper-Request]: Shutting down (kafka.server.ClientQuotaManager$ThrottledChannelReaper)
[2021-10-13 20:21:35,851] INFO [ThrottledChannelReaper-Request]: Stopped (kafka.server.ClientQuotaManager$ThrottledChannelReaper)
[2021-10-13 20:21:35,851] INFO [ThrottledChannelReaper-Request]: Shutdown completed (kafka.server.ClientQuotaManager$ThrottledChannelReaper)
[2021-10-13 20:21:35,853] INFO [SocketServer brokerId=0] Shutting down socket server (kafka.network.SocketServer)
[2021-10-13 20:21:35,867] INFO [SocketServer brokerId=0] Shutdown completed (kafka.network.SocketServer)
[2021-10-13 20:21:35,869] INFO [KafkaServer id=0] shut down completed (kafka.server.KafkaServer)
[2021-10-13 20:31:54,410] INFO Registered kafka:type=kafka.Log4jController MBean (kafka.utils.Log4jControllerRegistration$)
[2021-10-13 20:31:54,566] INFO Setting -D jdk.tls.rejectClientInitiatedRenegotiation=true to disable client-initiated TLS renegotiation (org.apache.zookeeper.common.X509Util)
[2021-10-13 20:31:54,595] INFO Registered signal handlers for TERM, INT, HUP (org.apache.kafka.common.utils.LoggingSignalHandler)
[2021-10-13 20:31:54,597] INFO starting (kafka.server.KafkaServer)
[2021-10-13 20:31:54,598] INFO Connecting to zookeeper on localhost:2181 (kafka.server.KafkaServer)
[2021-10-13 20:31:54,610] INFO [ZooKeeperClient Kafka server] Initializing a new session to localhost:2181. (kafka.zookeeper.ZooKeeperClient)
[2021-10-13 20:31:54,614] INFO Client environment:zookeeper.version=3.5.7-f0fdd52973d373ffd9c86b81d99842dc2c7f660e, built on 02/10/2020 11:30 GMT (org.apache.zookeeper.ZooKeeper)
[2021-10-13 20:31:54,614] INFO Client environment:host.name=192.168.0.108 (org.apache.zookeeper.ZooKeeper)
[2021-10-13 20:31:54,614] INFO Client environment:java.version=17 (org.apache.zookeeper.ZooKeeper)
[2021-10-13 20:31:54,614] INFO Client environment:java.vendor=Oracle Corporation (org.apache.zookeeper.ZooKeeper)
[2021-10-13 20:31:54,614] INFO Client environment:java.home=/Users/skedlayah/Library/Java/JavaVirtualMachines/openjdk-17/Contents/Home (org.apache.zookeeper.ZooKeeper)
[2021-10-13 20:31:54,614] INFO Client environment:java.class.path=/Users/skedlayah/Documents/Code/Kafka-exp/Beginner/kafka1/bin/../libs/activation-1.1.1.jar:/Users/skedlayah/Documents/Code/Kafka-exp/Beginner/kafka1/bin/../libs/aopalliance-repackaged-2.5.0.jar:/Users/skedlayah/Documents/Code/Kafka-exp/Beginner/kafka1/bin/../libs/argparse4j-0.7.0.jar:/Users/skedlayah/Documents/Code/Kafka-exp/Beginner/kafka1/bin/../libs/audience-annotations-0.5.0.jar:/Users/skedlayah/Documents/Code/Kafka-exp/Beginner/kafka1/bin/../libs/commons-cli-1.4.jar:/Users/skedlayah/Documents/Code/Kafka-exp/Beginner/kafka1/bin/../libs/commons-lang3-3.8.1.jar:/Users/skedlayah/Documents/Code/Kafka-exp/Beginner/kafka1/bin/../libs/connect-api-2.5.0.jar:/Users/skedlayah/Documents/Code/Kafka-exp/Beginner/kafka1/bin/../libs/connect-basic-auth-extension-2.5.0.jar:/Users/skedlayah/Documents/Code/Kafka-exp/Beginner/kafka1/bin/../libs/connect-file-2.5.0.jar:/Users/skedlayah/Documents/Code/Kafka-exp/Beginner/kafka1/bin/../libs/connect-json-2.5.0.jar:/Users/skedlayah/Documents/Code/Kafka-exp/Beginner/kafka1/bin/../libs/connect-mirror-2.5.0.jar:/Users/skedlayah/Documents/Code/Kafka-exp/Beginner/kafka1/bin/../libs/connect-mirror-client-2.5.0.jar:/Users/skedlayah/Documents/Code/Kafka-exp/Beginner/kafka1/bin/../libs/connect-runtime-2.5.0.jar:/Users/skedlayah/Documents/Code/Kafka-exp/Beginner/kafka1/bin/../libs/connect-transforms-2.5.0.jar:/Users/skedlayah/Documents/Code/Kafka-exp/Beginner/kafka1/bin/../libs/hk2-api-2.5.0.jar:/Users/skedlayah/Documents/Code/Kafka-exp/Beginner/kafka1/bin/../libs/hk2-locator-2.5.0.jar:/Users/skedlayah/Documents/Code/Kafka-exp/Beginner/kafka1/bin/../libs/hk2-utils-2.5.0.jar:/Users/skedlayah/Documents/Code/Kafka-exp/Beginner/kafka1/bin/../libs/jackson-annotations-2.10.2.jar:/Users/skedlayah/Documents/Code/Kafka-exp/Beginner/kafka1/bin/../libs/jackson-core-2.10.2.jar:/Users/skedlayah/Documents/Code/Kafka-exp/Beginner/kafka1/bin/../libs/jackson-databind-2.10.2.jar:/Users/skedlayah/Documents/Code/Kafka-exp/Beginner/kafka1/bin/../libs/jackson-dataformat-csv-2.10.2.jar:/Users/skedlayah/Documents/Code/Kafka-exp/Beginner/kafka1/bin/../libs/jackson-datatype-jdk8-2.10.2.jar:/Users/skedlayah/Documents/Code/Kafka-exp/Beginner/kafka1/bin/../libs/jackson-jaxrs-base-2.10.2.jar:/Users/skedlayah/Documents/Code/Kafka-exp/Beginner/kafka1/bin/../libs/jackson-jaxrs-json-provider-2.10.2.jar:/Users/skedlayah/Documents/Code/Kafka-exp/Beginner/kafka1/bin/../libs/jackson-module-jaxb-annotations-2.10.2.jar:/Users/skedlayah/Documents/Code/Kafka-exp/Beginner/kafka1/bin/../libs/jackson-module-paranamer-2.10.2.jar:/Users/skedlayah/Documents/Code/Kafka-exp/Beginner/kafka1/bin/../libs/jackson-module-scala_2.13-2.10.2.jar:/Users/skedlayah/Documents/Code/Kafka-exp/Beginner/kafka1/bin/../libs/jakarta.activation-api-1.2.1.jar:/Users/skedlayah/Documents/Code/Kafka-exp/Beginner/kafka1/bin/../libs/jakarta.annotation-api-1.3.4.jar:/Users/skedlayah/Documents/Code/Kafka-exp/Beginner/kafka1/bin/../libs/jakarta.inject-2.5.0.jar:/Users/skedlayah/Documents/Code/Kafka-exp/Beginner/kafka1/bin/../libs/jakarta.ws.rs-api-2.1.5.jar:/Users/skedlayah/Documents/Code/Kafka-exp/Beginner/kafka1/bin/../libs/jakarta.xml.bind-api-2.3.2.jar:/Users/skedlayah/Documents/Code/Kafka-exp/Beginner/kafka1/bin/../libs/javassist-3.22.0-CR2.jar:/Users/skedlayah/Documents/Code/Kafka-exp/Beginner/kafka1/bin/../libs/javassist-3.26.0-GA.jar:/Users/skedlayah/Documents/Code/Kafka-exp/Beginner/kafka1/bin/../libs/javax.servlet-api-3.1.0.jar:/Users/skedlayah/Documents/Code/Kafka-exp/Beginner/kafka1/bin/../libs/javax.ws.rs-api-2.1.1.jar:/Users/skedlayah/Documents/Code/Kafka-exp/Beginner/kafka1/bin/../libs/jaxb-api-2.3.0.jar:/Users/skedlayah/Documents/Code/Kafka-exp/Beginner/kafka1/bin/../libs/jersey-client-2.28.jar:/Users/skedlayah/Documents/Code/Kafka-exp/Beginner/kafka1/bin/../libs/jersey-common-2.28.jar:/Users/skedlayah/Documents/Code/Kafka-exp/Beginner/kafka1/bin/../libs/jersey-container-servlet-2.28.jar:/Users/skedlayah/Documents/Code/Kafka-exp/Beginner/kafka1/bin/../libs/jersey-container-servlet-core-2.28.jar:/Users/skedlayah/Documents/Code/Kafka-exp/Beginner/kafka1/bin/../libs/jersey-hk2-2.28.jar:/Users/skedlayah/Documents/Code/Kafka-exp/Beginner/kafka1/bin/../libs/jersey-media-jaxb-2.28.jar:/Users/skedlayah/Documents/Code/Kafka-exp/Beginner/kafka1/bin/../libs/jersey-server-2.28.jar:/Users/skedlayah/Documents/Code/Kafka-exp/Beginner/kafka1/bin/../libs/jetty-client-9.4.24.v20191120.jar:/Users/skedlayah/Documents/Code/Kafka-exp/Beginner/kafka1/bin/../libs/jetty-continuation-9.4.24.v20191120.jar:/Users/skedlayah/Documents/Code/Kafka-exp/Beginner/kafka1/bin/../libs/jetty-http-9.4.24.v20191120.jar:/Users/skedlayah/Documents/Code/Kafka-exp/Beginner/kafka1/bin/../libs/jetty-io-9.4.24.v20191120.jar:/Users/skedlayah/Documents/Code/Kafka-exp/Beginner/kafka1/bin/../libs/jetty-security-9.4.24.v20191120.jar:/Users/skedlayah/Documents/Code/Kafka-exp/Beginner/kafka1/bin/../libs/jetty-server-9.4.24.v20191120.jar:/Users/skedlayah/Documents/Code/Kafka-exp/Beginner/kafka1/bin/../libs/jetty-servlet-9.4.24.v20191120.jar:/Users/skedlayah/Documents/Code/Kafka-exp/Beginner/kafka1/bin/../libs/jetty-servlets-9.4.24.v20191120.jar:/Users/skedlayah/Documents/Code/Kafka-exp/Beginner/kafka1/bin/../libs/jetty-util-9.4.24.v20191120.jar:/Users/skedlayah/Documents/Code/Kafka-exp/Beginner/kafka1/bin/../libs/jopt-simple-5.0.4.jar:/Users/skedlayah/Documents/Code/Kafka-exp/Beginner/kafka1/bin/../libs/kafka-clients-2.5.0.jar:/Users/skedlayah/Documents/Code/Kafka-exp/Beginner/kafka1/bin/../libs/kafka-log4j-appender-2.5.0.jar:/Users/skedlayah/Documents/Code/Kafka-exp/Beginner/kafka1/bin/../libs/kafka-streams-2.5.0.jar:/Users/skedlayah/Documents/Code/Kafka-exp/Beginner/kafka1/bin/../libs/kafka-streams-examples-2.5.0.jar:/Users/skedlayah/Documents/Code/Kafka-exp/Beginner/kafka1/bin/../libs/kafka-streams-scala_2.13-2.5.0.jar:/Users/skedlayah/Documents/Code/Kafka-exp/Beginner/kafka1/bin/../libs/kafka-streams-test-utils-2.5.0.jar:/Users/skedlayah/Documents/Code/Kafka-exp/Beginner/kafka1/bin/../libs/kafka-tools-2.5.0.jar:/Users/skedlayah/Documents/Code/Kafka-exp/Beginner/kafka1/bin/../libs/kafka_2.13-2.5.0-sources.jar:/Users/skedlayah/Documents/Code/Kafka-exp/Beginner/kafka1/bin/../libs/kafka_2.13-2.5.0.jar:/Users/skedlayah/Documents/Code/Kafka-exp/Beginner/kafka1/bin/../libs/log4j-1.2.17.jar:/Users/skedlayah/Documents/Code/Kafka-exp/Beginner/kafka1/bin/../libs/lz4-java-1.7.1.jar:/Users/skedlayah/Documents/Code/Kafka-exp/Beginner/kafka1/bin/../libs/maven-artifact-3.6.3.jar:/Users/skedlayah/Documents/Code/Kafka-exp/Beginner/kafka1/bin/../libs/metrics-core-2.2.0.jar:/Users/skedlayah/Documents/Code/Kafka-exp/Beginner/kafka1/bin/../libs/netty-buffer-4.1.45.Final.jar:/Users/skedlayah/Documents/Code/Kafka-exp/Beginner/kafka1/bin/../libs/netty-codec-4.1.45.Final.jar:/Users/skedlayah/Documents/Code/Kafka-exp/Beginner/kafka1/bin/../libs/netty-common-4.1.45.Final.jar:/Users/skedlayah/Documents/Code/Kafka-exp/Beginner/kafka1/bin/../libs/netty-handler-4.1.45.Final.jar:/Users/skedlayah/Documents/Code/Kafka-exp/Beginner/kafka1/bin/../libs/netty-resolver-4.1.45.Final.jar:/Users/skedlayah/Documents/Code/Kafka-exp/Beginner/kafka1/bin/../libs/netty-transport-4.1.45.Final.jar:/Users/skedlayah/Documents/Code/Kafka-exp/Beginner/kafka1/bin/../libs/netty-transport-native-epoll-4.1.45.Final.jar:/Users/skedlayah/Documents/Code/Kafka-exp/Beginner/kafka1/bin/../libs/netty-transport-native-unix-common-4.1.45.Final.jar:/Users/skedlayah/Documents/Code/Kafka-exp/Beginner/kafka1/bin/../libs/osgi-resource-locator-1.0.1.jar:/Users/skedlayah/Documents/Code/Kafka-exp/Beginner/kafka1/bin/../libs/paranamer-2.8.jar:/Users/skedlayah/Documents/Code/Kafka-exp/Beginner/kafka1/bin/../libs/plexus-utils-3.2.1.jar:/Users/skedlayah/Documents/Code/Kafka-exp/Beginner/kafka1/bin/../libs/reflections-0.9.12.jar:/Users/skedlayah/Documents/Code/Kafka-exp/Beginner/kafka1/bin/../libs/rocksdbjni-5.18.3.jar:/Users/skedlayah/Documents/Code/Kafka-exp/Beginner/kafka1/bin/../libs/scala-collection-compat_2.13-2.1.3.jar:/Users/skedlayah/Documents/Code/Kafka-exp/Beginner/kafka1/bin/../libs/scala-java8-compat_2.13-0.9.0.jar:/Users/skedlayah/Documents/Code/Kafka-exp/Beginner/kafka1/bin/../libs/scala-library-2.13.1.jar:/Users/skedlayah/Documents/Code/Kafka-exp/Beginner/kafka1/bin/../libs/scala-logging_2.13-3.9.2.jar:/Users/skedlayah/Documents/Code/Kafka-exp/Beginner/kafka1/bin/../libs/scala-reflect-2.13.1.jar:/Users/skedlayah/Documents/Code/Kafka-exp/Beginner/kafka1/bin/../libs/slf4j-api-1.7.30.jar:/Users/skedlayah/Documents/Code/Kafka-exp/Beginner/kafka1/bin/../libs/slf4j-log4j12-1.7.30.jar:/Users/skedlayah/Documents/Code/Kafka-exp/Beginner/kafka1/bin/../libs/snappy-java-1.1.7.3.jar:/Users/skedlayah/Documents/Code/Kafka-exp/Beginner/kafka1/bin/../libs/validation-api-2.0.1.Final.jar:/Users/skedlayah/Documents/Code/Kafka-exp/Beginner/kafka1/bin/../libs/zookeeper-3.5.7.jar:/Users/skedlayah/Documents/Code/Kafka-exp/Beginner/kafka1/bin/../libs/zookeeper-jute-3.5.7.jar:/Users/skedlayah/Documents/Code/Kafka-exp/Beginner/kafka1/bin/../libs/zstd-jni-1.4.4-7.jar (org.apache.zookeeper.ZooKeeper)
[2021-10-13 20:31:54,615] INFO Client environment:java.library.path=/Users/skedlayah/Library/Java/Extensions:/Library/Java/Extensions:/Network/Library/Java/Extensions:/System/Library/Java/Extensions:/usr/lib/java:. (org.apache.zookeeper.ZooKeeper)
[2021-10-13 20:31:54,615] INFO Client environment:java.io.tmpdir=/var/folders/zm/vhf2w0_55yg9yn5_vm6b16pw0000gp/T/ (org.apache.zookeeper.ZooKeeper)
[2021-10-13 20:31:54,615] INFO Client environment:java.compiler=<NA> (org.apache.zookeeper.ZooKeeper)
[2021-10-13 20:31:54,615] INFO Client environment:os.name=Mac OS X (org.apache.zookeeper.ZooKeeper)
[2021-10-13 20:31:54,615] INFO Client environment:os.arch=x86_64 (org.apache.zookeeper.ZooKeeper)
[2021-10-13 20:31:54,616] INFO Client environment:os.version=11.6 (org.apache.zookeeper.ZooKeeper)
[2021-10-13 20:31:54,616] INFO Client environment:user.name=skedlayah (org.apache.zookeeper.ZooKeeper)
[2021-10-13 20:31:54,616] INFO Client environment:user.home=/Users/skedlayah (org.apache.zookeeper.ZooKeeper)
[2021-10-13 20:31:54,616] INFO Client environment:user.dir=/Users/skedlayah/Documents/Code/Kafka-exp/Beginner/kafka1 (org.apache.zookeeper.ZooKeeper)
[2021-10-13 20:31:54,616] INFO Client environment:os.memory.free=990MB (org.apache.zookeeper.ZooKeeper)
[2021-10-13 20:31:54,616] INFO Client environment:os.memory.max=1024MB (org.apache.zookeeper.ZooKeeper)
[2021-10-13 20:31:54,616] INFO Client environment:os.memory.total=1024MB (org.apache.zookeeper.ZooKeeper)
[2021-10-13 20:31:54,617] INFO Initiating client connection, connectString=localhost:2181 sessionTimeout=18000 watcher=kafka.zookeeper.ZooKeeperClient$ZooKeeperClientWatcher$@38145825 (org.apache.zookeeper.ZooKeeper)
[2021-10-13 20:31:54,625] INFO jute.maxbuffer value is 4194304 Bytes (org.apache.zookeeper.ClientCnxnSocket)
[2021-10-13 20:31:54,629] INFO zookeeper.request.timeout value is 0. feature enabled= (org.apache.zookeeper.ClientCnxn)
[2021-10-13 20:31:54,630] INFO [ZooKeeperClient Kafka server] Waiting until connected. (kafka.zookeeper.ZooKeeperClient)
[2021-10-13 20:31:54,632] INFO Opening socket connection to server localhost/127.0.0.1:2181. Will not attempt to authenticate using SASL (unknown error) (org.apache.zookeeper.ClientCnxn)
[2021-10-13 20:31:54,638] INFO Socket connection established, initiating session, client: /127.0.0.1:51051, server: localhost/127.0.0.1:2181 (org.apache.zookeeper.ClientCnxn)
[2021-10-13 20:31:54,670] INFO Session establishment complete on server localhost/127.0.0.1:2181, sessionid = 0x100006553840000, negotiated timeout = 18000 (org.apache.zookeeper.ClientCnxn)
[2021-10-13 20:31:54,672] INFO [ZooKeeperClient Kafka server] Connected. (kafka.zookeeper.ZooKeeperClient)
[2021-10-13 20:31:55,080] INFO Cluster ID = 4E3LjrrtSP6urgm3iuIaRw (kafka.server.KafkaServer)
[2021-10-13 20:31:55,116] INFO KafkaConfig values: 
	advertised.host.name = null
	advertised.listeners = null
	advertised.port = null
	alter.config.policy.class.name = null
	alter.log.dirs.replication.quota.window.num = 11
	alter.log.dirs.replication.quota.window.size.seconds = 1
	authorizer.class.name = 
	auto.create.topics.enable = true
	auto.leader.rebalance.enable = true
	background.threads = 10
	broker.id = 0
	broker.id.generation.enable = true
	broker.rack = null
	client.quota.callback.class = null
	compression.type = producer
	connection.failed.authentication.delay.ms = 100
	connections.max.idle.ms = 600000
	connections.max.reauth.ms = 0
	control.plane.listener.name = null
	controlled.shutdown.enable = true
	controlled.shutdown.max.retries = 3
	controlled.shutdown.retry.backoff.ms = 5000
	controller.socket.timeout.ms = 30000
	create.topic.policy.class.name = null
	default.replication.factor = 1
	delegation.token.expiry.check.interval.ms = 3600000
	delegation.token.expiry.time.ms = 86400000
	delegation.token.master.key = null
	delegation.token.max.lifetime.ms = 604800000
	delete.records.purgatory.purge.interval.requests = 1
	delete.topic.enable = true
	fetch.max.bytes = 57671680
	fetch.purgatory.purge.interval.requests = 1000
	group.initial.rebalance.delay.ms = 0
	group.max.session.timeout.ms = 1800000
	group.max.size = 2147483647
	group.min.session.timeout.ms = 6000
	host.name = 
	inter.broker.listener.name = null
	inter.broker.protocol.version = 2.5-IV0
	kafka.metrics.polling.interval.secs = 10
	kafka.metrics.reporters = []
	leader.imbalance.check.interval.seconds = 300
	leader.imbalance.per.broker.percentage = 10
	listener.security.protocol.map = PLAINTEXT:PLAINTEXT,SSL:SSL,SASL_PLAINTEXT:SASL_PLAINTEXT,SASL_SSL:SASL_SSL
	listeners = PLAINTEXT://localhost:9092
	log.cleaner.backoff.ms = 15000
	log.cleaner.dedupe.buffer.size = 134217728
	log.cleaner.delete.retention.ms = 86400000
	log.cleaner.enable = true
	log.cleaner.io.buffer.load.factor = 0.9
	log.cleaner.io.buffer.size = 524288
	log.cleaner.io.max.bytes.per.second = 1.7976931348623157E308
	log.cleaner.max.compaction.lag.ms = 9223372036854775807
	log.cleaner.min.cleanable.ratio = 0.5
	log.cleaner.min.compaction.lag.ms = 0
	log.cleaner.threads = 1
	log.cleanup.policy = [delete]
	log.dir = /tmp/kafka-logs
	log.dirs = /tmp/kafka-logs
	log.flush.interval.messages = 9223372036854775807
	log.flush.interval.ms = null
	log.flush.offset.checkpoint.interval.ms = 60000
	log.flush.scheduler.interval.ms = 9223372036854775807
	log.flush.start.offset.checkpoint.interval.ms = 60000
	log.index.interval.bytes = 4096
	log.index.size.max.bytes = 10485760
	log.message.downconversion.enable = true
	log.message.format.version = 2.5-IV0
	log.message.timestamp.difference.max.ms = 9223372036854775807
	log.message.timestamp.type = CreateTime
	log.preallocate = false
	log.retention.bytes = -1
	log.retention.check.interval.ms = 300000
	log.retention.hours = 168
	log.retention.minutes = null
	log.retention.ms = null
	log.roll.hours = 168
	log.roll.jitter.hours = 0
	log.roll.jitter.ms = null
	log.roll.ms = null
	log.segment.bytes = 1073741824
	log.segment.delete.delay.ms = 60000
	max.connections = 2147483647
	max.connections.per.ip = 2147483647
	max.connections.per.ip.overrides = 
	max.incremental.fetch.session.cache.slots = 1000
	message.max.bytes = 1048588
	metric.reporters = []
	metrics.num.samples = 2
	metrics.recording.level = INFO
	metrics.sample.window.ms = 30000
	min.insync.replicas = 1
	num.io.threads = 8
	num.network.threads = 3
	num.partitions = 1
	num.recovery.threads.per.data.dir = 1
	num.replica.alter.log.dirs.threads = null
	num.replica.fetchers = 1
	offset.metadata.max.bytes = 4096
	offsets.commit.required.acks = -1
	offsets.commit.timeout.ms = 5000
	offsets.load.buffer.size = 5242880
	offsets.retention.check.interval.ms = 600000
	offsets.retention.minutes = 10080
	offsets.topic.compression.codec = 0
	offsets.topic.num.partitions = 50
	offsets.topic.replication.factor = 1
	offsets.topic.segment.bytes = 104857600
	password.encoder.cipher.algorithm = AES/CBC/PKCS5Padding
	password.encoder.iterations = 4096
	password.encoder.key.length = 128
	password.encoder.keyfactory.algorithm = null
	password.encoder.old.secret = null
	password.encoder.secret = null
	port = 9092
	principal.builder.class = null
	producer.purgatory.purge.interval.requests = 1000
	queued.max.request.bytes = -1
	queued.max.requests = 500
	quota.consumer.default = 9223372036854775807
	quota.producer.default = 9223372036854775807
	quota.window.num = 11
	quota.window.size.seconds = 1
	replica.fetch.backoff.ms = 1000
	replica.fetch.max.bytes = 1048576
	replica.fetch.min.bytes = 1
	replica.fetch.response.max.bytes = 10485760
	replica.fetch.wait.max.ms = 500
	replica.high.watermark.checkpoint.interval.ms = 5000
	replica.lag.time.max.ms = 30000
	replica.selector.class = null
	replica.socket.receive.buffer.bytes = 65536
	replica.socket.timeout.ms = 30000
	replication.quota.window.num = 11
	replication.quota.window.size.seconds = 1
	request.timeout.ms = 30000
	reserved.broker.max.id = 1000
	sasl.client.callback.handler.class = null
	sasl.enabled.mechanisms = [GSSAPI]
	sasl.jaas.config = null
	sasl.kerberos.kinit.cmd = /usr/bin/kinit
	sasl.kerberos.min.time.before.relogin = 60000
	sasl.kerberos.principal.to.local.rules = [DEFAULT]
	sasl.kerberos.service.name = null
	sasl.kerberos.ticket.renew.jitter = 0.05
	sasl.kerberos.ticket.renew.window.factor = 0.8
	sasl.login.callback.handler.class = null
	sasl.login.class = null
	sasl.login.refresh.buffer.seconds = 300
	sasl.login.refresh.min.period.seconds = 60
	sasl.login.refresh.window.factor = 0.8
	sasl.login.refresh.window.jitter = 0.05
	sasl.mechanism.inter.broker.protocol = GSSAPI
	sasl.server.callback.handler.class = null
	security.inter.broker.protocol = PLAINTEXT
	security.providers = null
	socket.receive.buffer.bytes = 102400
	socket.request.max.bytes = 104857600
	socket.send.buffer.bytes = 102400
	ssl.cipher.suites = []
	ssl.client.auth = none
	ssl.enabled.protocols = [TLSv1.2]
	ssl.endpoint.identification.algorithm = https
	ssl.key.password = null
	ssl.keymanager.algorithm = SunX509
	ssl.keystore.location = null
	ssl.keystore.password = null
	ssl.keystore.type = JKS
	ssl.principal.mapping.rules = DEFAULT
	ssl.protocol = TLSv1.2
	ssl.provider = null
	ssl.secure.random.implementation = null
	ssl.trustmanager.algorithm = PKIX
	ssl.truststore.location = null
	ssl.truststore.password = null
	ssl.truststore.type = JKS
	transaction.abort.timed.out.transaction.cleanup.interval.ms = 10000
	transaction.max.timeout.ms = 900000
	transaction.remove.expired.transaction.cleanup.interval.ms = 3600000
	transaction.state.log.load.buffer.size = 5242880
	transaction.state.log.min.isr = 1
	transaction.state.log.num.partitions = 50
	transaction.state.log.replication.factor = 1
	transaction.state.log.segment.bytes = 104857600
	transactional.id.expiration.ms = 604800000
	unclean.leader.election.enable = false
	zookeeper.clientCnxnSocket = null
	zookeeper.connect = localhost:2181
	zookeeper.connection.timeout.ms = 18000
	zookeeper.max.in.flight.requests = 10
	zookeeper.session.timeout.ms = 18000
	zookeeper.set.acl = false
	zookeeper.ssl.cipher.suites = null
	zookeeper.ssl.client.enable = false
	zookeeper.ssl.crl.enable = false
	zookeeper.ssl.enabled.protocols = null
	zookeeper.ssl.endpoint.identification.algorithm = HTTPS
	zookeeper.ssl.keystore.location = null
	zookeeper.ssl.keystore.password = null
	zookeeper.ssl.keystore.type = null
	zookeeper.ssl.ocsp.enable = false
	zookeeper.ssl.protocol = TLSv1.2
	zookeeper.ssl.truststore.location = null
	zookeeper.ssl.truststore.password = null
	zookeeper.ssl.truststore.type = null
	zookeeper.sync.time.ms = 2000
 (kafka.server.KafkaConfig)
[2021-10-13 20:31:55,123] INFO KafkaConfig values: 
	advertised.host.name = null
	advertised.listeners = null
	advertised.port = null
	alter.config.policy.class.name = null
	alter.log.dirs.replication.quota.window.num = 11
	alter.log.dirs.replication.quota.window.size.seconds = 1
	authorizer.class.name = 
	auto.create.topics.enable = true
	auto.leader.rebalance.enable = true
	background.threads = 10
	broker.id = 0
	broker.id.generation.enable = true
	broker.rack = null
	client.quota.callback.class = null
	compression.type = producer
	connection.failed.authentication.delay.ms = 100
	connections.max.idle.ms = 600000
	connections.max.reauth.ms = 0
	control.plane.listener.name = null
	controlled.shutdown.enable = true
	controlled.shutdown.max.retries = 3
	controlled.shutdown.retry.backoff.ms = 5000
	controller.socket.timeout.ms = 30000
	create.topic.policy.class.name = null
	default.replication.factor = 1
	delegation.token.expiry.check.interval.ms = 3600000
	delegation.token.expiry.time.ms = 86400000
	delegation.token.master.key = null
	delegation.token.max.lifetime.ms = 604800000
	delete.records.purgatory.purge.interval.requests = 1
	delete.topic.enable = true
	fetch.max.bytes = 57671680
	fetch.purgatory.purge.interval.requests = 1000
	group.initial.rebalance.delay.ms = 0
	group.max.session.timeout.ms = 1800000
	group.max.size = 2147483647
	group.min.session.timeout.ms = 6000
	host.name = 
	inter.broker.listener.name = null
	inter.broker.protocol.version = 2.5-IV0
	kafka.metrics.polling.interval.secs = 10
	kafka.metrics.reporters = []
	leader.imbalance.check.interval.seconds = 300
	leader.imbalance.per.broker.percentage = 10
	listener.security.protocol.map = PLAINTEXT:PLAINTEXT,SSL:SSL,SASL_PLAINTEXT:SASL_PLAINTEXT,SASL_SSL:SASL_SSL
	listeners = PLAINTEXT://localhost:9092
	log.cleaner.backoff.ms = 15000
	log.cleaner.dedupe.buffer.size = 134217728
	log.cleaner.delete.retention.ms = 86400000
	log.cleaner.enable = true
	log.cleaner.io.buffer.load.factor = 0.9
	log.cleaner.io.buffer.size = 524288
	log.cleaner.io.max.bytes.per.second = 1.7976931348623157E308
	log.cleaner.max.compaction.lag.ms = 9223372036854775807
	log.cleaner.min.cleanable.ratio = 0.5
	log.cleaner.min.compaction.lag.ms = 0
	log.cleaner.threads = 1
	log.cleanup.policy = [delete]
	log.dir = /tmp/kafka-logs
	log.dirs = /tmp/kafka-logs
	log.flush.interval.messages = 9223372036854775807
	log.flush.interval.ms = null
	log.flush.offset.checkpoint.interval.ms = 60000
	log.flush.scheduler.interval.ms = 9223372036854775807
	log.flush.start.offset.checkpoint.interval.ms = 60000
	log.index.interval.bytes = 4096
	log.index.size.max.bytes = 10485760
	log.message.downconversion.enable = true
	log.message.format.version = 2.5-IV0
	log.message.timestamp.difference.max.ms = 9223372036854775807
	log.message.timestamp.type = CreateTime
	log.preallocate = false
	log.retention.bytes = -1
	log.retention.check.interval.ms = 300000
	log.retention.hours = 168
	log.retention.minutes = null
	log.retention.ms = null
	log.roll.hours = 168
	log.roll.jitter.hours = 0
	log.roll.jitter.ms = null
	log.roll.ms = null
	log.segment.bytes = 1073741824
	log.segment.delete.delay.ms = 60000
	max.connections = 2147483647
	max.connections.per.ip = 2147483647
	max.connections.per.ip.overrides = 
	max.incremental.fetch.session.cache.slots = 1000
	message.max.bytes = 1048588
	metric.reporters = []
	metrics.num.samples = 2
	metrics.recording.level = INFO
	metrics.sample.window.ms = 30000
	min.insync.replicas = 1
	num.io.threads = 8
	num.network.threads = 3
	num.partitions = 1
	num.recovery.threads.per.data.dir = 1
	num.replica.alter.log.dirs.threads = null
	num.replica.fetchers = 1
	offset.metadata.max.bytes = 4096
	offsets.commit.required.acks = -1
	offsets.commit.timeout.ms = 5000
	offsets.load.buffer.size = 5242880
	offsets.retention.check.interval.ms = 600000
	offsets.retention.minutes = 10080
	offsets.topic.compression.codec = 0
	offsets.topic.num.partitions = 50
	offsets.topic.replication.factor = 1
	offsets.topic.segment.bytes = 104857600
	password.encoder.cipher.algorithm = AES/CBC/PKCS5Padding
	password.encoder.iterations = 4096
	password.encoder.key.length = 128
	password.encoder.keyfactory.algorithm = null
	password.encoder.old.secret = null
	password.encoder.secret = null
	port = 9092
	principal.builder.class = null
	producer.purgatory.purge.interval.requests = 1000
	queued.max.request.bytes = -1
	queued.max.requests = 500
	quota.consumer.default = 9223372036854775807
	quota.producer.default = 9223372036854775807
	quota.window.num = 11
	quota.window.size.seconds = 1
	replica.fetch.backoff.ms = 1000
	replica.fetch.max.bytes = 1048576
	replica.fetch.min.bytes = 1
	replica.fetch.response.max.bytes = 10485760
	replica.fetch.wait.max.ms = 500
	replica.high.watermark.checkpoint.interval.ms = 5000
	replica.lag.time.max.ms = 30000
	replica.selector.class = null
	replica.socket.receive.buffer.bytes = 65536
	replica.socket.timeout.ms = 30000
	replication.quota.window.num = 11
	replication.quota.window.size.seconds = 1
	request.timeout.ms = 30000
	reserved.broker.max.id = 1000
	sasl.client.callback.handler.class = null
	sasl.enabled.mechanisms = [GSSAPI]
	sasl.jaas.config = null
	sasl.kerberos.kinit.cmd = /usr/bin/kinit
	sasl.kerberos.min.time.before.relogin = 60000
	sasl.kerberos.principal.to.local.rules = [DEFAULT]
	sasl.kerberos.service.name = null
	sasl.kerberos.ticket.renew.jitter = 0.05
	sasl.kerberos.ticket.renew.window.factor = 0.8
	sasl.login.callback.handler.class = null
	sasl.login.class = null
	sasl.login.refresh.buffer.seconds = 300
	sasl.login.refresh.min.period.seconds = 60
	sasl.login.refresh.window.factor = 0.8
	sasl.login.refresh.window.jitter = 0.05
	sasl.mechanism.inter.broker.protocol = GSSAPI
	sasl.server.callback.handler.class = null
	security.inter.broker.protocol = PLAINTEXT
	security.providers = null
	socket.receive.buffer.bytes = 102400
	socket.request.max.bytes = 104857600
	socket.send.buffer.bytes = 102400
	ssl.cipher.suites = []
	ssl.client.auth = none
	ssl.enabled.protocols = [TLSv1.2]
	ssl.endpoint.identification.algorithm = https
	ssl.key.password = null
	ssl.keymanager.algorithm = SunX509
	ssl.keystore.location = null
	ssl.keystore.password = null
	ssl.keystore.type = JKS
	ssl.principal.mapping.rules = DEFAULT
	ssl.protocol = TLSv1.2
	ssl.provider = null
	ssl.secure.random.implementation = null
	ssl.trustmanager.algorithm = PKIX
	ssl.truststore.location = null
	ssl.truststore.password = null
	ssl.truststore.type = JKS
	transaction.abort.timed.out.transaction.cleanup.interval.ms = 10000
	transaction.max.timeout.ms = 900000
	transaction.remove.expired.transaction.cleanup.interval.ms = 3600000
	transaction.state.log.load.buffer.size = 5242880
	transaction.state.log.min.isr = 1
	transaction.state.log.num.partitions = 50
	transaction.state.log.replication.factor = 1
	transaction.state.log.segment.bytes = 104857600
	transactional.id.expiration.ms = 604800000
	unclean.leader.election.enable = false
	zookeeper.clientCnxnSocket = null
	zookeeper.connect = localhost:2181
	zookeeper.connection.timeout.ms = 18000
	zookeeper.max.in.flight.requests = 10
	zookeeper.session.timeout.ms = 18000
	zookeeper.set.acl = false
	zookeeper.ssl.cipher.suites = null
	zookeeper.ssl.client.enable = false
	zookeeper.ssl.crl.enable = false
	zookeeper.ssl.enabled.protocols = null
	zookeeper.ssl.endpoint.identification.algorithm = HTTPS
	zookeeper.ssl.keystore.location = null
	zookeeper.ssl.keystore.password = null
	zookeeper.ssl.keystore.type = null
	zookeeper.ssl.ocsp.enable = false
	zookeeper.ssl.protocol = TLSv1.2
	zookeeper.ssl.truststore.location = null
	zookeeper.ssl.truststore.password = null
	zookeeper.ssl.truststore.type = null
	zookeeper.sync.time.ms = 2000
 (kafka.server.KafkaConfig)
[2021-10-13 20:31:55,147] INFO [ThrottledChannelReaper-Fetch]: Starting (kafka.server.ClientQuotaManager$ThrottledChannelReaper)
[2021-10-13 20:31:55,147] INFO [ThrottledChannelReaper-Produce]: Starting (kafka.server.ClientQuotaManager$ThrottledChannelReaper)
[2021-10-13 20:31:55,147] INFO [ThrottledChannelReaper-Request]: Starting (kafka.server.ClientQuotaManager$ThrottledChannelReaper)
[2021-10-13 20:31:55,164] INFO Loading logs. (kafka.log.LogManager)
[2021-10-13 20:31:55,169] INFO Logs loading complete in 5 ms. (kafka.log.LogManager)
[2021-10-13 20:31:55,179] INFO Starting log cleanup with a period of 300000 ms. (kafka.log.LogManager)
[2021-10-13 20:31:55,181] INFO Starting log flusher with a default period of 9223372036854775807 ms. (kafka.log.LogManager)
[2021-10-13 20:31:55,403] INFO Awaiting socket connections on localhost:9092. (kafka.network.Acceptor)
[2021-10-13 20:31:55,424] INFO [SocketServer brokerId=0] Created data-plane acceptor and processors for endpoint : EndPoint(localhost,9092,ListenerName(PLAINTEXT),PLAINTEXT) (kafka.network.SocketServer)
[2021-10-13 20:31:55,425] INFO [SocketServer brokerId=0] Started 1 acceptor threads for data-plane (kafka.network.SocketServer)
[2021-10-13 20:31:55,436] INFO [ExpirationReaper-0-Produce]: Starting (kafka.server.DelayedOperationPurgatory$ExpiredOperationReaper)
[2021-10-13 20:31:55,436] INFO [ExpirationReaper-0-Fetch]: Starting (kafka.server.DelayedOperationPurgatory$ExpiredOperationReaper)
[2021-10-13 20:31:55,437] INFO [ExpirationReaper-0-DeleteRecords]: Starting (kafka.server.DelayedOperationPurgatory$ExpiredOperationReaper)
[2021-10-13 20:31:55,437] INFO [ExpirationReaper-0-ElectLeader]: Starting (kafka.server.DelayedOperationPurgatory$ExpiredOperationReaper)
[2021-10-13 20:31:55,445] INFO [LogDirFailureHandler]: Starting (kafka.server.ReplicaManager$LogDirFailureHandler)
[2021-10-13 20:31:55,475] INFO Creating /brokers/ids/0 (is it secure? false) (kafka.zk.KafkaZkClient)
[2021-10-13 20:31:55,507] INFO Stat of the created znode at /brokers/ids/0 is: 44,44,1634137315482,1634137315482,1,0,0,72058029230784512,188,0,44
 (kafka.zk.KafkaZkClient)
[2021-10-13 20:31:55,508] INFO Registered broker 0 at path /brokers/ids/0 with addresses: ArraySeq(EndPoint(localhost,9092,ListenerName(PLAINTEXT),PLAINTEXT)), czxid (broker epoch): 44 (kafka.zk.KafkaZkClient)
[2021-10-13 20:31:55,544] INFO [ExpirationReaper-0-topic]: Starting (kafka.server.DelayedOperationPurgatory$ExpiredOperationReaper)
[2021-10-13 20:31:55,546] INFO [ExpirationReaper-0-Heartbeat]: Starting (kafka.server.DelayedOperationPurgatory$ExpiredOperationReaper)
[2021-10-13 20:31:55,547] INFO [ExpirationReaper-0-Rebalance]: Starting (kafka.server.DelayedOperationPurgatory$ExpiredOperationReaper)
[2021-10-13 20:31:55,579] INFO [GroupCoordinator 0]: Starting up. (kafka.coordinator.group.GroupCoordinator)
[2021-10-13 20:31:55,580] INFO [GroupCoordinator 0]: Startup complete. (kafka.coordinator.group.GroupCoordinator)
[2021-10-13 20:31:55,583] INFO [GroupMetadataManager brokerId=0] Removed 0 expired offsets in 4 milliseconds. (kafka.coordinator.group.GroupMetadataManager)
[2021-10-13 20:31:55,610] INFO [ProducerId Manager 0]: Acquired new producerId block (brokerId:0,blockStartProducerId:1000,blockEndProducerId:1999) by writing to Zk with path version 2 (kafka.coordinator.transaction.ProducerIdManager)
[2021-10-13 20:31:55,624] INFO [TransactionCoordinator id=0] Starting up. (kafka.coordinator.transaction.TransactionCoordinator)
[2021-10-13 20:31:55,625] INFO [Transaction Marker Channel Manager 0]: Starting (kafka.coordinator.transaction.TransactionMarkerChannelManager)
[2021-10-13 20:31:55,625] INFO [TransactionCoordinator id=0] Startup complete. (kafka.coordinator.transaction.TransactionCoordinator)
[2021-10-13 20:31:55,638] INFO [ExpirationReaper-0-AlterAcls]: Starting (kafka.server.DelayedOperationPurgatory$ExpiredOperationReaper)
[2021-10-13 20:31:55,647] INFO [/config/changes-event-process-thread]: Starting (kafka.common.ZkNodeChangeNotificationListener$ChangeEventProcessThread)
[2021-10-13 20:31:55,672] INFO [SocketServer brokerId=0] Started data-plane processors for 1 acceptors (kafka.network.SocketServer)
[2021-10-13 20:31:55,675] INFO Kafka version: 2.5.0 (org.apache.kafka.common.utils.AppInfoParser)
[2021-10-13 20:31:55,675] INFO Kafka commitId: 66563e712b0b9f84 (org.apache.kafka.common.utils.AppInfoParser)
[2021-10-13 20:31:55,675] INFO Kafka startTimeMs: 1634137315673 (org.apache.kafka.common.utils.AppInfoParser)
[2021-10-13 20:31:55,676] INFO [KafkaServer id=0] started (kafka.server.KafkaServer)
[2021-10-13 20:32:05,561] INFO Terminating process due to signal SIGINT (org.apache.kafka.common.utils.LoggingSignalHandler)
[2021-10-13 20:32:05,562] INFO [KafkaServer id=0] shutting down (kafka.server.KafkaServer)
[2021-10-13 20:32:05,563] INFO [KafkaServer id=0] Starting controlled shutdown (kafka.server.KafkaServer)
[2021-10-13 20:32:05,580] INFO [KafkaServer id=0] Controlled shutdown succeeded (kafka.server.KafkaServer)
[2021-10-13 20:32:05,585] INFO [/config/changes-event-process-thread]: Shutting down (kafka.common.ZkNodeChangeNotificationListener$ChangeEventProcessThread)
[2021-10-13 20:32:05,585] INFO [/config/changes-event-process-thread]: Stopped (kafka.common.ZkNodeChangeNotificationListener$ChangeEventProcessThread)
[2021-10-13 20:32:05,585] INFO [/config/changes-event-process-thread]: Shutdown completed (kafka.common.ZkNodeChangeNotificationListener$ChangeEventProcessThread)
[2021-10-13 20:32:05,586] INFO [SocketServer brokerId=0] Stopping socket server request processors (kafka.network.SocketServer)
[2021-10-13 20:32:05,591] INFO [SocketServer brokerId=0] Stopped socket server request processors (kafka.network.SocketServer)
[2021-10-13 20:32:05,592] INFO [data-plane Kafka Request Handler on Broker 0], shutting down (kafka.server.KafkaRequestHandlerPool)
[2021-10-13 20:32:05,593] INFO [data-plane Kafka Request Handler on Broker 0], shut down completely (kafka.server.KafkaRequestHandlerPool)
[2021-10-13 20:32:05,595] INFO [ExpirationReaper-0-AlterAcls]: Shutting down (kafka.server.DelayedOperationPurgatory$ExpiredOperationReaper)
[2021-10-13 20:32:05,748] INFO [ExpirationReaper-0-AlterAcls]: Stopped (kafka.server.DelayedOperationPurgatory$ExpiredOperationReaper)
[2021-10-13 20:32:05,748] INFO [ExpirationReaper-0-AlterAcls]: Shutdown completed (kafka.server.DelayedOperationPurgatory$ExpiredOperationReaper)
[2021-10-13 20:32:05,749] INFO [KafkaApi-0] Shutdown complete. (kafka.server.KafkaApis)
[2021-10-13 20:32:05,749] INFO [ExpirationReaper-0-topic]: Shutting down (kafka.server.DelayedOperationPurgatory$ExpiredOperationReaper)
[2021-10-13 20:32:05,874] INFO [ExpirationReaper-0-topic]: Stopped (kafka.server.DelayedOperationPurgatory$ExpiredOperationReaper)
[2021-10-13 20:32:05,874] INFO [ExpirationReaper-0-topic]: Shutdown completed (kafka.server.DelayedOperationPurgatory$ExpiredOperationReaper)
[2021-10-13 20:32:05,875] INFO [TransactionCoordinator id=0] Shutting down. (kafka.coordinator.transaction.TransactionCoordinator)
[2021-10-13 20:32:05,875] INFO [ProducerId Manager 0]: Shutdown complete: last producerId assigned 1000 (kafka.coordinator.transaction.ProducerIdManager)
[2021-10-13 20:32:05,876] INFO [Transaction State Manager 0]: Shutdown complete (kafka.coordinator.transaction.TransactionStateManager)
[2021-10-13 20:32:05,876] INFO [Transaction Marker Channel Manager 0]: Shutting down (kafka.coordinator.transaction.TransactionMarkerChannelManager)
[2021-10-13 20:32:05,877] INFO [Transaction Marker Channel Manager 0]: Stopped (kafka.coordinator.transaction.TransactionMarkerChannelManager)
[2021-10-13 20:32:05,877] INFO [Transaction Marker Channel Manager 0]: Shutdown completed (kafka.coordinator.transaction.TransactionMarkerChannelManager)
[2021-10-13 20:32:05,877] INFO [TransactionCoordinator id=0] Shutdown complete. (kafka.coordinator.transaction.TransactionCoordinator)
[2021-10-13 20:32:05,878] INFO [GroupCoordinator 0]: Shutting down. (kafka.coordinator.group.GroupCoordinator)
[2021-10-13 20:32:05,878] INFO [ExpirationReaper-0-Heartbeat]: Shutting down (kafka.server.DelayedOperationPurgatory$ExpiredOperationReaper)
[2021-10-13 20:32:06,077] INFO [ExpirationReaper-0-Heartbeat]: Stopped (kafka.server.DelayedOperationPurgatory$ExpiredOperationReaper)
[2021-10-13 20:32:06,077] INFO [ExpirationReaper-0-Heartbeat]: Shutdown completed (kafka.server.DelayedOperationPurgatory$ExpiredOperationReaper)
[2021-10-13 20:32:06,078] INFO [ExpirationReaper-0-Rebalance]: Shutting down (kafka.server.DelayedOperationPurgatory$ExpiredOperationReaper)
[2021-10-13 20:32:06,282] INFO [ExpirationReaper-0-Rebalance]: Stopped (kafka.server.DelayedOperationPurgatory$ExpiredOperationReaper)
[2021-10-13 20:32:06,282] INFO [ExpirationReaper-0-Rebalance]: Shutdown completed (kafka.server.DelayedOperationPurgatory$ExpiredOperationReaper)
[2021-10-13 20:32:06,284] INFO [GroupCoordinator 0]: Shutdown complete. (kafka.coordinator.group.GroupCoordinator)
[2021-10-13 20:32:06,285] INFO [ReplicaManager broker=0] Shutting down (kafka.server.ReplicaManager)
[2021-10-13 20:32:06,285] INFO [LogDirFailureHandler]: Shutting down (kafka.server.ReplicaManager$LogDirFailureHandler)
[2021-10-13 20:32:06,285] INFO [LogDirFailureHandler]: Stopped (kafka.server.ReplicaManager$LogDirFailureHandler)
[2021-10-13 20:32:06,285] INFO [LogDirFailureHandler]: Shutdown completed (kafka.server.ReplicaManager$LogDirFailureHandler)
[2021-10-13 20:32:06,286] INFO [ReplicaFetcherManager on broker 0] shutting down (kafka.server.ReplicaFetcherManager)
[2021-10-13 20:32:06,287] INFO [ReplicaFetcherManager on broker 0] shutdown completed (kafka.server.ReplicaFetcherManager)
[2021-10-13 20:32:06,287] INFO [ReplicaAlterLogDirsManager on broker 0] shutting down (kafka.server.ReplicaAlterLogDirsManager)
[2021-10-13 20:32:06,288] INFO [ReplicaAlterLogDirsManager on broker 0] shutdown completed (kafka.server.ReplicaAlterLogDirsManager)
[2021-10-13 20:32:06,288] INFO [ExpirationReaper-0-Fetch]: Shutting down (kafka.server.DelayedOperationPurgatory$ExpiredOperationReaper)
[2021-10-13 20:32:06,367] INFO [ExpirationReaper-0-Fetch]: Stopped (kafka.server.DelayedOperationPurgatory$ExpiredOperationReaper)
[2021-10-13 20:32:06,367] INFO [ExpirationReaper-0-Fetch]: Shutdown completed (kafka.server.DelayedOperationPurgatory$ExpiredOperationReaper)
[2021-10-13 20:32:06,367] INFO [ExpirationReaper-0-Produce]: Shutting down (kafka.server.DelayedOperationPurgatory$ExpiredOperationReaper)
[2021-10-13 20:32:06,572] INFO [ExpirationReaper-0-Produce]: Stopped (kafka.server.DelayedOperationPurgatory$ExpiredOperationReaper)
[2021-10-13 20:32:06,572] INFO [ExpirationReaper-0-Produce]: Shutdown completed (kafka.server.DelayedOperationPurgatory$ExpiredOperationReaper)
[2021-10-13 20:32:06,572] INFO [ExpirationReaper-0-DeleteRecords]: Shutting down (kafka.server.DelayedOperationPurgatory$ExpiredOperationReaper)
[2021-10-13 20:32:06,767] INFO [ExpirationReaper-0-DeleteRecords]: Stopped (kafka.server.DelayedOperationPurgatory$ExpiredOperationReaper)
[2021-10-13 20:32:06,767] INFO [ExpirationReaper-0-DeleteRecords]: Shutdown completed (kafka.server.DelayedOperationPurgatory$ExpiredOperationReaper)
[2021-10-13 20:32:06,768] INFO [ExpirationReaper-0-ElectLeader]: Shutting down (kafka.server.DelayedOperationPurgatory$ExpiredOperationReaper)
[2021-10-13 20:32:06,971] INFO [ExpirationReaper-0-ElectLeader]: Stopped (kafka.server.DelayedOperationPurgatory$ExpiredOperationReaper)
[2021-10-13 20:32:06,971] INFO [ExpirationReaper-0-ElectLeader]: Shutdown completed (kafka.server.DelayedOperationPurgatory$ExpiredOperationReaper)
[2021-10-13 20:32:06,978] INFO [ReplicaManager broker=0] Shut down completely (kafka.server.ReplicaManager)
[2021-10-13 20:32:06,978] INFO Shutting down. (kafka.log.LogManager)
[2021-10-13 20:32:06,984] INFO Shutdown complete. (kafka.log.LogManager)
[2021-10-13 20:32:06,989] INFO [ZooKeeperClient Kafka server] Closing. (kafka.zookeeper.ZooKeeperClient)
[2021-10-13 20:32:07,114] INFO Session: 0x100006553840000 closed (org.apache.zookeeper.ZooKeeper)
[2021-10-13 20:32:07,114] INFO EventThread shut down for session: 0x100006553840000 (org.apache.zookeeper.ClientCnxn)
[2021-10-13 20:32:07,115] INFO [ZooKeeperClient Kafka server] Closed. (kafka.zookeeper.ZooKeeperClient)
[2021-10-13 20:32:07,116] INFO [ThrottledChannelReaper-Fetch]: Shutting down (kafka.server.ClientQuotaManager$ThrottledChannelReaper)
[2021-10-13 20:32:07,174] INFO [ThrottledChannelReaper-Fetch]: Stopped (kafka.server.ClientQuotaManager$ThrottledChannelReaper)
[2021-10-13 20:32:07,174] INFO [ThrottledChannelReaper-Fetch]: Shutdown completed (kafka.server.ClientQuotaManager$ThrottledChannelReaper)
[2021-10-13 20:32:07,175] INFO [ThrottledChannelReaper-Produce]: Shutting down (kafka.server.ClientQuotaManager$ThrottledChannelReaper)
[2021-10-13 20:32:08,175] INFO [ThrottledChannelReaper-Produce]: Stopped (kafka.server.ClientQuotaManager$ThrottledChannelReaper)
[2021-10-13 20:32:08,175] INFO [ThrottledChannelReaper-Produce]: Shutdown completed (kafka.server.ClientQuotaManager$ThrottledChannelReaper)
[2021-10-13 20:32:08,176] INFO [ThrottledChannelReaper-Request]: Shutting down (kafka.server.ClientQuotaManager$ThrottledChannelReaper)
[2021-10-13 20:32:09,176] INFO [ThrottledChannelReaper-Request]: Stopped (kafka.server.ClientQuotaManager$ThrottledChannelReaper)
[2021-10-13 20:32:09,176] INFO [ThrottledChannelReaper-Request]: Shutdown completed (kafka.server.ClientQuotaManager$ThrottledChannelReaper)
[2021-10-13 20:32:09,178] INFO [SocketServer brokerId=0] Shutting down socket server (kafka.network.SocketServer)
[2021-10-13 20:32:09,191] INFO [SocketServer brokerId=0] Shutdown completed (kafka.network.SocketServer)
[2021-10-13 20:32:09,193] INFO [KafkaServer id=0] shut down completed (kafka.server.KafkaServer)
