[2021-10-20 18:00:33,539] INFO [Controller id=1] Processing automatic preferred replica leader election (kafka.controller.KafkaController)
[2021-10-20 18:00:33,542] TRACE [Controller id=1] Checking need to trigger auto leader balancing (kafka.controller.KafkaController)
[2021-10-20 18:00:33,542] DEBUG [Controller id=1] Topics not in preferred replica for broker 1 HashMap() (kafka.controller.KafkaController)
[2021-10-20 18:00:33,542] TRACE [Controller id=1] Leader imbalance ratio for broker 1 is 0.0 (kafka.controller.KafkaController)
[2021-10-20 18:00:33,543] DEBUG [Controller id=1] Topics not in preferred replica for broker 2 HashMap(shiva-0 -> List(2, 1, 3)) (kafka.controller.KafkaController)
[2021-10-20 18:00:33,543] TRACE [Controller id=1] Leader imbalance ratio for broker 2 is 0.05263157894736842 (kafka.controller.KafkaController)
[2021-10-20 18:00:33,543] DEBUG [Controller id=1] Topics not in preferred replica for broker 3 HashMap(shiva-1 -> List(3, 2, 1)) (kafka.controller.KafkaController)
[2021-10-20 18:00:33,543] TRACE [Controller id=1] Leader imbalance ratio for broker 3 is 0.05555555555555555 (kafka.controller.KafkaController)
[2021-10-20 18:05:33,548] INFO [Controller id=1] Processing automatic preferred replica leader election (kafka.controller.KafkaController)
[2021-10-20 18:05:33,548] TRACE [Controller id=1] Checking need to trigger auto leader balancing (kafka.controller.KafkaController)
[2021-10-20 18:05:33,548] DEBUG [Controller id=1] Topics not in preferred replica for broker 1 HashMap() (kafka.controller.KafkaController)
[2021-10-20 18:05:33,548] TRACE [Controller id=1] Leader imbalance ratio for broker 1 is 0.0 (kafka.controller.KafkaController)
[2021-10-20 18:05:33,548] DEBUG [Controller id=1] Topics not in preferred replica for broker 2 HashMap(shiva-0 -> List(2, 1, 3)) (kafka.controller.KafkaController)
[2021-10-20 18:05:33,549] TRACE [Controller id=1] Leader imbalance ratio for broker 2 is 0.05263157894736842 (kafka.controller.KafkaController)
[2021-10-20 18:05:33,549] DEBUG [Controller id=1] Topics not in preferred replica for broker 3 HashMap(shiva-1 -> List(3, 2, 1)) (kafka.controller.KafkaController)
[2021-10-20 18:05:33,549] TRACE [Controller id=1] Leader imbalance ratio for broker 3 is 0.05555555555555555 (kafka.controller.KafkaController)
[2021-10-20 18:10:33,557] INFO [Controller id=1] Processing automatic preferred replica leader election (kafka.controller.KafkaController)
[2021-10-20 18:10:33,557] TRACE [Controller id=1] Checking need to trigger auto leader balancing (kafka.controller.KafkaController)
[2021-10-20 18:10:33,558] DEBUG [Controller id=1] Topics not in preferred replica for broker 1 HashMap() (kafka.controller.KafkaController)
[2021-10-20 18:10:33,558] TRACE [Controller id=1] Leader imbalance ratio for broker 1 is 0.0 (kafka.controller.KafkaController)
[2021-10-20 18:10:33,558] DEBUG [Controller id=1] Topics not in preferred replica for broker 2 HashMap(shiva-0 -> List(2, 1, 3)) (kafka.controller.KafkaController)
[2021-10-20 18:10:33,558] TRACE [Controller id=1] Leader imbalance ratio for broker 2 is 0.05263157894736842 (kafka.controller.KafkaController)
[2021-10-20 18:10:33,558] DEBUG [Controller id=1] Topics not in preferred replica for broker 3 HashMap(shiva-1 -> List(3, 2, 1)) (kafka.controller.KafkaController)
[2021-10-20 18:10:33,558] TRACE [Controller id=1] Leader imbalance ratio for broker 3 is 0.05555555555555555 (kafka.controller.KafkaController)
[2021-10-20 18:15:33,567] INFO [Controller id=1] Processing automatic preferred replica leader election (kafka.controller.KafkaController)
[2021-10-20 18:15:33,567] TRACE [Controller id=1] Checking need to trigger auto leader balancing (kafka.controller.KafkaController)
[2021-10-20 18:15:33,567] DEBUG [Controller id=1] Topics not in preferred replica for broker 1 HashMap() (kafka.controller.KafkaController)
[2021-10-20 18:15:33,567] TRACE [Controller id=1] Leader imbalance ratio for broker 1 is 0.0 (kafka.controller.KafkaController)
[2021-10-20 18:15:33,567] DEBUG [Controller id=1] Topics not in preferred replica for broker 2 HashMap(shiva-0 -> List(2, 1, 3)) (kafka.controller.KafkaController)
[2021-10-20 18:15:33,567] TRACE [Controller id=1] Leader imbalance ratio for broker 2 is 0.05263157894736842 (kafka.controller.KafkaController)
[2021-10-20 18:15:33,567] DEBUG [Controller id=1] Topics not in preferred replica for broker 3 HashMap(shiva-1 -> List(3, 2, 1)) (kafka.controller.KafkaController)
[2021-10-20 18:15:33,567] TRACE [Controller id=1] Leader imbalance ratio for broker 3 is 0.05555555555555555 (kafka.controller.KafkaController)
[2021-10-20 18:26:14,856] INFO [Controller id=1] Processing automatic preferred replica leader election (kafka.controller.KafkaController)
[2021-10-20 18:26:14,858] TRACE [Controller id=1] Checking need to trigger auto leader balancing (kafka.controller.KafkaController)
[2021-10-20 18:26:14,858] DEBUG [Controller id=1] Topics not in preferred replica for broker 1 HashMap() (kafka.controller.KafkaController)
[2021-10-20 18:26:14,858] TRACE [Controller id=1] Leader imbalance ratio for broker 1 is 0.0 (kafka.controller.KafkaController)
[2021-10-20 18:26:14,858] DEBUG [Controller id=1] Topics not in preferred replica for broker 2 HashMap(shiva-0 -> List(2, 1, 3)) (kafka.controller.KafkaController)
[2021-10-20 18:26:14,858] TRACE [Controller id=1] Leader imbalance ratio for broker 2 is 0.05263157894736842 (kafka.controller.KafkaController)
[2021-10-20 18:26:14,858] DEBUG [Controller id=1] Topics not in preferred replica for broker 3 HashMap(shiva-1 -> List(3, 2, 1)) (kafka.controller.KafkaController)
[2021-10-20 18:26:14,858] TRACE [Controller id=1] Leader imbalance ratio for broker 3 is 0.05555555555555555 (kafka.controller.KafkaController)
[2021-10-20 18:31:14,869] INFO [Controller id=1] Processing automatic preferred replica leader election (kafka.controller.KafkaController)
[2021-10-20 18:31:14,870] TRACE [Controller id=1] Checking need to trigger auto leader balancing (kafka.controller.KafkaController)
[2021-10-20 18:31:14,870] DEBUG [Controller id=1] Topics not in preferred replica for broker 1 HashMap() (kafka.controller.KafkaController)
[2021-10-20 18:31:14,870] TRACE [Controller id=1] Leader imbalance ratio for broker 1 is 0.0 (kafka.controller.KafkaController)
[2021-10-20 18:31:14,870] DEBUG [Controller id=1] Topics not in preferred replica for broker 2 HashMap(shiva-0 -> List(2, 1, 3)) (kafka.controller.KafkaController)
[2021-10-20 18:31:14,870] TRACE [Controller id=1] Leader imbalance ratio for broker 2 is 0.05263157894736842 (kafka.controller.KafkaController)
[2021-10-20 18:31:14,870] DEBUG [Controller id=1] Topics not in preferred replica for broker 3 HashMap(shiva-1 -> List(3, 2, 1)) (kafka.controller.KafkaController)
[2021-10-20 18:31:14,870] TRACE [Controller id=1] Leader imbalance ratio for broker 3 is 0.05555555555555555 (kafka.controller.KafkaController)
[2021-10-20 18:36:14,882] INFO [Controller id=1] Processing automatic preferred replica leader election (kafka.controller.KafkaController)
[2021-10-20 18:36:14,883] TRACE [Controller id=1] Checking need to trigger auto leader balancing (kafka.controller.KafkaController)
[2021-10-20 18:36:14,884] DEBUG [Controller id=1] Topics not in preferred replica for broker 1 HashMap() (kafka.controller.KafkaController)
[2021-10-20 18:36:14,884] TRACE [Controller id=1] Leader imbalance ratio for broker 1 is 0.0 (kafka.controller.KafkaController)
[2021-10-20 18:36:14,884] DEBUG [Controller id=1] Topics not in preferred replica for broker 2 HashMap(shiva-0 -> List(2, 1, 3)) (kafka.controller.KafkaController)
[2021-10-20 18:36:14,884] TRACE [Controller id=1] Leader imbalance ratio for broker 2 is 0.05263157894736842 (kafka.controller.KafkaController)
[2021-10-20 18:36:14,884] DEBUG [Controller id=1] Topics not in preferred replica for broker 3 HashMap(shiva-1 -> List(3, 2, 1)) (kafka.controller.KafkaController)
[2021-10-20 18:36:14,884] TRACE [Controller id=1] Leader imbalance ratio for broker 3 is 0.05555555555555555 (kafka.controller.KafkaController)
[2021-10-20 18:41:14,836] INFO [Controller id=1] Processing automatic preferred replica leader election (kafka.controller.KafkaController)
[2021-10-20 18:41:14,837] TRACE [Controller id=1] Checking need to trigger auto leader balancing (kafka.controller.KafkaController)
[2021-10-20 18:41:14,838] DEBUG [Controller id=1] Topics not in preferred replica for broker 1 HashMap() (kafka.controller.KafkaController)
[2021-10-20 18:41:14,838] TRACE [Controller id=1] Leader imbalance ratio for broker 1 is 0.0 (kafka.controller.KafkaController)
[2021-10-20 18:41:14,838] DEBUG [Controller id=1] Topics not in preferred replica for broker 2 HashMap(shiva-0 -> List(2, 1, 3)) (kafka.controller.KafkaController)
[2021-10-20 18:41:14,838] TRACE [Controller id=1] Leader imbalance ratio for broker 2 is 0.05263157894736842 (kafka.controller.KafkaController)
[2021-10-20 18:41:14,838] DEBUG [Controller id=1] Topics not in preferred replica for broker 3 HashMap(shiva-1 -> List(3, 2, 1)) (kafka.controller.KafkaController)
[2021-10-20 18:41:14,838] TRACE [Controller id=1] Leader imbalance ratio for broker 3 is 0.05555555555555555 (kafka.controller.KafkaController)
[2021-10-20 18:46:14,850] INFO [Controller id=1] Processing automatic preferred replica leader election (kafka.controller.KafkaController)
[2021-10-20 18:46:14,850] TRACE [Controller id=1] Checking need to trigger auto leader balancing (kafka.controller.KafkaController)
[2021-10-20 18:46:14,851] DEBUG [Controller id=1] Topics not in preferred replica for broker 1 HashMap() (kafka.controller.KafkaController)
[2021-10-20 18:46:14,851] TRACE [Controller id=1] Leader imbalance ratio for broker 1 is 0.0 (kafka.controller.KafkaController)
[2021-10-20 18:46:14,851] DEBUG [Controller id=1] Topics not in preferred replica for broker 2 HashMap(shiva-0 -> List(2, 1, 3)) (kafka.controller.KafkaController)
[2021-10-20 18:46:14,851] TRACE [Controller id=1] Leader imbalance ratio for broker 2 is 0.05263157894736842 (kafka.controller.KafkaController)
[2021-10-20 18:46:14,851] DEBUG [Controller id=1] Topics not in preferred replica for broker 3 HashMap(shiva-1 -> List(3, 2, 1)) (kafka.controller.KafkaController)
[2021-10-20 18:46:14,851] TRACE [Controller id=1] Leader imbalance ratio for broker 3 is 0.05555555555555555 (kafka.controller.KafkaController)
