2021-10-13 21:34:12,668 [myid:] - INFO  [main:QuorumPeerConfig@135] - Reading configuration from: /Users/skedlayah/Documents/Code/Kafka-exp/Beginner/3-node-cluster/zookeeper_1/bin/../conf/zoo.cfg
2021-10-13 21:34:12,676 [myid:] - INFO  [main:QuorumPeerConfig@387] - clientPortAddress is 0.0.0.0:2181
2021-10-13 21:34:12,676 [myid:] - INFO  [main:QuorumPeerConfig@391] - secureClientPort is not set
2021-10-13 21:34:12,684 [myid:1] - INFO  [main:DatadirCleanupManager@78] - autopurge.snapRetainCount set to 3
2021-10-13 21:34:12,685 [myid:1] - INFO  [main:DatadirCleanupManager@79] - autopurge.purgeInterval set to 0
2021-10-13 21:34:12,685 [myid:1] - INFO  [main:DatadirCleanupManager@101] - Purge task is not scheduled.
2021-10-13 21:34:12,685 [myid:1] - INFO  [main:ManagedUtil@46] - Log4j found with jmx enabled.
2021-10-13 21:34:12,691 [myid:1] - INFO  [main:QuorumPeerMain@141] - Starting quorum peer
2021-10-13 21:34:12,698 [myid:1] - INFO  [main:ServerCnxnFactory@135] - Using org.apache.zookeeper.server.NIOServerCnxnFactory as server connection factory
2021-10-13 21:34:12,700 [myid:1] - INFO  [main:NIOServerCnxnFactory@673] - Configuring NIO connection handler with 10s sessionless connection timeout, 2 selector thread(s), 32 worker threads, and 64 kB direct buffers.
2021-10-13 21:34:12,707 [myid:1] - INFO  [main:NIOServerCnxnFactory@686] - binding to port 0.0.0.0/0.0.0.0:2181
2021-10-13 21:34:12,724 [myid:1] - INFO  [main:Log@169] - Logging initialized @2152ms to org.eclipse.jetty.util.log.Slf4jLog
2021-10-13 21:34:12,787 [myid:1] - WARN  [main:ContextHandler@1520] - o.e.j.s.ServletContextHandler@2ac273d3{/,null,UNAVAILABLE} contextPath ends with /*
2021-10-13 21:34:12,787 [myid:1] - WARN  [main:ContextHandler@1531] - Empty contextPath
2021-10-13 21:34:12,794 [myid:1] - INFO  [main:X509Util@79] - Setting -D jdk.tls.rejectClientInitiatedRenegotiation=true to disable client-initiated TLS renegotiation
2021-10-13 21:34:12,796 [myid:1] - INFO  [main:FileTxnSnapLog@115] - zookeeper.snapshot.trust.empty : false
2021-10-13 21:34:12,799 [myid:1] - INFO  [main:QuorumPeer@1470] - Local sessions disabled
2021-10-13 21:34:12,799 [myid:1] - INFO  [main:QuorumPeer@1481] - Local session upgrading disabled
2021-10-13 21:34:12,799 [myid:1] - INFO  [main:QuorumPeer@1448] - tickTime set to 2000
2021-10-13 21:34:12,799 [myid:1] - INFO  [main:QuorumPeer@1492] - minSessionTimeout set to 4000
2021-10-13 21:34:12,799 [myid:1] - INFO  [main:QuorumPeer@1503] - maxSessionTimeout set to 40000
2021-10-13 21:34:12,799 [myid:1] - INFO  [main:QuorumPeer@1518] - initLimit set to 10
2021-10-13 21:34:12,805 [myid:1] - INFO  [main:ZKDatabase@117] - zookeeper.snapshotSizeFactor = 0.33
2021-10-13 21:34:12,807 [myid:1] - INFO  [main:QuorumPeer@1763] - Using insecure (non-TLS) quorum communication
2021-10-13 21:34:12,807 [myid:1] - INFO  [main:QuorumPeer@1769] - Port unification disabled
2021-10-13 21:34:12,807 [myid:1] - INFO  [main:QuorumPeer@2136] - QuorumPeer communication is not secured! (SASL auth disabled)
2021-10-13 21:34:12,807 [myid:1] - INFO  [main:QuorumPeer@2165] - quorum.cnxn.threads.size set to 20
2021-10-13 21:34:12,809 [myid:1] - INFO  [main:FileSnap@83] - Reading snapshot /Users/skedlayah/Documents/Code/Kafka-exp/Beginner/3-node-cluster/data/zookeeper_1/version-2/snapshot.200000000
2021-10-13 21:34:12,815 [myid:1] - INFO  [main:Server@359] - jetty-9.4.24.v20191120; built: 2019-11-20T21:37:49.771Z; git: 363d5f2df3a8a28de40604320230664b9c793c16; jvm 1.8.0_301-b09
2021-10-13 21:34:12,835 [myid:1] - INFO  [main:DefaultSessionIdManager@333] - DefaultSessionIdManager workerName=node0
2021-10-13 21:34:12,836 [myid:1] - INFO  [main:DefaultSessionIdManager@338] - No SessionScavenger set, using defaults
2021-10-13 21:34:12,836 [myid:1] - INFO  [main:HouseKeeper@140] - node0 Scavenging every 660000ms
2021-10-13 21:34:12,842 [myid:1] - INFO  [main:ContextHandler@825] - Started o.e.j.s.ServletContextHandler@2ac273d3{/,null,AVAILABLE}
2021-10-13 21:34:12,847 [myid:1] - INFO  [main:AbstractConnector@330] - Started ServerConnector@cb5822{HTTP/1.1,[http/1.1]}{0.0.0.0:8080}
2021-10-13 21:34:12,848 [myid:1] - INFO  [main:Server@399] - Started @2275ms
2021-10-13 21:34:12,848 [myid:1] - INFO  [main:JettyAdminServer@112] - Started AdminServer on address 0.0.0.0, port 8080 and command URL /commands
2021-10-13 21:34:12,850 [myid:1] - INFO  [main:QuorumCnxManager$Listener@867] - Election port bind maximum retries is 3
2021-10-13 21:34:12,851 [myid:1] - INFO  [QuorumPeerListener:QuorumCnxManager$Listener@917] - My election bind port: localhost/127.0.0.1:3788
2021-10-13 21:34:12,855 [myid:1] - INFO  [QuorumPeer[myid=1](plain=[0:0:0:0:0:0:0:0]:2181)(secure=disabled):QuorumPeer@1175] - LOOKING
2021-10-13 21:34:12,856 [myid:1] - INFO  [QuorumPeer[myid=1](plain=[0:0:0:0:0:0:0:0]:2181)(secure=disabled):FastLeaderElection@885] - New election. My id =  1, proposed zxid=0x200000000
2021-10-13 21:34:13,861 [myid:1] - WARN  [WorkerSender[myid=1]:QuorumCnxManager@685] - Cannot open channel to 2 at election address localhost/127.0.0.1:3888
java.net.ConnectException: Connection refused (Connection refused)
	at java.net.PlainSocketImpl.socketConnect(Native Method)
	at java.net.AbstractPlainSocketImpl.doConnect(AbstractPlainSocketImpl.java:476)
	at java.net.AbstractPlainSocketImpl.connectToAddress(AbstractPlainSocketImpl.java:218)
	at java.net.AbstractPlainSocketImpl.connect(AbstractPlainSocketImpl.java:200)
	at java.net.SocksSocketImpl.connect(SocksSocketImpl.java:394)
	at java.net.Socket.connect(Socket.java:606)
	at org.apache.zookeeper.server.quorum.QuorumCnxManager.connectOne(QuorumCnxManager.java:656)
	at org.apache.zookeeper.server.quorum.QuorumCnxManager.connectOne(QuorumCnxManager.java:713)
	at org.apache.zookeeper.server.quorum.QuorumCnxManager.toSend(QuorumCnxManager.java:626)
	at org.apache.zookeeper.server.quorum.FastLeaderElection$Messenger$WorkerSender.process(FastLeaderElection.java:477)
	at org.apache.zookeeper.server.quorum.FastLeaderElection$Messenger$WorkerSender.run(FastLeaderElection.java:456)
	at java.lang.Thread.run(Thread.java:748)
2021-10-13 21:34:14,864 [myid:1] - WARN  [QuorumPeer[myid=1](plain=[0:0:0:0:0:0:0:0]:2181)(secure=disabled):QuorumCnxManager@685] - Cannot open channel to 2 at election address localhost/127.0.0.1:3888
java.net.ConnectException: Connection refused (Connection refused)
	at java.net.PlainSocketImpl.socketConnect(Native Method)
	at java.net.AbstractPlainSocketImpl.doConnect(AbstractPlainSocketImpl.java:476)
	at java.net.AbstractPlainSocketImpl.connectToAddress(AbstractPlainSocketImpl.java:218)
	at java.net.AbstractPlainSocketImpl.connect(AbstractPlainSocketImpl.java:200)
	at java.net.SocksSocketImpl.connect(SocksSocketImpl.java:394)
	at java.net.Socket.connect(Socket.java:606)
	at org.apache.zookeeper.server.quorum.QuorumCnxManager.connectOne(QuorumCnxManager.java:656)
	at org.apache.zookeeper.server.quorum.QuorumCnxManager.connectOne(QuorumCnxManager.java:713)
	at org.apache.zookeeper.server.quorum.QuorumCnxManager.connectAll(QuorumCnxManager.java:741)
	at org.apache.zookeeper.server.quorum.FastLeaderElection.lookForLeader(FastLeaderElection.java:910)
	at org.apache.zookeeper.server.quorum.QuorumPeer.run(QuorumPeer.java:1229)
2021-10-13 21:34:14,865 [myid:1] - INFO  [QuorumPeer[myid=1](plain=[0:0:0:0:0:0:0:0]:2181)(secure=disabled):FastLeaderElection@919] - Notification time out: 400
2021-10-13 21:34:14,865 [myid:1] - INFO  [WorkerReceiver[myid=1]:FastLeaderElection@679] - Notification: 2 (message format version), 1 (n.leader), 0x200000000 (n.zxid), 0x1 (n.round), LOOKING (n.state), 1 (n.sid), 0x2 (n.peerEPoch), LOOKING (my state)0 (n.config version)
2021-10-13 21:34:15,866 [myid:1] - WARN  [WorkerSender[myid=1]:QuorumCnxManager@685] - Cannot open channel to 3 at election address localhost/127.0.0.1:3988
java.net.ConnectException: Connection refused (Connection refused)
	at java.net.PlainSocketImpl.socketConnect(Native Method)
	at java.net.AbstractPlainSocketImpl.doConnect(AbstractPlainSocketImpl.java:476)
	at java.net.AbstractPlainSocketImpl.connectToAddress(AbstractPlainSocketImpl.java:218)
	at java.net.AbstractPlainSocketImpl.connect(AbstractPlainSocketImpl.java:200)
	at java.net.SocksSocketImpl.connect(SocksSocketImpl.java:394)
	at java.net.Socket.connect(Socket.java:606)
	at org.apache.zookeeper.server.quorum.QuorumCnxManager.connectOne(QuorumCnxManager.java:656)
	at org.apache.zookeeper.server.quorum.QuorumCnxManager.connectOne(QuorumCnxManager.java:713)
	at org.apache.zookeeper.server.quorum.QuorumCnxManager.toSend(QuorumCnxManager.java:626)
	at org.apache.zookeeper.server.quorum.FastLeaderElection$Messenger$WorkerSender.process(FastLeaderElection.java:477)
	at org.apache.zookeeper.server.quorum.FastLeaderElection$Messenger$WorkerSender.run(FastLeaderElection.java:456)
	at java.lang.Thread.run(Thread.java:748)
2021-10-13 21:34:17,273 [myid:1] - WARN  [QuorumPeer[myid=1](plain=[0:0:0:0:0:0:0:0]:2181)(secure=disabled):QuorumCnxManager@685] - Cannot open channel to 2 at election address localhost/127.0.0.1:3888
java.net.ConnectException: Connection refused (Connection refused)
	at java.net.PlainSocketImpl.socketConnect(Native Method)
	at java.net.AbstractPlainSocketImpl.doConnect(AbstractPlainSocketImpl.java:476)
	at java.net.AbstractPlainSocketImpl.connectToAddress(AbstractPlainSocketImpl.java:218)
	at java.net.AbstractPlainSocketImpl.connect(AbstractPlainSocketImpl.java:200)
	at java.net.SocksSocketImpl.connect(SocksSocketImpl.java:394)
	at java.net.Socket.connect(Socket.java:606)
	at org.apache.zookeeper.server.quorum.QuorumCnxManager.connectOne(QuorumCnxManager.java:656)
	at org.apache.zookeeper.server.quorum.QuorumCnxManager.connectOne(QuorumCnxManager.java:713)
	at org.apache.zookeeper.server.quorum.QuorumCnxManager.connectAll(QuorumCnxManager.java:741)
	at org.apache.zookeeper.server.quorum.FastLeaderElection.lookForLeader(FastLeaderElection.java:910)
	at org.apache.zookeeper.server.quorum.QuorumPeer.run(QuorumPeer.java:1229)
2021-10-13 21:34:17,811 [myid:1] - INFO  [localhost/127.0.0.1:3788:QuorumCnxManager$Listener@924] - Received connection request 127.0.0.1:49472
2021-10-13 21:34:18,276 [myid:1] - WARN  [QuorumPeer[myid=1](plain=[0:0:0:0:0:0:0:0]:2181)(secure=disabled):QuorumCnxManager@685] - Cannot open channel to 3 at election address localhost/127.0.0.1:3988
java.net.ConnectException: Connection refused (Connection refused)
	at java.net.PlainSocketImpl.socketConnect(Native Method)
	at java.net.AbstractPlainSocketImpl.doConnect(AbstractPlainSocketImpl.java:476)
	at java.net.AbstractPlainSocketImpl.connectToAddress(AbstractPlainSocketImpl.java:218)
	at java.net.AbstractPlainSocketImpl.connect(AbstractPlainSocketImpl.java:200)
	at java.net.SocksSocketImpl.connect(SocksSocketImpl.java:394)
	at java.net.Socket.connect(Socket.java:606)
	at org.apache.zookeeper.server.quorum.QuorumCnxManager.connectOne(QuorumCnxManager.java:656)
	at org.apache.zookeeper.server.quorum.QuorumCnxManager.connectOne(QuorumCnxManager.java:713)
	at org.apache.zookeeper.server.quorum.QuorumCnxManager.connectAll(QuorumCnxManager.java:741)
	at org.apache.zookeeper.server.quorum.FastLeaderElection.lookForLeader(FastLeaderElection.java:910)
	at org.apache.zookeeper.server.quorum.QuorumPeer.run(QuorumPeer.java:1229)
2021-10-13 21:34:18,277 [myid:1] - INFO  [QuorumPeer[myid=1](plain=[0:0:0:0:0:0:0:0]:2181)(secure=disabled):FastLeaderElection@919] - Notification time out: 800
2021-10-13 21:34:18,277 [myid:1] - INFO  [WorkerReceiver[myid=1]:FastLeaderElection@679] - Notification: 2 (message format version), 2 (n.leader), 0x100000000 (n.zxid), 0x1 (n.round), LOOKING (n.state), 2 (n.sid), 0x2 (n.peerEPoch), LOOKING (my state)0 (n.config version)
2021-10-13 21:34:18,818 [myid:1] - INFO  [WorkerReceiver[myid=1]:FastLeaderElection@679] - Notification: 2 (message format version), 2 (n.leader), 0x100000000 (n.zxid), 0x1 (n.round), LOOKING (n.state), 2 (n.sid), 0x2 (n.peerEPoch), LOOKING (my state)0 (n.config version)
2021-10-13 21:34:19,624 [myid:1] - INFO  [QuorumPeer[myid=1](plain=[0:0:0:0:0:0:0:0]:2181)(secure=disabled):FastLeaderElection@919] - Notification time out: 1600
2021-10-13 21:34:20,625 [myid:1] - WARN  [WorkerSender[myid=1]:QuorumCnxManager@685] - Cannot open channel to 3 at election address localhost/127.0.0.1:3988
java.net.ConnectException: Connection refused (Connection refused)
	at java.net.PlainSocketImpl.socketConnect(Native Method)
	at java.net.AbstractPlainSocketImpl.doConnect(AbstractPlainSocketImpl.java:476)
	at java.net.AbstractPlainSocketImpl.connectToAddress(AbstractPlainSocketImpl.java:218)
	at java.net.AbstractPlainSocketImpl.connect(AbstractPlainSocketImpl.java:200)
	at java.net.SocksSocketImpl.connect(SocksSocketImpl.java:394)
	at java.net.Socket.connect(Socket.java:606)
	at org.apache.zookeeper.server.quorum.QuorumCnxManager.connectOne(QuorumCnxManager.java:656)
	at org.apache.zookeeper.server.quorum.QuorumCnxManager.connectOne(QuorumCnxManager.java:713)
	at org.apache.zookeeper.server.quorum.QuorumCnxManager.toSend(QuorumCnxManager.java:626)
	at org.apache.zookeeper.server.quorum.FastLeaderElection$Messenger$WorkerSender.process(FastLeaderElection.java:477)
	at org.apache.zookeeper.server.quorum.FastLeaderElection$Messenger$WorkerSender.run(FastLeaderElection.java:456)
	at java.lang.Thread.run(Thread.java:748)
2021-10-13 21:34:20,626 [myid:1] - INFO  [WorkerReceiver[myid=1]:FastLeaderElection@679] - Notification: 2 (message format version), 1 (n.leader), 0x200000000 (n.zxid), 0x1 (n.round), LOOKING (n.state), 1 (n.sid), 0x2 (n.peerEPoch), LOOKING (my state)0 (n.config version)
2021-10-13 21:34:20,626 [myid:1] - INFO  [WorkerReceiver[myid=1]:FastLeaderElection@679] - Notification: 2 (message format version), 1 (n.leader), 0x200000000 (n.zxid), 0x1 (n.round), LOOKING (n.state), 2 (n.sid), 0x2 (n.peerEPoch), LOOKING (my state)0 (n.config version)
2021-10-13 21:34:20,827 [myid:1] - INFO  [QuorumPeer[myid=1](plain=[0:0:0:0:0:0:0:0]:2181)(secure=disabled):QuorumPeer@1263] - LEADING
2021-10-13 21:34:20,830 [myid:1] - INFO  [QuorumPeer[myid=1](plain=[0:0:0:0:0:0:0:0]:2181)(secure=disabled):Leader@66] - TCP NoDelay set to: true
2021-10-13 21:34:20,830 [myid:1] - INFO  [QuorumPeer[myid=1](plain=[0:0:0:0:0:0:0:0]:2181)(secure=disabled):Leader@86] - zookeeper.leader.maxConcurrentSnapshots = 10
2021-10-13 21:34:20,830 [myid:1] - INFO  [QuorumPeer[myid=1](plain=[0:0:0:0:0:0:0:0]:2181)(secure=disabled):Leader@88] - zookeeper.leader.maxConcurrentSnapshotTimeout = 5
2021-10-13 21:34:20,836 [myid:1] - INFO  [QuorumPeer[myid=1](plain=[0:0:0:0:0:0:0:0]:2181)(secure=disabled):Environment@109] - Server environment:zookeeper.version=3.5.7-f0fdd52973d373ffd9c86b81d99842dc2c7f660e, built on 02/10/2020 11:30 GMT
2021-10-13 21:34:20,837 [myid:1] - INFO  [QuorumPeer[myid=1](plain=[0:0:0:0:0:0:0:0]:2181)(secure=disabled):Environment@109] - Server environment:host.name=192.168.0.108
2021-10-13 21:34:20,837 [myid:1] - INFO  [QuorumPeer[myid=1](plain=[0:0:0:0:0:0:0:0]:2181)(secure=disabled):Environment@109] - Server environment:java.version=1.8.0_301
2021-10-13 21:34:20,837 [myid:1] - INFO  [QuorumPeer[myid=1](plain=[0:0:0:0:0:0:0:0]:2181)(secure=disabled):Environment@109] - Server environment:java.vendor=Oracle Corporation
2021-10-13 21:34:20,837 [myid:1] - INFO  [QuorumPeer[myid=1](plain=[0:0:0:0:0:0:0:0]:2181)(secure=disabled):Environment@109] - Server environment:java.home=/Library/Internet Plug-Ins/JavaAppletPlugin.plugin/Contents/Home
2021-10-13 21:34:20,837 [myid:1] - INFO  [QuorumPeer[myid=1](plain=[0:0:0:0:0:0:0:0]:2181)(secure=disabled):Environment@109] - Server environment:java.class.path=/Users/skedlayah/Documents/Code/Kafka-exp/Beginner/3-node-cluster/zookeeper_1/bin/../zookeeper-server/target/classes:/Users/skedlayah/Documents/Code/Kafka-exp/Beginner/3-node-cluster/zookeeper_1/bin/../build/classes:/Users/skedlayah/Documents/Code/Kafka-exp/Beginner/3-node-cluster/zookeeper_1/bin/../zookeeper-server/target/lib/*.jar:/Users/skedlayah/Documents/Code/Kafka-exp/Beginner/3-node-cluster/zookeeper_1/bin/../build/lib/*.jar:/Users/skedlayah/Documents/Code/Kafka-exp/Beginner/3-node-cluster/zookeeper_1/bin/../lib/zookeeper-jute-3.5.7.jar:/Users/skedlayah/Documents/Code/Kafka-exp/Beginner/3-node-cluster/zookeeper_1/bin/../lib/zookeeper-3.5.7.jar:/Users/skedlayah/Documents/Code/Kafka-exp/Beginner/3-node-cluster/zookeeper_1/bin/../lib/slf4j-log4j12-1.7.25.jar:/Users/skedlayah/Documents/Code/Kafka-exp/Beginner/3-node-cluster/zookeeper_1/bin/../lib/slf4j-api-1.7.25.jar:/Users/skedlayah/Documents/Code/Kafka-exp/Beginner/3-node-cluster/zookeeper_1/bin/../lib/netty-transport-native-unix-common-4.1.45.Final.jar:/Users/skedlayah/Documents/Code/Kafka-exp/Beginner/3-node-cluster/zookeeper_1/bin/../lib/netty-transport-native-epoll-4.1.45.Final.jar:/Users/skedlayah/Documents/Code/Kafka-exp/Beginner/3-node-cluster/zookeeper_1/bin/../lib/netty-transport-4.1.45.Final.jar:/Users/skedlayah/Documents/Code/Kafka-exp/Beginner/3-node-cluster/zookeeper_1/bin/../lib/netty-resolver-4.1.45.Final.jar:/Users/skedlayah/Documents/Code/Kafka-exp/Beginner/3-node-cluster/zookeeper_1/bin/../lib/netty-handler-4.1.45.Final.jar:/Users/skedlayah/Documents/Code/Kafka-exp/Beginner/3-node-cluster/zookeeper_1/bin/../lib/netty-common-4.1.45.Final.jar:/Users/skedlayah/Documents/Code/Kafka-exp/Beginner/3-node-cluster/zookeeper_1/bin/../lib/netty-codec-4.1.45.Final.jar:/Users/skedlayah/Documents/Code/Kafka-exp/Beginner/3-node-cluster/zookeeper_1/bin/../lib/netty-buffer-4.1.45.Final.jar:/Users/skedlayah/Documents/Code/Kafka-exp/Beginner/3-node-cluster/zookeeper_1/bin/../lib/log4j-1.2.17.jar:/Users/skedlayah/Documents/Code/Kafka-exp/Beginner/3-node-cluster/zookeeper_1/bin/../lib/json-simple-1.1.1.jar:/Users/skedlayah/Documents/Code/Kafka-exp/Beginner/3-node-cluster/zookeeper_1/bin/../lib/jline-2.11.jar:/Users/skedlayah/Documents/Code/Kafka-exp/Beginner/3-node-cluster/zookeeper_1/bin/../lib/jetty-util-9.4.24.v20191120.jar:/Users/skedlayah/Documents/Code/Kafka-exp/Beginner/3-node-cluster/zookeeper_1/bin/../lib/jetty-servlet-9.4.24.v20191120.jar:/Users/skedlayah/Documents/Code/Kafka-exp/Beginner/3-node-cluster/zookeeper_1/bin/../lib/jetty-server-9.4.24.v20191120.jar:/Users/skedlayah/Documents/Code/Kafka-exp/Beginner/3-node-cluster/zookeeper_1/bin/../lib/jetty-security-9.4.24.v20191120.jar:/Users/skedlayah/Documents/Code/Kafka-exp/Beginner/3-node-cluster/zookeeper_1/bin/../lib/jetty-io-9.4.24.v20191120.jar:/Users/skedlayah/Documents/Code/Kafka-exp/Beginner/3-node-cluster/zookeeper_1/bin/../lib/jetty-http-9.4.24.v20191120.jar:/Users/skedlayah/Documents/Code/Kafka-exp/Beginner/3-node-cluster/zookeeper_1/bin/../lib/javax.servlet-api-3.1.0.jar:/Users/skedlayah/Documents/Code/Kafka-exp/Beginner/3-node-cluster/zookeeper_1/bin/../lib/jackson-databind-2.9.10.2.jar:/Users/skedlayah/Documents/Code/Kafka-exp/Beginner/3-node-cluster/zookeeper_1/bin/../lib/jackson-core-2.9.10.jar:/Users/skedlayah/Documents/Code/Kafka-exp/Beginner/3-node-cluster/zookeeper_1/bin/../lib/jackson-annotations-2.9.10.jar:/Users/skedlayah/Documents/Code/Kafka-exp/Beginner/3-node-cluster/zookeeper_1/bin/../lib/commons-cli-1.2.jar:/Users/skedlayah/Documents/Code/Kafka-exp/Beginner/3-node-cluster/zookeeper_1/bin/../lib/audience-annotations-0.5.0.jar:/Users/skedlayah/Documents/Code/Kafka-exp/Beginner/3-node-cluster/zookeeper_1/bin/../zookeeper-*.jar:/Users/skedlayah/Documents/Code/Kafka-exp/Beginner/3-node-cluster/zookeeper_1/bin/../zookeeper-server/src/main/resources/lib/*.jar:/Users/skedlayah/Documents/Code/Kafka-exp/Beginner/3-node-cluster/zookeeper_1/bin/../conf:
2021-10-13 21:34:20,837 [myid:1] - INFO  [QuorumPeer[myid=1](plain=[0:0:0:0:0:0:0:0]:2181)(secure=disabled):Environment@109] - Server environment:java.library.path=/Users/skedlayah/Library/Java/Extensions:/Library/Java/Extensions:/Network/Library/Java/Extensions:/System/Library/Java/Extensions:/usr/lib/java:.
2021-10-13 21:34:20,837 [myid:1] - INFO  [QuorumPeer[myid=1](plain=[0:0:0:0:0:0:0:0]:2181)(secure=disabled):Environment@109] - Server environment:java.io.tmpdir=/var/folders/zm/vhf2w0_55yg9yn5_vm6b16pw0000gp/T/
2021-10-13 21:34:20,837 [myid:1] - INFO  [QuorumPeer[myid=1](plain=[0:0:0:0:0:0:0:0]:2181)(secure=disabled):Environment@109] - Server environment:java.compiler=<NA>
2021-10-13 21:34:20,837 [myid:1] - INFO  [QuorumPeer[myid=1](plain=[0:0:0:0:0:0:0:0]:2181)(secure=disabled):Environment@109] - Server environment:os.name=Mac OS X
2021-10-13 21:34:20,837 [myid:1] - INFO  [QuorumPeer[myid=1](plain=[0:0:0:0:0:0:0:0]:2181)(secure=disabled):Environment@109] - Server environment:os.arch=x86_64
2021-10-13 21:34:20,837 [myid:1] - INFO  [QuorumPeer[myid=1](plain=[0:0:0:0:0:0:0:0]:2181)(secure=disabled):Environment@109] - Server environment:os.version=10.16
2021-10-13 21:34:20,837 [myid:1] - INFO  [QuorumPeer[myid=1](plain=[0:0:0:0:0:0:0:0]:2181)(secure=disabled):Environment@109] - Server environment:user.name=skedlayah
2021-10-13 21:34:20,837 [myid:1] - INFO  [QuorumPeer[myid=1](plain=[0:0:0:0:0:0:0:0]:2181)(secure=disabled):Environment@109] - Server environment:user.home=/Users/skedlayah
2021-10-13 21:34:20,837 [myid:1] - INFO  [QuorumPeer[myid=1](plain=[0:0:0:0:0:0:0:0]:2181)(secure=disabled):Environment@109] - Server environment:user.dir=/Users/skedlayah/Documents/Code/Kafka-exp/Beginner/3-node-cluster/zookeeper_1
2021-10-13 21:34:20,837 [myid:1] - INFO  [QuorumPeer[myid=1](plain=[0:0:0:0:0:0:0:0]:2181)(secure=disabled):Environment@109] - Server environment:os.memory.free=408MB
2021-10-13 21:34:20,838 [myid:1] - INFO  [QuorumPeer[myid=1](plain=[0:0:0:0:0:0:0:0]:2181)(secure=disabled):Environment@109] - Server environment:os.memory.max=889MB
2021-10-13 21:34:20,838 [myid:1] - INFO  [QuorumPeer[myid=1](plain=[0:0:0:0:0:0:0:0]:2181)(secure=disabled):Environment@109] - Server environment:os.memory.total=491MB
2021-10-13 21:34:20,838 [myid:1] - INFO  [QuorumPeer[myid=1](plain=[0:0:0:0:0:0:0:0]:2181)(secure=disabled):ZooKeeperServer@938] - minSessionTimeout set to 4000
2021-10-13 21:34:20,839 [myid:1] - INFO  [QuorumPeer[myid=1](plain=[0:0:0:0:0:0:0:0]:2181)(secure=disabled):ZooKeeperServer@947] - maxSessionTimeout set to 40000
2021-10-13 21:34:20,839 [myid:1] - INFO  [QuorumPeer[myid=1](plain=[0:0:0:0:0:0:0:0]:2181)(secure=disabled):ZooKeeperServer@166] - Created server with tickTime 2000 minSessionTimeout 4000 maxSessionTimeout 40000 datadir /Users/skedlayah/Documents/Code/Kafka-exp/Beginner/3-node-cluster/data/zookeeper_1/version-2 snapdir /Users/skedlayah/Documents/Code/Kafka-exp/Beginner/3-node-cluster/data/zookeeper_1/version-2
2021-10-13 21:34:20,840 [myid:1] - INFO  [QuorumPeer[myid=1](plain=[0:0:0:0:0:0:0:0]:2181)(secure=disabled):Leader@464] - LEADING - LEADER ELECTION TOOK - 13 MS
2021-10-13 21:34:20,841 [myid:1] - INFO  [QuorumPeer[myid=1](plain=[0:0:0:0:0:0:0:0]:2181)(secure=disabled):FileTxnSnapLog@404] - Snapshotting: 0x200000000 to /Users/skedlayah/Documents/Code/Kafka-exp/Beginner/3-node-cluster/data/zookeeper_1/version-2/snapshot.200000000
2021-10-13 21:34:21,046 [myid:1] - INFO  [LearnerHandler-/127.0.0.1:49477:LearnerHandler@406] - Follower sid: 2 : info : localhost:2888:3888:participant
2021-10-13 21:34:21,050 [myid:1] - INFO  [LearnerHandler-/127.0.0.1:49477:ZKDatabase@295] - On disk txn sync enabled with snapshotSizeFactor 0.33
2021-10-13 21:34:21,051 [myid:1] - INFO  [LearnerHandler-/127.0.0.1:49477:LearnerHandler@708] - Synchronizing with Follower sid: 2 maxCommittedLog=0x0 minCommittedLog=0x0 lastProcessedZxid=0x200000000 peerLastZxid=0x100000000
2021-10-13 21:34:21,052 [myid:1] - INFO  [LearnerHandler-/127.0.0.1:49477:LearnerHandler@463] - Sending snapshot last zxid of peer is 0x100000000, zxid of leader is 0x300000000, send zxid of db as 0x200000000, 1 concurrent snapshots, snapshot was exempt from throttle
2021-10-13 21:34:21,058 [myid:1] - INFO  [QuorumPeer[myid=1](plain=[0:0:0:0:0:0:0:0]:2181)(secure=disabled):Leader@1296] - Have quorum of supporters, sids: [ [1, 2],[1, 2] ]; starting up and setting last processed zxid: 0x300000000
2021-10-13 21:34:21,063 [myid:1] - INFO  [QuorumPeer[myid=1](plain=[0:0:0:0:0:0:0:0]:2181)(secure=disabled):CommitProcessor@256] - Configuring CommitProcessor with 16 worker threads.
2021-10-13 21:34:21,068 [myid:1] - INFO  [QuorumPeer[myid=1](plain=[0:0:0:0:0:0:0:0]:2181)(secure=disabled):ContainerManager@64] - Using checkIntervalMs=60000 maxPerMinute=10000
2021-10-13 21:34:26,253 [myid:1] - INFO  [localhost/127.0.0.1:3788:QuorumCnxManager$Listener@924] - Received connection request 127.0.0.1:49480
2021-10-13 21:34:26,256 [myid:1] - INFO  [WorkerReceiver[myid=1]:FastLeaderElection@679] - Notification: 2 (message format version), 3 (n.leader), 0x100000000 (n.zxid), 0x1 (n.round), LOOKING (n.state), 3 (n.sid), 0x2 (n.peerEPoch), LEADING (my state)0 (n.config version)
2021-10-13 21:34:26,259 [myid:1] - INFO  [WorkerReceiver[myid=1]:FastLeaderElection@679] - Notification: 2 (message format version), 1 (n.leader), 0x200000000 (n.zxid), 0x1 (n.round), LOOKING (n.state), 3 (n.sid), 0x2 (n.peerEPoch), LEADING (my state)0 (n.config version)
2021-10-13 21:34:26,274 [myid:1] - INFO  [LearnerHandler-/127.0.0.1:49482:LearnerHandler@406] - Follower sid: 3 : info : localhost:2988:3988:participant
2021-10-13 21:34:26,276 [myid:1] - INFO  [LearnerHandler-/127.0.0.1:49482:ZKDatabase@295] - On disk txn sync enabled with snapshotSizeFactor 0.33
2021-10-13 21:34:26,276 [myid:1] - INFO  [LearnerHandler-/127.0.0.1:49482:LearnerHandler@708] - Synchronizing with Follower sid: 3 maxCommittedLog=0x0 minCommittedLog=0x0 lastProcessedZxid=0x300000000 peerLastZxid=0x100000000
2021-10-13 21:34:26,277 [myid:1] - INFO  [LearnerHandler-/127.0.0.1:49482:LearnerHandler@463] - Sending snapshot last zxid of peer is 0x100000000, zxid of leader is 0x300000000, send zxid of db as 0x300000000, 1 concurrent snapshots, snapshot was exempt from throttle
2021-10-13 21:36:08,557 [myid:1] - INFO  [SyncThread:1:FileTxnLog@218] - Creating new log file: log.300000001
2021-10-13 21:37:06,954 [myid:1] - INFO  [NIOWorkerThread-8:FourLetterCommands@234] - The list of known four letter word commands is : [{1936881266=srvr, 1937006964=stat, 2003003491=wchc, 1685417328=dump, 1668445044=crst, 1936880500=srst, 1701738089=envi, 1668247142=conf, -720899=telnet close, 2003003507=wchs, 2003003504=wchp, 1684632179=dirs, 1668247155=cons, 1835955314=mntr, 1769173615=isro, 1920298859=ruok, 1735683435=gtmk, 1937010027=stmk}]
2021-10-13 21:37:06,955 [myid:1] - INFO  [NIOWorkerThread-8:FourLetterCommands@235] - The list of enabled four letter word commands is : [[wchs, stat, wchp, dirs, stmk, conf, ruok, mntr, srvr, wchc, envi, srst, isro, dump, gtmk, telnet close, crst, cons]]
2021-10-13 21:37:06,955 [myid:1] - INFO  [NIOWorkerThread-8:NIOServerCnxn@518] - Processing dump command from /0:0:0:0:0:0:0:1:49534
2021-10-13 22:33:35,250 [myid:1] - INFO  [qtp127618319-91:TypeUtil@201] - JVM Runtime does not support Modules
2021-10-13 23:59:00,552 [myid:1] - INFO  [NIOWorkerThread-25:NIOServerCnxn@518] - Processing dump command from /0:0:0:0:0:0:0:1:51182
2021-10-13 23:59:28,255 [myid:1] - INFO  [NIOWorkerThread-4:NIOServerCnxn@518] - Processing stat command from /0:0:0:0:0:0:0:1:51186
2021-10-13 23:59:28,255 [myid:1] - INFO  [NIOWorkerThread-4:StatCommand@53] - Stat command output
2021-10-14 08:07:35,888 [myid:1] - INFO  [NIOWorkerThread-1:NIOServerCnxn@518] - Processing stat command from /0:0:0:0:0:0:0:1:52028
2021-10-14 08:07:35,889 [myid:1] - INFO  [NIOWorkerThread-1:StatCommand@53] - Stat command output
2021-10-14 08:07:43,030 [myid:1] - INFO  [NIOWorkerThread-6:NIOServerCnxn@518] - Processing dump command from /0:0:0:0:0:0:0:1:52030
2021-10-15 07:00:08,219 [myid:1] - INFO  [SessionTracker:ZooKeeperServer@398] - Expiring session 0x100000385fd0000, timeout of 18000ms exceeded
2021-10-15 07:00:08,478 [myid:1] - ERROR [LearnerHandler-/127.0.0.1:49482:LearnerHandler@629] - Unexpected exception causing shutdown while sock still open
java.net.SocketTimeoutException: Read timed out
	at java.net.SocketInputStream.socketRead0(Native Method)
	at java.net.SocketInputStream.socketRead(SocketInputStream.java:116)
	at java.net.SocketInputStream.read(SocketInputStream.java:171)
	at java.net.SocketInputStream.read(SocketInputStream.java:141)
	at java.io.BufferedInputStream.fill(BufferedInputStream.java:246)
	at java.io.BufferedInputStream.read(BufferedInputStream.java:265)
	at java.io.DataInputStream.readInt(DataInputStream.java:387)
	at org.apache.jute.BinaryInputArchive.readInt(BinaryInputArchive.java:84)
	at org.apache.zookeeper.server.quorum.QuorumPacket.deserialize(QuorumPacket.java:85)
	at org.apache.jute.BinaryInputArchive.readRecord(BinaryInputArchive.java:118)
	at org.apache.zookeeper.server.quorum.LearnerHandler.run(LearnerHandler.java:539)
2021-10-15 07:00:08,478 [myid:1] - ERROR [LearnerHandler-/127.0.0.1:49477:LearnerHandler@629] - Unexpected exception causing shutdown while sock still open
java.net.SocketTimeoutException: Read timed out
	at java.net.SocketInputStream.socketRead0(Native Method)
	at java.net.SocketInputStream.socketRead(SocketInputStream.java:116)
	at java.net.SocketInputStream.read(SocketInputStream.java:171)
	at java.net.SocketInputStream.read(SocketInputStream.java:141)
	at java.io.BufferedInputStream.fill(BufferedInputStream.java:246)
	at java.io.BufferedInputStream.read(BufferedInputStream.java:265)
	at java.io.DataInputStream.readInt(DataInputStream.java:387)
	at org.apache.jute.BinaryInputArchive.readInt(BinaryInputArchive.java:84)
	at org.apache.zookeeper.server.quorum.QuorumPacket.deserialize(QuorumPacket.java:85)
	at org.apache.jute.BinaryInputArchive.readRecord(BinaryInputArchive.java:118)
	at org.apache.zookeeper.server.quorum.LearnerHandler.run(LearnerHandler.java:539)
2021-10-15 07:00:08,491 [myid:1] - INFO  [SessionTracker:QuorumZooKeeperServer@157] - Submitting global closeSession request for session 0x100000385fd0000
2021-10-15 07:00:08,505 [myid:1] - WARN  [LearnerHandler-/127.0.0.1:49482:LearnerHandler@644] - ******* GOODBYE /127.0.0.1:49482 ********
2021-10-15 07:00:08,505 [myid:1] - WARN  [LearnerHandler-/127.0.0.1:49477:LearnerHandler@644] - ******* GOODBYE /127.0.0.1:49477 ********
2021-10-15 07:00:08,507 [myid:1] - INFO  [SessionTracker:ZooKeeperServer@398] - Expiring session 0x200000385f80001, timeout of 18000ms exceeded
2021-10-15 07:00:08,508 [myid:1] - INFO  [SessionTracker:QuorumZooKeeperServer@157] - Submitting global closeSession request for session 0x200000385f80001
2021-10-15 07:00:08,512 [myid:1] - INFO  [SessionTracker:ZooKeeperServer@398] - Expiring session 0x30000039a600000, timeout of 18000ms exceeded
2021-10-15 07:00:08,513 [myid:1] - INFO  [SessionTracker:QuorumZooKeeperServer@157] - Submitting global closeSession request for session 0x30000039a600000
2021-10-15 07:00:09,132 [myid:1] - INFO  [QuorumPeer[myid=1](plain=[0:0:0:0:0:0:0:0]:2181)(secure=disabled):Leader@676] - Shutting down
2021-10-15 07:00:09,132 [myid:1] - INFO  [QuorumPeer[myid=1](plain=[0:0:0:0:0:0:0:0]:2181)(secure=disabled):Leader@682] - Shutdown called
java.lang.Exception: shutdown Leader! reason: Not sufficient followers synced, only synced with sids: [ [1],[1] ]
	at org.apache.zookeeper.server.quorum.Leader.shutdown(Leader.java:682)
	at org.apache.zookeeper.server.quorum.Leader.lead(Leader.java:662)
	at org.apache.zookeeper.server.quorum.QuorumPeer.run(QuorumPeer.java:1266)
2021-10-15 07:00:09,135 [myid:1] - INFO  [LearnerCnxAcceptor-localhost/127.0.0.1:2788:Leader$LearnerCnxAcceptor@408] - exception while shutting down acceptor: java.net.SocketException: Socket closed
2021-10-15 07:00:09,139 [myid:1] - INFO  [QuorumPeer[myid=1](plain=[0:0:0:0:0:0:0:0]:2181)(secure=disabled):ZooKeeperServer@558] - shutting down
2021-10-15 07:00:09,139 [myid:1] - INFO  [QuorumPeer[myid=1](plain=[0:0:0:0:0:0:0:0]:2181)(secure=disabled):SessionTrackerImpl@237] - Shutting down
2021-10-15 07:00:09,139 [myid:1] - INFO  [QuorumPeer[myid=1](plain=[0:0:0:0:0:0:0:0]:2181)(secure=disabled):LeaderRequestProcessor@77] - Shutting down
2021-10-15 07:00:09,139 [myid:1] - INFO  [QuorumPeer[myid=1](plain=[0:0:0:0:0:0:0:0]:2181)(secure=disabled):PrepRequestProcessor@1007] - Shutting down
2021-10-15 07:00:09,140 [myid:1] - INFO  [QuorumPeer[myid=1](plain=[0:0:0:0:0:0:0:0]:2181)(secure=disabled):ProposalRequestProcessor@88] - Shutting down
2021-10-15 07:00:09,140 [myid:1] - INFO  [QuorumPeer[myid=1](plain=[0:0:0:0:0:0:0:0]:2181)(secure=disabled):CommitProcessor@362] - Shutting down
2021-10-15 07:00:09,140 [myid:1] - INFO  [ProcessThread(sid:1 cport:-1)::PrepRequestProcessor@155] - PrepRequestProcessor exited loop!
2021-10-15 07:00:09,141 [myid:1] - INFO  [CommitProcessor:1:CommitProcessor@195] - CommitProcessor exited loop!
2021-10-15 07:00:09,143 [myid:1] - INFO  [QuorumPeer[myid=1](plain=[0:0:0:0:0:0:0:0]:2181)(secure=disabled):Leader$ToBeAppliedRequestProcessor@976] - Shutting down
2021-10-15 07:00:09,143 [myid:1] - INFO  [QuorumPeer[myid=1](plain=[0:0:0:0:0:0:0:0]:2181)(secure=disabled):FinalRequestProcessor@514] - shutdown of request processor complete
2021-10-15 07:00:09,143 [myid:1] - INFO  [QuorumPeer[myid=1](plain=[0:0:0:0:0:0:0:0]:2181)(secure=disabled):SyncRequestProcessor@191] - Shutting down
2021-10-15 07:00:09,143 [myid:1] - INFO  [SyncThread:1:SyncRequestProcessor@169] - SyncRequestProcessor exited!
2021-10-15 07:00:09,729 [myid:1] - WARN  [QuorumPeer[myid=1](plain=[0:0:0:0:0:0:0:0]:2181)(secure=disabled):QuorumPeer@1300] - PeerState set to LOOKING
2021-10-15 07:00:09,730 [myid:1] - INFO  [QuorumPeer[myid=1](plain=[0:0:0:0:0:0:0:0]:2181)(secure=disabled):QuorumPeer@1175] - LOOKING
2021-10-15 07:00:09,736 [myid:1] - INFO  [QuorumPeer[myid=1](plain=[0:0:0:0:0:0:0:0]:2181)(secure=disabled):FastLeaderElection@885] - New election. My id =  1, proposed zxid=0x3000000ca
2021-10-15 07:00:10,895 [myid:1] - INFO  [QuorumPeer[myid=1](plain=[0:0:0:0:0:0:0:0]:2181)(secure=disabled):FastLeaderElection@919] - Notification time out: 400
2021-10-15 07:00:10,895 [myid:1] - INFO  [WorkerReceiver[myid=1]:FastLeaderElection@679] - Notification: 2 (message format version), 1 (n.leader), 0x3000000ca (n.zxid), 0x2 (n.round), LOOKING (n.state), 1 (n.sid), 0x3 (n.peerEPoch), LOOKING (my state)0 (n.config version)
2021-10-15 07:00:10,900 [myid:1] - INFO  [WorkerReceiver[myid=1]:FastLeaderElection@679] - Notification: 2 (message format version), 2 (n.leader), 0x3000000c7 (n.zxid), 0x2 (n.round), LOOKING (n.state), 2 (n.sid), 0x3 (n.peerEPoch), LOOKING (my state)0 (n.config version)
2021-10-15 07:00:10,900 [myid:1] - INFO  [WorkerReceiver[myid=1]:FastLeaderElection@679] - Notification: 2 (message format version), 1 (n.leader), 0x3000000ca (n.zxid), 0x2 (n.round), LOOKING (n.state), 1 (n.sid), 0x3 (n.peerEPoch), LOOKING (my state)0 (n.config version)
2021-10-15 07:00:10,902 [myid:1] - INFO  [WorkerReceiver[myid=1]:FastLeaderElection@679] - Notification: 2 (message format version), 2 (n.leader), 0x3000000c7 (n.zxid), 0x2 (n.round), LOOKING (n.state), 2 (n.sid), 0x3 (n.peerEPoch), LOOKING (my state)0 (n.config version)
2021-10-15 07:00:10,902 [myid:1] - INFO  [WorkerReceiver[myid=1]:FastLeaderElection@679] - Notification: 2 (message format version), 1 (n.leader), 0x3000000ca (n.zxid), 0x2 (n.round), LOOKING (n.state), 2 (n.sid), 0x3 (n.peerEPoch), LOOKING (my state)0 (n.config version)
2021-10-15 07:00:10,903 [myid:1] - INFO  [WorkerReceiver[myid=1]:FastLeaderElection@679] - Notification: 2 (message format version), 3 (n.leader), 0x3000000c7 (n.zxid), 0x2 (n.round), LOOKING (n.state), 3 (n.sid), 0x3 (n.peerEPoch), LOOKING (my state)0 (n.config version)
2021-10-15 07:00:10,903 [myid:1] - INFO  [WorkerReceiver[myid=1]:FastLeaderElection@679] - Notification: 2 (message format version), 1 (n.leader), 0x3000000ca (n.zxid), 0x2 (n.round), LOOKING (n.state), 3 (n.sid), 0x3 (n.peerEPoch), LOOKING (my state)0 (n.config version)
2021-10-15 07:00:10,992 [myid:1] - INFO  [SessionTracker:SessionTrackerImpl@163] - SessionTrackerImpl exited loop!
2021-10-15 07:00:11,104 [myid:1] - INFO  [QuorumPeer[myid=1](plain=[0:0:0:0:0:0:0:0]:2181)(secure=disabled):QuorumPeer@1263] - LEADING
2021-10-15 07:00:11,104 [myid:1] - INFO  [QuorumPeer[myid=1](plain=[0:0:0:0:0:0:0:0]:2181)(secure=disabled):ZooKeeperServer@938] - minSessionTimeout set to 4000
2021-10-15 07:00:11,104 [myid:1] - INFO  [QuorumPeer[myid=1](plain=[0:0:0:0:0:0:0:0]:2181)(secure=disabled):ZooKeeperServer@947] - maxSessionTimeout set to 40000
2021-10-15 07:00:11,104 [myid:1] - INFO  [QuorumPeer[myid=1](plain=[0:0:0:0:0:0:0:0]:2181)(secure=disabled):ZooKeeperServer@166] - Created server with tickTime 2000 minSessionTimeout 4000 maxSessionTimeout 40000 datadir /Users/skedlayah/Documents/Code/Kafka-exp/Beginner/3-node-cluster/data/zookeeper_1/version-2 snapdir /Users/skedlayah/Documents/Code/Kafka-exp/Beginner/3-node-cluster/data/zookeeper_1/version-2
2021-10-15 07:00:11,105 [myid:1] - INFO  [QuorumPeer[myid=1](plain=[0:0:0:0:0:0:0:0]:2181)(secure=disabled):Leader@464] - LEADING - LEADER ELECTION TOOK - 1 MS
2021-10-15 07:00:11,106 [myid:1] - INFO  [QuorumPeer[myid=1](plain=[0:0:0:0:0:0:0:0]:2181)(secure=disabled):FileTxnSnapLog@404] - Snapshotting: 0x3000000ca to /Users/skedlayah/Documents/Code/Kafka-exp/Beginner/3-node-cluster/data/zookeeper_1/version-2/snapshot.3000000ca
2021-10-15 07:00:11,692 [myid:1] - INFO  [LearnerHandler-/127.0.0.1:52064:LearnerHandler@406] - Follower sid: 2 : info : localhost:2888:3888:participant
2021-10-15 07:00:11,782 [myid:1] - WARN  [NIOWorkerThread-9:NIOServerCnxn@370] - Exception causing close of session 0x0: ZooKeeperServer not running
2021-10-15 07:00:11,782 [myid:1] - INFO  [LearnerHandler-/127.0.0.1:52064:ZKDatabase@295] - On disk txn sync enabled with snapshotSizeFactor 0.33
2021-10-15 07:00:11,782 [myid:1] - INFO  [LearnerHandler-/127.0.0.1:52064:LearnerHandler@708] - Synchronizing with Follower sid: 2 maxCommittedLog=0x3000000ca minCommittedLog=0x300000001 lastProcessedZxid=0x3000000ca peerLastZxid=0x3000000c7
2021-10-15 07:00:11,782 [myid:1] - INFO  [LearnerHandler-/127.0.0.1:52064:LearnerHandler@769] - Using committedLog for peer sid: 2
2021-10-15 07:00:11,783 [myid:1] - INFO  [LearnerHandler-/127.0.0.1:52064:LearnerHandler@859] - Sending DIFF zxid=0x3000000ca for peer sid: 2
2021-10-15 07:00:11,791 [myid:1] - INFO  [QuorumPeer[myid=1](plain=[0:0:0:0:0:0:0:0]:2181)(secure=disabled):Leader@1296] - Have quorum of supporters, sids: [ [1, 2],[1, 2] ]; starting up and setting last processed zxid: 0x400000000
2021-10-15 07:00:11,792 [myid:1] - INFO  [QuorumPeer[myid=1](plain=[0:0:0:0:0:0:0:0]:2181)(secure=disabled):CommitProcessor@256] - Configuring CommitProcessor with 16 worker threads.
2021-10-15 07:00:11,796 [myid:1] - INFO  [QuorumPeer[myid=1](plain=[0:0:0:0:0:0:0:0]:2181)(secure=disabled):ContainerManager@64] - Using checkIntervalMs=60000 maxPerMinute=10000
2021-10-15 07:00:12,179 [myid:1] - INFO  [NIOWorkerThread-10:ZooKeeperServer@762] - Invalid session 0x200000385f80001 for client /0:0:0:0:0:0:0:1:52071, probably expired
2021-10-15 12:03:17,972 [myid:1] - INFO  [LearnerHandler-/127.0.0.1:52075:LearnerHandler@406] - Follower sid: 3 : info : localhost:2988:3988:participant
2021-10-15 12:03:17,976 [myid:1] - INFO  [NIOWorkerThread-12:ZooKeeperServer@762] - Invalid session 0x100000385fd0000 for client /127.0.0.1:52081, probably expired
2021-10-15 12:03:17,979 [myid:1] - INFO  [LearnerHandler-/127.0.0.1:52075:ZKDatabase@295] - On disk txn sync enabled with snapshotSizeFactor 0.33
2021-10-15 12:03:17,981 [myid:1] - INFO  [LearnerHandler-/127.0.0.1:52075:LearnerHandler@708] - Synchronizing with Follower sid: 3 maxCommittedLog=0x40000002f minCommittedLog=0x300000001 lastProcessedZxid=0x40000002f peerLastZxid=0x3000000c7
2021-10-15 12:03:17,981 [myid:1] - INFO  [LearnerHandler-/127.0.0.1:52075:LearnerHandler@769] - Using committedLog for peer sid: 3
2021-10-15 12:03:17,984 [myid:1] - INFO  [LearnerHandler-/127.0.0.1:52075:LearnerHandler@859] - Sending DIFF zxid=0x40000002f for peer sid: 3
2021-10-19 21:28:10,212 [myid:1] - ERROR [LearnerHandler-/127.0.0.1:52064:LearnerHandler@629] - Unexpected exception causing shutdown while sock still open
java.net.SocketTimeoutException: Read timed out
	at java.net.SocketInputStream.socketRead0(Native Method)
	at java.net.SocketInputStream.socketRead(SocketInputStream.java:116)
	at java.net.SocketInputStream.read(SocketInputStream.java:171)
	at java.net.SocketInputStream.read(SocketInputStream.java:141)
	at java.io.BufferedInputStream.fill(BufferedInputStream.java:246)
	at java.io.BufferedInputStream.read(BufferedInputStream.java:265)
	at java.io.DataInputStream.readInt(DataInputStream.java:387)
	at org.apache.jute.BinaryInputArchive.readInt(BinaryInputArchive.java:84)
	at org.apache.zookeeper.server.quorum.QuorumPacket.deserialize(QuorumPacket.java:85)
	at org.apache.jute.BinaryInputArchive.readRecord(BinaryInputArchive.java:118)
	at org.apache.zookeeper.server.quorum.LearnerHandler.run(LearnerHandler.java:539)
2021-10-19 21:28:10,214 [myid:1] - ERROR [LearnerHandler-/127.0.0.1:52075:LearnerHandler@629] - Unexpected exception causing shutdown while sock still open
java.net.SocketTimeoutException: Read timed out
	at java.net.SocketInputStream.socketRead0(Native Method)
	at java.net.SocketInputStream.socketRead(SocketInputStream.java:116)
	at java.net.SocketInputStream.read(SocketInputStream.java:171)
	at java.net.SocketInputStream.read(SocketInputStream.java:141)
	at java.io.BufferedInputStream.fill(BufferedInputStream.java:246)
	at java.io.BufferedInputStream.read(BufferedInputStream.java:265)
	at java.io.DataInputStream.readInt(DataInputStream.java:387)
	at org.apache.jute.BinaryInputArchive.readInt(BinaryInputArchive.java:84)
	at org.apache.zookeeper.server.quorum.QuorumPacket.deserialize(QuorumPacket.java:85)
	at org.apache.jute.BinaryInputArchive.readRecord(BinaryInputArchive.java:118)
	at org.apache.zookeeper.server.quorum.LearnerHandler.run(LearnerHandler.java:539)
2021-10-19 21:28:10,576 [myid:1] - WARN  [LearnerHandler-/127.0.0.1:52064:LearnerHandler@644] - ******* GOODBYE /127.0.0.1:52064 ********
2021-10-19 21:28:10,576 [myid:1] - WARN  [LearnerHandler-/127.0.0.1:52075:LearnerHandler@644] - ******* GOODBYE /127.0.0.1:52075 ********
2021-10-19 21:28:10,579 [myid:1] - WARN  [NIOWorkerThread-22:NIOServerCnxn@366] - Unable to read additional data from client sessionid 0x100035122240001, likely client has closed socket
2021-10-19 21:28:10,579 [myid:1] - WARN  [NIOWorkerThread-23:NIOServerCnxn@366] - Unable to read additional data from client sessionid 0x100035122240000, likely client has closed socket
2021-10-19 21:28:10,594 [myid:1] - INFO  [WorkerReceiver[myid=1]:FastLeaderElection@679] - Notification: 2 (message format version), 2 (n.leader), 0x40000005e (n.zxid), 0x3 (n.round), LOOKING (n.state), 2 (n.sid), 0x4 (n.peerEPoch), LEADING (my state)0 (n.config version)
2021-10-19 21:28:10,597 [myid:1] - INFO  [WorkerReceiver[myid=1]:FastLeaderElection@679] - Notification: 2 (message format version), 3 (n.leader), 0x40000005e (n.zxid), 0x3 (n.round), LOOKING (n.state), 3 (n.sid), 0x4 (n.peerEPoch), LEADING (my state)0 (n.config version)
2021-10-19 21:28:10,597 [myid:1] - INFO  [WorkerReceiver[myid=1]:FastLeaderElection@679] - Notification: 2 (message format version), 3 (n.leader), 0x40000005e (n.zxid), 0x3 (n.round), LOOKING (n.state), 2 (n.sid), 0x4 (n.peerEPoch), LEADING (my state)0 (n.config version)
2021-10-19 21:28:11,221 [myid:1] - INFO  [QuorumPeer[myid=1](plain=[0:0:0:0:0:0:0:0]:2181)(secure=disabled):Leader@676] - Shutting down
2021-10-19 21:28:11,222 [myid:1] - INFO  [QuorumPeer[myid=1](plain=[0:0:0:0:0:0:0:0]:2181)(secure=disabled):Leader@682] - Shutdown called
java.lang.Exception: shutdown Leader! reason: Not sufficient followers synced, only synced with sids: [ [1],[1] ]
	at org.apache.zookeeper.server.quorum.Leader.shutdown(Leader.java:682)
	at org.apache.zookeeper.server.quorum.Leader.lead(Leader.java:662)
	at org.apache.zookeeper.server.quorum.QuorumPeer.run(QuorumPeer.java:1266)
2021-10-19 21:28:11,222 [myid:1] - INFO  [QuorumPeer[myid=1](plain=[0:0:0:0:0:0:0:0]:2181)(secure=disabled):ZooKeeperServer@558] - shutting down
2021-10-19 21:28:11,222 [myid:1] - INFO  [QuorumPeer[myid=1](plain=[0:0:0:0:0:0:0:0]:2181)(secure=disabled):SessionTrackerImpl@237] - Shutting down
2021-10-19 21:28:11,223 [myid:1] - INFO  [LearnerCnxAcceptor-localhost/127.0.0.1:2788:Leader$LearnerCnxAcceptor@408] - exception while shutting down acceptor: java.net.SocketException: Socket closed
2021-10-19 21:28:11,223 [myid:1] - INFO  [QuorumPeer[myid=1](plain=[0:0:0:0:0:0:0:0]:2181)(secure=disabled):LeaderRequestProcessor@77] - Shutting down
2021-10-19 21:28:11,223 [myid:1] - INFO  [QuorumPeer[myid=1](plain=[0:0:0:0:0:0:0:0]:2181)(secure=disabled):PrepRequestProcessor@1007] - Shutting down
2021-10-19 21:28:11,224 [myid:1] - INFO  [QuorumPeer[myid=1](plain=[0:0:0:0:0:0:0:0]:2181)(secure=disabled):ProposalRequestProcessor@88] - Shutting down
2021-10-19 21:28:11,224 [myid:1] - INFO  [QuorumPeer[myid=1](plain=[0:0:0:0:0:0:0:0]:2181)(secure=disabled):CommitProcessor@362] - Shutting down
2021-10-19 21:28:11,224 [myid:1] - INFO  [ProcessThread(sid:1 cport:-1)::PrepRequestProcessor@155] - PrepRequestProcessor exited loop!
2021-10-19 21:28:11,224 [myid:1] - INFO  [CommitProcessor:1:CommitProcessor@195] - CommitProcessor exited loop!
2021-10-19 21:28:11,224 [myid:1] - INFO  [QuorumPeer[myid=1](plain=[0:0:0:0:0:0:0:0]:2181)(secure=disabled):Leader$ToBeAppliedRequestProcessor@976] - Shutting down
2021-10-19 21:28:11,225 [myid:1] - INFO  [QuorumPeer[myid=1](plain=[0:0:0:0:0:0:0:0]:2181)(secure=disabled):FinalRequestProcessor@514] - shutdown of request processor complete
2021-10-19 21:28:11,225 [myid:1] - INFO  [QuorumPeer[myid=1](plain=[0:0:0:0:0:0:0:0]:2181)(secure=disabled):SyncRequestProcessor@191] - Shutting down
2021-10-19 21:28:11,225 [myid:1] - INFO  [SyncThread:1:SyncRequestProcessor@169] - SyncRequestProcessor exited!
2021-10-19 21:28:11,229 [myid:1] - WARN  [QuorumPeer[myid=1](plain=[0:0:0:0:0:0:0:0]:2181)(secure=disabled):QuorumPeer@1300] - PeerState set to LOOKING
2021-10-19 21:28:11,229 [myid:1] - INFO  [QuorumPeer[myid=1](plain=[0:0:0:0:0:0:0:0]:2181)(secure=disabled):QuorumPeer@1175] - LOOKING
2021-10-19 21:28:11,230 [myid:1] - INFO  [QuorumPeer[myid=1](plain=[0:0:0:0:0:0:0:0]:2181)(secure=disabled):FastLeaderElection@885] - New election. My id =  1, proposed zxid=0x40000005e
2021-10-19 21:28:11,230 [myid:1] - INFO  [WorkerReceiver[myid=1]:FastLeaderElection@679] - Notification: 2 (message format version), 1 (n.leader), 0x40000005e (n.zxid), 0x3 (n.round), LOOKING (n.state), 1 (n.sid), 0x4 (n.peerEPoch), LOOKING (my state)0 (n.config version)
2021-10-19 21:28:11,231 [myid:1] - INFO  [WorkerReceiver[myid=1]:FastLeaderElection@679] - Notification: 2 (message format version), 3 (n.leader), 0x40000005e (n.zxid), 0x3 (n.round), FOLLOWING (n.state), 2 (n.sid), 0x4 (n.peerEPoch), LOOKING (my state)0 (n.config version)
2021-10-19 21:28:11,231 [myid:1] - INFO  [WorkerReceiver[myid=1]:FastLeaderElection@679] - Notification: 2 (message format version), 3 (n.leader), 0x40000005e (n.zxid), 0x3 (n.round), LEADING (n.state), 3 (n.sid), 0x4 (n.peerEPoch), LOOKING (my state)0 (n.config version)
2021-10-19 21:28:11,231 [myid:1] - INFO  [QuorumPeer[myid=1](plain=[0:0:0:0:0:0:0:0]:2181)(secure=disabled):QuorumPeer@1251] - FOLLOWING
2021-10-19 21:28:11,238 [myid:1] - INFO  [QuorumPeer[myid=1](plain=[0:0:0:0:0:0:0:0]:2181)(secure=disabled):Learner@91] - TCP NoDelay set to: true
2021-10-19 21:28:11,238 [myid:1] - INFO  [QuorumPeer[myid=1](plain=[0:0:0:0:0:0:0:0]:2181)(secure=disabled):ZooKeeperServer@938] - minSessionTimeout set to 4000
2021-10-19 21:28:11,238 [myid:1] - INFO  [QuorumPeer[myid=1](plain=[0:0:0:0:0:0:0:0]:2181)(secure=disabled):ZooKeeperServer@947] - maxSessionTimeout set to 40000
2021-10-19 21:28:11,239 [myid:1] - INFO  [QuorumPeer[myid=1](plain=[0:0:0:0:0:0:0:0]:2181)(secure=disabled):ZooKeeperServer@166] - Created server with tickTime 2000 minSessionTimeout 4000 maxSessionTimeout 40000 datadir /Users/skedlayah/Documents/Code/Kafka-exp/Beginner/3-node-cluster/data/zookeeper_1/version-2 snapdir /Users/skedlayah/Documents/Code/Kafka-exp/Beginner/3-node-cluster/data/zookeeper_1/version-2
2021-10-19 21:28:11,239 [myid:1] - INFO  [QuorumPeer[myid=1](plain=[0:0:0:0:0:0:0:0]:2181)(secure=disabled):Follower@69] - FOLLOWING - LEADER ELECTION TOOK - 7 MS
2021-10-19 21:28:11,250 [myid:1] - INFO  [QuorumPeer[myid=1](plain=[0:0:0:0:0:0:0:0]:2181)(secure=disabled):Learner@391] - Getting a diff from the leader 0x40000005e
2021-10-19 21:28:11,252 [myid:1] - INFO  [QuorumPeer[myid=1](plain=[0:0:0:0:0:0:0:0]:2181)(secure=disabled):Learner@546] - Learner received NEWLEADER message
2021-10-19 21:28:11,260 [myid:1] - INFO  [QuorumPeer[myid=1](plain=[0:0:0:0:0:0:0:0]:2181)(secure=disabled):Learner@529] - Learner received UPTODATE message
2021-10-19 21:28:11,260 [myid:1] - INFO  [QuorumPeer[myid=1](plain=[0:0:0:0:0:0:0:0]:2181)(secure=disabled):CommitProcessor@256] - Configuring CommitProcessor with 16 worker threads.
2021-10-19 21:28:11,587 [myid:1] - INFO  [NIOWorkerThread-25:Learner@113] - Revalidating client: 0x2000351221f0000
2021-10-19 21:28:11,741 [myid:1] - INFO  [SessionTracker:SessionTrackerImpl@163] - SessionTrackerImpl exited loop!
