2021-10-13 20:31:21,517 [myid:] - INFO  [main:QuorumPeerConfig@135] - Reading configuration from: /Users/skedlayah/Documents/Code/Kafka-exp/Beginner/zookeeper/bin/../conf/zoo.cfg
2021-10-13 20:31:21,520 [myid:] - INFO  [main:QuorumPeerConfig@387] - clientPortAddress is 0.0.0.0:2181
2021-10-13 20:31:21,520 [myid:] - INFO  [main:QuorumPeerConfig@391] - secureClientPort is not set
2021-10-13 20:31:21,522 [myid:] - INFO  [main:DatadirCleanupManager@78] - autopurge.snapRetainCount set to 3
2021-10-13 20:31:21,522 [myid:] - INFO  [main:DatadirCleanupManager@79] - autopurge.purgeInterval set to 0
2021-10-13 20:31:21,522 [myid:] - INFO  [main:DatadirCleanupManager@101] - Purge task is not scheduled.
2021-10-13 20:31:21,522 [myid:] - WARN  [main:QuorumPeerMain@125] - Either no config or no quorum defined in config, running  in standalone mode
2021-10-13 20:31:21,523 [myid:] - INFO  [main:ManagedUtil@46] - Log4j found with jmx enabled.
2021-10-13 20:31:21,530 [myid:] - INFO  [main:QuorumPeerConfig@135] - Reading configuration from: /Users/skedlayah/Documents/Code/Kafka-exp/Beginner/zookeeper/bin/../conf/zoo.cfg
2021-10-13 20:31:21,530 [myid:] - INFO  [main:QuorumPeerConfig@387] - clientPortAddress is 0.0.0.0:2181
2021-10-13 20:31:21,530 [myid:] - INFO  [main:QuorumPeerConfig@391] - secureClientPort is not set
2021-10-13 20:31:21,530 [myid:] - INFO  [main:ZooKeeperServerMain@117] - Starting server
2021-10-13 20:31:21,532 [myid:] - INFO  [main:FileTxnSnapLog@115] - zookeeper.snapshot.trust.empty : false
2021-10-13 20:31:21,538 [myid:] - INFO  [main:Environment@109] - Server environment:zookeeper.version=3.5.7-f0fdd52973d373ffd9c86b81d99842dc2c7f660e, built on 02/10/2020 11:30 GMT
2021-10-13 20:31:21,538 [myid:] - INFO  [main:Environment@109] - Server environment:host.name=192.168.0.108
2021-10-13 20:31:21,539 [myid:] - INFO  [main:Environment@109] - Server environment:java.version=17
2021-10-13 20:31:21,540 [myid:] - INFO  [main:Environment@109] - Server environment:java.vendor=Oracle Corporation
2021-10-13 20:31:21,540 [myid:] - INFO  [main:Environment@109] - Server environment:java.home=/Users/skedlayah/Library/Java/JavaVirtualMachines/openjdk-17/Contents/Home
2021-10-13 20:31:21,540 [myid:] - INFO  [main:Environment@109] - Server environment:java.class.path=/Users/skedlayah/Documents/Code/Kafka-exp/Beginner/zookeeper/bin/../zookeeper-server/target/classes:/Users/skedlayah/Documents/Code/Kafka-exp/Beginner/zookeeper/bin/../build/classes:/Users/skedlayah/Documents/Code/Kafka-exp/Beginner/zookeeper/bin/../zookeeper-server/target/lib/*.jar:/Users/skedlayah/Documents/Code/Kafka-exp/Beginner/zookeeper/bin/../build/lib/*.jar:/Users/skedlayah/Documents/Code/Kafka-exp/Beginner/zookeeper/bin/../lib/zookeeper-jute-3.5.7.jar:/Users/skedlayah/Documents/Code/Kafka-exp/Beginner/zookeeper/bin/../lib/zookeeper-3.5.7.jar:/Users/skedlayah/Documents/Code/Kafka-exp/Beginner/zookeeper/bin/../lib/slf4j-log4j12-1.7.25.jar:/Users/skedlayah/Documents/Code/Kafka-exp/Beginner/zookeeper/bin/../lib/slf4j-api-1.7.25.jar:/Users/skedlayah/Documents/Code/Kafka-exp/Beginner/zookeeper/bin/../lib/netty-transport-native-unix-common-4.1.45.Final.jar:/Users/skedlayah/Documents/Code/Kafka-exp/Beginner/zookeeper/bin/../lib/netty-transport-native-epoll-4.1.45.Final.jar:/Users/skedlayah/Documents/Code/Kafka-exp/Beginner/zookeeper/bin/../lib/netty-transport-4.1.45.Final.jar:/Users/skedlayah/Documents/Code/Kafka-exp/Beginner/zookeeper/bin/../lib/netty-resolver-4.1.45.Final.jar:/Users/skedlayah/Documents/Code/Kafka-exp/Beginner/zookeeper/bin/../lib/netty-handler-4.1.45.Final.jar:/Users/skedlayah/Documents/Code/Kafka-exp/Beginner/zookeeper/bin/../lib/netty-common-4.1.45.Final.jar:/Users/skedlayah/Documents/Code/Kafka-exp/Beginner/zookeeper/bin/../lib/netty-codec-4.1.45.Final.jar:/Users/skedlayah/Documents/Code/Kafka-exp/Beginner/zookeeper/bin/../lib/netty-buffer-4.1.45.Final.jar:/Users/skedlayah/Documents/Code/Kafka-exp/Beginner/zookeeper/bin/../lib/log4j-1.2.17.jar:/Users/skedlayah/Documents/Code/Kafka-exp/Beginner/zookeeper/bin/../lib/json-simple-1.1.1.jar:/Users/skedlayah/Documents/Code/Kafka-exp/Beginner/zookeeper/bin/../lib/jline-2.11.jar:/Users/skedlayah/Documents/Code/Kafka-exp/Beginner/zookeeper/bin/../lib/jetty-util-9.4.24.v20191120.jar:/Users/skedlayah/Documents/Code/Kafka-exp/Beginner/zookeeper/bin/../lib/jetty-servlet-9.4.24.v20191120.jar:/Users/skedlayah/Documents/Code/Kafka-exp/Beginner/zookeeper/bin/../lib/jetty-server-9.4.24.v20191120.jar:/Users/skedlayah/Documents/Code/Kafka-exp/Beginner/zookeeper/bin/../lib/jetty-security-9.4.24.v20191120.jar:/Users/skedlayah/Documents/Code/Kafka-exp/Beginner/zookeeper/bin/../lib/jetty-io-9.4.24.v20191120.jar:/Users/skedlayah/Documents/Code/Kafka-exp/Beginner/zookeeper/bin/../lib/jetty-http-9.4.24.v20191120.jar:/Users/skedlayah/Documents/Code/Kafka-exp/Beginner/zookeeper/bin/../lib/javax.servlet-api-3.1.0.jar:/Users/skedlayah/Documents/Code/Kafka-exp/Beginner/zookeeper/bin/../lib/jackson-databind-2.9.10.2.jar:/Users/skedlayah/Documents/Code/Kafka-exp/Beginner/zookeeper/bin/../lib/jackson-core-2.9.10.jar:/Users/skedlayah/Documents/Code/Kafka-exp/Beginner/zookeeper/bin/../lib/jackson-annotations-2.9.10.jar:/Users/skedlayah/Documents/Code/Kafka-exp/Beginner/zookeeper/bin/../lib/commons-cli-1.2.jar:/Users/skedlayah/Documents/Code/Kafka-exp/Beginner/zookeeper/bin/../lib/audience-annotations-0.5.0.jar:/Users/skedlayah/Documents/Code/Kafka-exp/Beginner/zookeeper/bin/../zookeeper-*.jar:/Users/skedlayah/Documents/Code/Kafka-exp/Beginner/zookeeper/bin/../zookeeper-server/src/main/resources/lib/*.jar:/Users/skedlayah/Documents/Code/Kafka-exp/Beginner/zookeeper/bin/../conf:
2021-10-13 20:31:21,540 [myid:] - INFO  [main:Environment@109] - Server environment:java.library.path=/Users/skedlayah/Library/Java/Extensions:/Library/Java/Extensions:/Network/Library/Java/Extensions:/System/Library/Java/Extensions:/usr/lib/java:.
2021-10-13 20:31:21,540 [myid:] - INFO  [main:Environment@109] - Server environment:java.io.tmpdir=/var/folders/zm/vhf2w0_55yg9yn5_vm6b16pw0000gp/T/
2021-10-13 20:31:21,540 [myid:] - INFO  [main:Environment@109] - Server environment:java.compiler=<NA>
2021-10-13 20:31:21,540 [myid:] - INFO  [main:Environment@109] - Server environment:os.name=Mac OS X
2021-10-13 20:31:21,541 [myid:] - INFO  [main:Environment@109] - Server environment:os.arch=x86_64
2021-10-13 20:31:21,541 [myid:] - INFO  [main:Environment@109] - Server environment:os.version=11.6
2021-10-13 20:31:21,541 [myid:] - INFO  [main:Environment@109] - Server environment:user.name=skedlayah
2021-10-13 20:31:21,541 [myid:] - INFO  [main:Environment@109] - Server environment:user.home=/Users/skedlayah
2021-10-13 20:31:21,541 [myid:] - INFO  [main:Environment@109] - Server environment:user.dir=/Users/skedlayah/Documents/Code/Kafka-exp/Beginner/zookeeper
2021-10-13 20:31:21,541 [myid:] - INFO  [main:Environment@109] - Server environment:os.memory.free=503MB
2021-10-13 20:31:21,541 [myid:] - INFO  [main:Environment@109] - Server environment:os.memory.max=1000MB
2021-10-13 20:31:21,541 [myid:] - INFO  [main:Environment@109] - Server environment:os.memory.total=514MB
2021-10-13 20:31:21,542 [myid:] - INFO  [main:ZooKeeperServer@938] - minSessionTimeout set to 4000
2021-10-13 20:31:21,542 [myid:] - INFO  [main:ZooKeeperServer@947] - maxSessionTimeout set to 40000
2021-10-13 20:31:21,542 [myid:] - INFO  [main:ZooKeeperServer@166] - Created server with tickTime 2000 minSessionTimeout 4000 maxSessionTimeout 40000 datadir /tmp/zookeeper/version-2 snapdir /tmp/zookeeper/version-2
2021-10-13 20:31:21,559 [myid:] - INFO  [main:Log@169] - Logging initialized @309ms to org.eclipse.jetty.util.log.Slf4jLog
2021-10-13 20:31:21,606 [myid:] - WARN  [main:ContextHandler@1520] - o.e.j.s.ServletContextHandler@50b472aa{/,null,UNAVAILABLE} contextPath ends with /*
2021-10-13 20:31:21,607 [myid:] - WARN  [main:ContextHandler@1531] - Empty contextPath
2021-10-13 20:31:21,617 [myid:] - INFO  [main:Server@359] - jetty-9.4.24.v20191120; built: 2019-11-20T21:37:49.771Z; git: 363d5f2df3a8a28de40604320230664b9c793c16; jvm 17+35-2724
2021-10-13 20:31:21,635 [myid:] - INFO  [main:DefaultSessionIdManager@333] - DefaultSessionIdManager workerName=node0
2021-10-13 20:31:21,635 [myid:] - INFO  [main:DefaultSessionIdManager@338] - No SessionScavenger set, using defaults
2021-10-13 20:31:21,636 [myid:] - INFO  [main:HouseKeeper@140] - node0 Scavenging every 660000ms
2021-10-13 20:31:21,642 [myid:] - INFO  [main:ContextHandler@825] - Started o.e.j.s.ServletContextHandler@50b472aa{/,null,AVAILABLE}
2021-10-13 20:31:21,656 [myid:] - INFO  [main:AbstractConnector@330] - Started ServerConnector@15b204a1{HTTP/1.1,[http/1.1]}{0.0.0.0:8080}
2021-10-13 20:31:21,669 [myid:] - INFO  [main:Server@399] - Started @423ms
2021-10-13 20:31:21,670 [myid:] - INFO  [main:JettyAdminServer@112] - Started AdminServer on address 0.0.0.0, port 8080 and command URL /commands
2021-10-13 20:31:21,677 [myid:] - INFO  [main:ServerCnxnFactory@135] - Using org.apache.zookeeper.server.NIOServerCnxnFactory as server connection factory
2021-10-13 20:31:21,679 [myid:] - INFO  [main:NIOServerCnxnFactory@673] - Configuring NIO connection handler with 10s sessionless connection timeout, 2 selector thread(s), 32 worker threads, and 64 kB direct buffers.
2021-10-13 20:31:21,680 [myid:] - INFO  [main:NIOServerCnxnFactory@686] - binding to port 0.0.0.0/0.0.0.0:2181
2021-10-13 20:31:21,687 [myid:] - INFO  [main:ZKDatabase@117] - zookeeper.snapshotSizeFactor = 0.33
2021-10-13 20:31:21,688 [myid:] - INFO  [main:FileSnap@83] - Reading snapshot /tmp/zookeeper/version-2/snapshot.1d
2021-10-13 20:31:21,696 [myid:] - INFO  [main:FileTxnSnapLog@404] - Snapshotting: 0x1d to /tmp/zookeeper/version-2/snapshot.1d
2021-10-13 20:31:21,705 [myid:] - INFO  [main:ContainerManager@64] - Using checkIntervalMs=60000 maxPerMinute=10000
2021-10-13 20:31:31,862 [myid:] - INFO  [NIOWorkerThread-1:FourLetterCommands@234] - The list of known four letter word commands is : [{1936881266=srvr, 1937006964=stat, 2003003491=wchc, 1685417328=dump, 1668445044=crst, 1936880500=srst, 1701738089=envi, 1668247142=conf, -720899=telnet close, 2003003507=wchs, 2003003504=wchp, 1684632179=dirs, 1668247155=cons, 1835955314=mntr, 1769173615=isro, 1920298859=ruok, 1735683435=gtmk, 1937010027=stmk}]
2021-10-13 20:31:31,863 [myid:] - INFO  [NIOWorkerThread-1:FourLetterCommands@235] - The list of enabled four letter word commands is : [[wchs, stat, wchp, dirs, stmk, conf, ruok, mntr, srvr, wchc, envi, srst, isro, dump, gtmk, telnet close, crst, cons]]
2021-10-13 20:31:31,863 [myid:] - INFO  [NIOWorkerThread-1:NIOServerCnxn@518] - Processing srvr command from /127.0.0.1:51042
2021-10-13 20:31:54,641 [myid:] - INFO  [SyncThread:0:FileTxnLog@218] - Creating new log file: log.1e
2021-10-13 20:32:17,391 [myid:] - INFO  [NIOWorkerThread-8:NIOServerCnxn@518] - Processing stat command from /[0:0:0:0:0:0:0:1]:51054
2021-10-13 20:32:17,391 [myid:] - INFO  [NIOWorkerThread-8:StatCommand@53] - Stat command output
2021-10-13 20:33:20,092 [myid:] - INFO  [NIOWorkerThread-9:NIOServerCnxn@518] - Processing srvr command from /127.0.0.1:51058
2021-10-13 20:33:22,643 [myid:] - INFO  [NIOWorkerThread-10:NIOServerCnxn@518] - Processing srvr command from /127.0.0.1:51059
